<?xml version="1.0" encoding="UTF-8"?><testrun duration="12433" footerText="Generated by IntelliJ IDEA on 5/3/22, 5:48 PM" name="jUnit-individual-test-coverage">
    <count name="total" value="150"/>
    <count name="error" value="42"/>
    <count name="failed" value="6"/>
    <count name="ignored" value="1"/>
    <count name="passed" value="101"/>
    <config configId="JUnit" name="jUnit-individual-test-coverage">
        <module name="SimplifyLearning.algorithms.test"/>
        <extension name="coverage" sample_coverage="false" track_test_folders="true"/>
        <option name="PACKAGE_NAME" value=""/>
        <option name="MAIN_CLASS_NAME" value=""/>
        <option name="METHOD_NAME" value=""/>
        <option name="TEST_OBJECT" value="package"/>
        <method v="2">
            <option name="Make" enabled="true"/>
        </method>
    </config>
    <root name="&lt;default package&gt;" location="java:suite://&lt;default package&gt;">
        <output type="stdout">"C:\Program Files\Java\jdk1.8.0_162\bin\java.exe" -ea -javaagent:C:\Users\jdhtl\AppData\Local\JetBrains\IntelliJIdea2021.2\testAgent\intellij-coverage-agent-1.0.589.jar=C:\Users\jdhtl\AppData\Local\Temp\coverage2args -Didea.new.tracing.coverage=true -Dcoverage.ignore.private.constructor.util.class=true -Didea.test.cyclic.buffer.size=1048576 "-javaagent:C:\Program Files\JetBrains\IntelliJ IDEA 2021.2.3\lib\idea_rt.jar=51082:C:\Program Files\JetBrains\IntelliJ IDEA 2021.2.3\bin" -Dfile.encoding=UTF-8 -classpath "C:\Program Files\JetBrains\IntelliJ IDEA 2021.2.3\lib\idea_rt.jar;C:\Program Files\JetBrains\IntelliJ IDEA 2021.2.3\plugins\junit\lib\junit5-rt.jar;C:\Program Files\JetBrains\IntelliJ IDEA 2021.2.3\plugins\junit\lib\junit-rt.jar;C:\Program Files\Java\jdk1.8.0_162\jre\lib\charsets.jar;C:\Program Files\Java\jdk1.8.0_162\jre\lib\deploy.jar;C:\Program Files\Java\jdk1.8.0_162\jre\lib\ext\access-bridge-64.jar;C:\Program Files\Java\jdk1.8.0_162\jre\lib\ext\cldrdata.jar;C:\Program Files\Java\jdk1.8.0_162\jre\lib\ext\dnsns.jar;C:\Program Files\Java\jdk1.8.0_162\jre\lib\ext\jaccess.jar;C:\Program Files\Java\jdk1.8.0_162\jre\lib\ext\jfxrt.jar;C:\Program Files\Java\jdk1.8.0_162\jre\lib\ext\localedata.jar;C:\Program Files\Java\jdk1.8.0_162\jre\lib\ext\nashorn.jar;C:\Program Files\Java\jdk1.8.0_162\jre\lib\ext\sunec.jar;C:\Program Files\Java\jdk1.8.0_162\jre\lib\ext\sunjce_provider.jar;C:\Program Files\Java\jdk1.8.0_162\jre\lib\ext\sunmscapi.jar;C:\Program Files\Java\jdk1.8.0_162\jre\lib\ext\sunpkcs11.jar;C:\Program Files\Java\jdk1.8.0_162\jre\lib\ext\zipfs.jar;C:\Program Files\Java\jdk1.8.0_162\jre\lib\javaws.jar;C:\Program Files\Java\jdk1.8.0_162\jre\lib\jce.jar;C:\Program Files\Java\jdk1.8.0_162\jre\lib\jfr.jar;C:\Program Files\Java\jdk1.8.0_162\jre\lib\jfxswt.jar;C:\Program Files\Java\jdk1.8.0_162\jre\lib\jsse.jar;C:\Program Files\Java\jdk1.8.0_162\jre\lib\management-agent.jar;C:\Program Files\Java\jdk1.8.0_162\jre\lib\plugin.jar;C:\Program Files\Java\jdk1.8.0_162\jre\lib\resources.jar;C:\Program Files\Java\jdk1.8.0_162\jre\lib\rt.jar;C:\repos\testing-project\SimplifyLearning\algorithms\build\classes\java\test;C:\repos\testing-project\SimplifyLearning\algorithms\build\resources\test;C:\repos\testing-project\SimplifyLearning\algorithms\build\classes\java\main;C:\Users\jdhtl\.gradle\caches\modules-2\files-2.1\junit\junit\4.12\2973d150c0dc1fefe998f834810d68f278ea58ec\junit-4.12.jar;C:\Users\jdhtl\.gradle\caches\modules-2\files-2.1\org.hamcrest\hamcrest-core\1.3\42a25dc3219429f0e5d060061f71acb49bf010a0\hamcrest-core-1.3.jar;C:\Program Files\JetBrains\IntelliJ IDEA 2021.2.3\plugins\coverage\lib\coverage_rt.jar" com.intellij.rt.junit.JUnitStarter -ideVersion5 @@C:\Users\jdhtl\AppData\Local\Temp\junit_listeners_ @w@C:\Users\jdhtl\AppData\Local\Temp\idea_working_dirs_junit.tmp @C:\Users\jdhtl\AppData\Local\Temp\idea_junit.tmp -socket51081
</output>
        <output type="stdout">---- IntelliJ IDEA coverage runner ---- 
tracing and tracking per test coverage ...
include patterns:
exclude patterns:
Class transformation time: 0.348203s for 676 classes or 5.150931952662721E-4s per class
</output>
        <output type="stdout">Process finished with exit code -1
</output>
    </root>
    <suite duration="12" locationUrl="java:suite://com.sl.algorithms.core.array.count.CountElementSortedListTest" name="CountElementSortedListTest" status="error">
        <test duration="11" locationUrl="java:test://com.sl.algorithms.core.array.count.CountElementSortedListTest/testCountInLogTime" name="CountElementSortedListTest.testCountInLogTime" status="error">
            <output type="stderr">java.lang.ArrayIndexOutOfBoundsException: 7&#13;
	at com.sl.algorithms.core.array.count.CountElementSortedList.findMaxIndex(CountElementSortedList.java:53)&#13;
	at com.sl.algorithms.core.array.count.CountElementSortedList.countInLogTime(CountElementSortedList.java:29)&#13;
	at com.sl.algorithms.core.array.count.CountElementSortedListTest.testCountInLogTime(CountElementSortedListTest.java:16)&#13;
	at sun.reflect.NativeMethodAccessorImpl.invoke0(Native Method)&#13;
	at sun.reflect.NativeMethodAccessorImpl.invoke(NativeMethodAccessorImpl.java:62)&#13;
	at sun.reflect.DelegatingMethodAccessorImpl.invoke(DelegatingMethodAccessorImpl.java:43)&#13;
	at java.lang.reflect.Method.invoke(Method.java:498)&#13;
	at org.junit.runners.model.FrameworkMethod$1.runReflectiveCall(FrameworkMethod.java:50)&#13;
	at org.junit.internal.runners.model.ReflectiveCallable.run(ReflectiveCallable.java:12)&#13;
	at org.junit.runners.model.FrameworkMethod.invokeExplosively(FrameworkMethod.java:47)&#13;
	at org.junit.internal.runners.statements.InvokeMethod.evaluate(InvokeMethod.java:17)&#13;
	at org.junit.runners.ParentRunner.runLeaf(ParentRunner.java:325)&#13;
	at org.junit.runners.BlockJUnit4ClassRunner.runChild(BlockJUnit4ClassRunner.java:78)&#13;
	at org.junit.runners.BlockJUnit4ClassRunner.runChild(BlockJUnit4ClassRunner.java:57)&#13;
	at org.junit.runners.ParentRunner$3.run(ParentRunner.java:290)&#13;
	at org.junit.runners.ParentRunner$1.schedule(ParentRunner.java:71)&#13;
	at org.junit.runners.ParentRunner.runChildren(ParentRunner.java:288)&#13;
	at org.junit.runners.ParentRunner.access$000(ParentRunner.java:58)&#13;
	at org.junit.runners.ParentRunner$2.evaluate(ParentRunner.java:268)&#13;
	at org.junit.runners.ParentRunner.run(ParentRunner.java:363)&#13;
	at org.junit.runners.Suite.runChild(Suite.java:128)&#13;
	at org.junit.runners.Suite.runChild(Suite.java:27)&#13;
	at org.junit.runners.ParentRunner$3.run(ParentRunner.java:290)&#13;
	at org.junit.runners.ParentRunner$1.schedule(ParentRunner.java:71)&#13;
	at org.junit.runners.ParentRunner.runChildren(ParentRunner.java:288)&#13;
	at org.junit.runners.ParentRunner.access$000(ParentRunner.java:58)&#13;
	at org.junit.runners.ParentRunner$2.evaluate(ParentRunner.java:268)&#13;
	at org.junit.runners.ParentRunner.run(ParentRunner.java:363)&#13;
	at org.junit.runner.JUnitCore.run(JUnitCore.java:137)&#13;
	at com.intellij.junit4.JUnit4IdeaTestRunner.startRunnerWithArgs(JUnit4IdeaTestRunner.java:69)&#13;
	at com.intellij.rt.junit.IdeaTestRunner$Repeater.startRunnerWithArgs(IdeaTestRunner.java:33)&#13;
	at com.intellij.rt.junit.JUnitStarter.prepareStreamsAndStart(JUnitStarter.java:235)&#13;
	at com.intellij.rt.junit.JUnitStarter.main(JUnitStarter.java:54)&#13;
</output>
        </test>
        <test duration="1" locationUrl="java:test://com.sl.algorithms.core.array.count.CountElementSortedListTest/testCountInLinearTime" name="CountElementSortedListTest.testCountInLinearTime" status="passed"/>
    </suite>
    <suite duration="3" locationUrl="java:suite://com.sl.algorithms.core.array.count.CountNegativesInMatrixTest" name="CountNegativesInMatrixTest" status="passed">
        <test duration="0" locationUrl="java:test://com.sl.algorithms.core.array.count.CountNegativesInMatrixTest/testFindNegativeCountHasZeroes" name="CountNegativesInMatrixTest.testFindNegativeCountHasZeroes" status="passed"/>
        <test duration="1" locationUrl="java:test://com.sl.algorithms.core.array.count.CountNegativesInMatrixTest/testFindNegativeCountRectangle" name="CountNegativesInMatrixTest.testFindNegativeCountRectangle" status="passed"/>
        <test duration="1" locationUrl="java:test://com.sl.algorithms.core.array.count.CountNegativesInMatrixTest/testFindNegativeCountAllPositive" name="CountNegativesInMatrixTest.testFindNegativeCountAllPositive" status="passed"/>
        <test duration="0" locationUrl="java:test://com.sl.algorithms.core.array.count.CountNegativesInMatrixTest/testFindNegativeCountMix" name="CountNegativesInMatrixTest.testFindNegativeCountMix" status="passed"/>
        <test duration="1" locationUrl="java:test://com.sl.algorithms.core.array.count.CountNegativesInMatrixTest/testFindNegativeCountAllNegative" name="CountNegativesInMatrixTest.testFindNegativeCountAllNegative" status="passed"/>
    </suite>
    <suite duration="28" locationUrl="java:suite://com.sl.algorithms.core.array.rotation.ArrayRotationTest" name="ArrayRotationTest" status="failed">
        <test duration="4" locationUrl="java:test://com.sl.algorithms.core.array.rotation.ArrayRotationTest/assertDougMcIlroyAlgorithm" name="ArrayRotationTest.assertDougMcIlroyAlgorithm" status="passed"/>
        <test duration="5" locationUrl="java:test://com.sl.algorithms.core.array.rotation.ArrayRotationTest/assertBruteForceRotation" name="ArrayRotationTest.assertBruteForceRotation" status="passed"/>
        <test duration="3" locationUrl="java:test://com.sl.algorithms.core.array.rotation.ArrayRotationTest/assertBentleyShufflingAlgorithm" name="ArrayRotationTest.assertBentleyShufflingAlgorithm" status="passed"/>
        <test duration="14" locationUrl="java:test://com.sl.algorithms.core.array.rotation.ArrayRotationTest/assertGriesMillsAlgorithm" name="ArrayRotationTest.assertGriesMillsAlgorithm" status="failed">
            <diff actual="[4,3,5,1,2]" expected="[3,4,5,1,2]"/>
            <output type="stderr">org.junit.ComparisonFailure: &#13;
	at org.junit.Assert.assertEquals(Assert.java:115)&#13;
	at org.junit.Assert.assertEquals(Assert.java:144)&#13;
	at com.sl.algorithms.core.array.rotation.ArrayRotationTest.testRotationLeft(ArrayRotationTest.java:58)&#13;
	at com.sl.algorithms.core.array.rotation.ArrayRotationTest.assertGriesMillsAlgorithm(ArrayRotationTest.java:50)&#13;
	at sun.reflect.NativeMethodAccessorImpl.invoke0(Native Method)&#13;
	at sun.reflect.NativeMethodAccessorImpl.invoke(NativeMethodAccessorImpl.java:62)&#13;
	at sun.reflect.DelegatingMethodAccessorImpl.invoke(DelegatingMethodAccessorImpl.java:43)&#13;
	at java.lang.reflect.Method.invoke(Method.java:498)&#13;
	at org.junit.runners.model.FrameworkMethod$1.runReflectiveCall(FrameworkMethod.java:50)&#13;
	at org.junit.internal.runners.model.ReflectiveCallable.run(ReflectiveCallable.java:12)&#13;
	at org.junit.runners.model.FrameworkMethod.invokeExplosively(FrameworkMethod.java:47)&#13;
	at org.junit.internal.runners.statements.InvokeMethod.evaluate(InvokeMethod.java:17)&#13;
	at org.junit.runners.ParentRunner.runLeaf(ParentRunner.java:325)&#13;
	at org.junit.runners.BlockJUnit4ClassRunner.runChild(BlockJUnit4ClassRunner.java:78)&#13;
	at org.junit.runners.BlockJUnit4ClassRunner.runChild(BlockJUnit4ClassRunner.java:57)&#13;
	at org.junit.runners.ParentRunner$3.run(ParentRunner.java:290)&#13;
	at org.junit.runners.ParentRunner$1.schedule(ParentRunner.java:71)&#13;
	at org.junit.runners.ParentRunner.runChildren(ParentRunner.java:288)&#13;
	at org.junit.runners.ParentRunner.access$000(ParentRunner.java:58)&#13;
	at org.junit.runners.ParentRunner$2.evaluate(ParentRunner.java:268)&#13;
	at org.junit.runners.ParentRunner.run(ParentRunner.java:363)&#13;
	at org.junit.runners.Suite.runChild(Suite.java:128)&#13;
	at org.junit.runners.Suite.runChild(Suite.java:27)&#13;
	at org.junit.runners.ParentRunner$3.run(ParentRunner.java:290)&#13;
	at org.junit.runners.ParentRunner$1.schedule(ParentRunner.java:71)&#13;
	at org.junit.runners.ParentRunner.runChildren(ParentRunner.java:288)&#13;
	at org.junit.runners.ParentRunner.access$000(ParentRunner.java:58)&#13;
	at org.junit.runners.ParentRunner$2.evaluate(ParentRunner.java:268)&#13;
	at org.junit.runners.ParentRunner.run(ParentRunner.java:363)&#13;
	at org.junit.runner.JUnitCore.run(JUnitCore.java:137)&#13;
	at com.intellij.junit4.JUnit4IdeaTestRunner.startRunnerWithArgs(JUnit4IdeaTestRunner.java:69)&#13;
	at com.intellij.rt.junit.IdeaTestRunner$Repeater.startRunnerWithArgs(IdeaTestRunner.java:33)&#13;
	at com.intellij.rt.junit.JUnitStarter.prepareStreamsAndStart(JUnitStarter.java:235)&#13;
	at com.intellij.rt.junit.JUnitStarter.main(JUnitStarter.java:54)&#13;
</output>
        </test>
        <test duration="2" locationUrl="java:test://com.sl.algorithms.core.array.rotation.ArrayRotationTest/assertBruteForceRotationWithSpace" name="ArrayRotationTest.assertBruteForceRotationWithSpace" status="passed"/>
    </suite>
    <suite duration="0" locationUrl="java:suite://com.sl.algorithms.core.array.subarray.KadaneAlgorithmTest" name="KadaneAlgorithmTest" status="passed">
        <test duration="0" locationUrl="java:test://com.sl.algorithms.core.array.subarray.KadaneAlgorithmTest/testFindMaxSubArraySum" name="KadaneAlgorithmTest.testFindMaxSubArraySum" status="passed"/>
        <test duration="0" locationUrl="java:test://com.sl.algorithms.core.array.subarray.KadaneAlgorithmTest/testFindMaxSubArrayProduct" name="KadaneAlgorithmTest.testFindMaxSubArrayProduct" status="passed"/>
    </suite>
    <suite duration="0" locationUrl="java:suite://com.sl.algorithms.core.array.subarray.MaxNonNeighboursCircularSumTest" name="MaxNonNeighboursCircularSumTest" status="passed">
        <test duration="0" locationUrl="java:test://com.sl.algorithms.core.array.subarray.MaxNonNeighboursCircularSumTest/testFindMaxSubArraySum" name="MaxNonNeighboursCircularSumTest.testFindMaxSubArraySum" status="passed"/>
    </suite>
    <suite duration="0" locationUrl="java:suite://com.sl.algorithms.core.array.subarray.MaxNonNeighboursSumTest" name="MaxNonNeighboursSumTest" status="passed">
        <test duration="0" locationUrl="java:test://com.sl.algorithms.core.array.subarray.MaxNonNeighboursSumTest/testFindMaxSubArraySum" name="MaxNonNeighboursSumTest.testFindMaxSubArraySum" status="passed"/>
    </suite>
    <suite duration="1" locationUrl="java:suite://com.sl.algorithms.core.array.subarray.MaxSubSequenceSumTest" name="MaxSubSequenceSumTest" status="passed">
        <test duration="1" locationUrl="java:test://com.sl.algorithms.core.array.subarray.MaxSubSequenceSumTest/testFindMaxSubSequenceSum" name="MaxSubSequenceSumTest.testFindMaxSubSequenceSum" status="passed"/>
    </suite>
    <suite duration="1" locationUrl="java:suite://com.sl.algorithms.core.array.subarray.RunningProductTest" name="RunningProductTest" status="passed">
        <test duration="1" locationUrl="java:test://com.sl.algorithms.core.array.subarray.RunningProductTest/testProductExceptSelf" name="RunningProductTest.testProductExceptSelf" status="passed"/>
    </suite>
    <suite duration="1" locationUrl="java:suite://com.sl.algorithms.core.list.LLCycleDetectionTest" name="LLCycleDetectionTest" status="error">
        <test duration="1" locationUrl="java:test://com.sl.algorithms.core.list.LLCycleDetectionTest/testCycleEndPoints" name="LLCycleDetectionTest.testCycleEndPoints" status="error">
            <output type="stderr">java.lang.ArrayIndexOutOfBoundsException: 5&#13;
	at com.sl.algorithms.core.list.ListNode.createLinkedList(ListNode.java:55)&#13;
	at com.sl.algorithms.core.list.LLCycleDetectionTest.setup(LLCycleDetectionTest.java:18)&#13;
	at sun.reflect.NativeMethodAccessorImpl.invoke0(Native Method)&#13;
	at sun.reflect.NativeMethodAccessorImpl.invoke(NativeMethodAccessorImpl.java:62)&#13;
	at sun.reflect.DelegatingMethodAccessorImpl.invoke(DelegatingMethodAccessorImpl.java:43)&#13;
	at java.lang.reflect.Method.invoke(Method.java:498)&#13;
	at org.junit.runners.model.FrameworkMethod$1.runReflectiveCall(FrameworkMethod.java:50)&#13;
	at org.junit.internal.runners.model.ReflectiveCallable.run(ReflectiveCallable.java:12)&#13;
	at org.junit.runners.model.FrameworkMethod.invokeExplosively(FrameworkMethod.java:47)&#13;
	at org.junit.internal.runners.statements.RunBefores.evaluate(RunBefores.java:24)&#13;
	at org.junit.runners.ParentRunner.runLeaf(ParentRunner.java:325)&#13;
	at org.junit.runners.BlockJUnit4ClassRunner.runChild(BlockJUnit4ClassRunner.java:78)&#13;
	at org.junit.runners.BlockJUnit4ClassRunner.runChild(BlockJUnit4ClassRunner.java:57)&#13;
	at org.junit.runners.ParentRunner$3.run(ParentRunner.java:290)&#13;
	at org.junit.runners.ParentRunner$1.schedule(ParentRunner.java:71)&#13;
	at org.junit.runners.ParentRunner.runChildren(ParentRunner.java:288)&#13;
	at org.junit.runners.ParentRunner.access$000(ParentRunner.java:58)&#13;
	at org.junit.runners.ParentRunner$2.evaluate(ParentRunner.java:268)&#13;
	at org.junit.runners.ParentRunner.run(ParentRunner.java:363)&#13;
	at org.junit.runners.Suite.runChild(Suite.java:128)&#13;
	at org.junit.runners.Suite.runChild(Suite.java:27)&#13;
	at org.junit.runners.ParentRunner$3.run(ParentRunner.java:290)&#13;
	at org.junit.runners.ParentRunner$1.schedule(ParentRunner.java:71)&#13;
	at org.junit.runners.ParentRunner.runChildren(ParentRunner.java:288)&#13;
	at org.junit.runners.ParentRunner.access$000(ParentRunner.java:58)&#13;
	at org.junit.runners.ParentRunner$2.evaluate(ParentRunner.java:268)&#13;
	at org.junit.runners.ParentRunner.run(ParentRunner.java:363)&#13;
	at org.junit.runner.JUnitCore.run(JUnitCore.java:137)&#13;
	at com.intellij.junit4.JUnit4IdeaTestRunner.startRunnerWithArgs(JUnit4IdeaTestRunner.java:69)&#13;
	at com.intellij.rt.junit.IdeaTestRunner$Repeater.startRunnerWithArgs(IdeaTestRunner.java:33)&#13;
	at com.intellij.rt.junit.JUnitStarter.prepareStreamsAndStart(JUnitStarter.java:235)&#13;
	at com.intellij.rt.junit.JUnitStarter.main(JUnitStarter.java:54)&#13;
</output>
        </test>
    </suite>
    <suite duration="6" locationUrl="java:suite://com.sl.algorithms.core.list.ListNodeTest" name="ListNodeTest" status="error">
        <test duration="1" locationUrl="java:test://com.sl.algorithms.core.list.ListNodeTest/testSize" name="ListNodeTest.testSize" status="error">
            <output type="stderr">java.lang.ArrayIndexOutOfBoundsException: 5&#13;
	at com.sl.algorithms.core.list.ListNode.createLinkedList(ListNode.java:55)&#13;
	at com.sl.algorithms.core.list.ListNodeTest.setup(ListNodeTest.java:16)&#13;
	at sun.reflect.NativeMethodAccessorImpl.invoke0(Native Method)&#13;
	at sun.reflect.NativeMethodAccessorImpl.invoke(NativeMethodAccessorImpl.java:62)&#13;
	at sun.reflect.DelegatingMethodAccessorImpl.invoke(DelegatingMethodAccessorImpl.java:43)&#13;
	at java.lang.reflect.Method.invoke(Method.java:498)&#13;
	at org.junit.runners.model.FrameworkMethod$1.runReflectiveCall(FrameworkMethod.java:50)&#13;
	at org.junit.internal.runners.model.ReflectiveCallable.run(ReflectiveCallable.java:12)&#13;
	at org.junit.runners.model.FrameworkMethod.invokeExplosively(FrameworkMethod.java:47)&#13;
	at org.junit.internal.runners.statements.RunBefores.evaluate(RunBefores.java:24)&#13;
	at org.junit.runners.ParentRunner.runLeaf(ParentRunner.java:325)&#13;
	at org.junit.runners.BlockJUnit4ClassRunner.runChild(BlockJUnit4ClassRunner.java:78)&#13;
	at org.junit.runners.BlockJUnit4ClassRunner.runChild(BlockJUnit4ClassRunner.java:57)&#13;
	at org.junit.runners.ParentRunner$3.run(ParentRunner.java:290)&#13;
	at org.junit.runners.ParentRunner$1.schedule(ParentRunner.java:71)&#13;
	at org.junit.runners.ParentRunner.runChildren(ParentRunner.java:288)&#13;
	at org.junit.runners.ParentRunner.access$000(ParentRunner.java:58)&#13;
	at org.junit.runners.ParentRunner$2.evaluate(ParentRunner.java:268)&#13;
	at org.junit.runners.ParentRunner.run(ParentRunner.java:363)&#13;
	at org.junit.runners.Suite.runChild(Suite.java:128)&#13;
	at org.junit.runners.Suite.runChild(Suite.java:27)&#13;
	at org.junit.runners.ParentRunner$3.run(ParentRunner.java:290)&#13;
	at org.junit.runners.ParentRunner$1.schedule(ParentRunner.java:71)&#13;
	at org.junit.runners.ParentRunner.runChildren(ParentRunner.java:288)&#13;
	at org.junit.runners.ParentRunner.access$000(ParentRunner.java:58)&#13;
	at org.junit.runners.ParentRunner$2.evaluate(ParentRunner.java:268)&#13;
	at org.junit.runners.ParentRunner.run(ParentRunner.java:363)&#13;
	at org.junit.runner.JUnitCore.run(JUnitCore.java:137)&#13;
	at com.intellij.junit4.JUnit4IdeaTestRunner.startRunnerWithArgs(JUnit4IdeaTestRunner.java:69)&#13;
	at com.intellij.rt.junit.IdeaTestRunner$Repeater.startRunnerWithArgs(IdeaTestRunner.java:33)&#13;
	at com.intellij.rt.junit.JUnitStarter.prepareStreamsAndStart(JUnitStarter.java:235)&#13;
	at com.intellij.rt.junit.JUnitStarter.main(JUnitStarter.java:54)&#13;
</output>
        </test>
        <test duration="2" locationUrl="java:test://com.sl.algorithms.core.list.ListNodeTest/testMidPoint" name="ListNodeTest.testMidPoint" status="error">
            <output type="stderr">java.lang.ArrayIndexOutOfBoundsException: 5&#13;
	at com.sl.algorithms.core.list.ListNode.createLinkedList(ListNode.java:55)&#13;
	at com.sl.algorithms.core.list.ListNodeTest.setup(ListNodeTest.java:16)&#13;
	at sun.reflect.NativeMethodAccessorImpl.invoke0(Native Method)&#13;
	at sun.reflect.NativeMethodAccessorImpl.invoke(NativeMethodAccessorImpl.java:62)&#13;
	at sun.reflect.DelegatingMethodAccessorImpl.invoke(DelegatingMethodAccessorImpl.java:43)&#13;
	at java.lang.reflect.Method.invoke(Method.java:498)&#13;
	at org.junit.runners.model.FrameworkMethod$1.runReflectiveCall(FrameworkMethod.java:50)&#13;
	at org.junit.internal.runners.model.ReflectiveCallable.run(ReflectiveCallable.java:12)&#13;
	at org.junit.runners.model.FrameworkMethod.invokeExplosively(FrameworkMethod.java:47)&#13;
	at org.junit.internal.runners.statements.RunBefores.evaluate(RunBefores.java:24)&#13;
	at org.junit.runners.ParentRunner.runLeaf(ParentRunner.java:325)&#13;
	at org.junit.runners.BlockJUnit4ClassRunner.runChild(BlockJUnit4ClassRunner.java:78)&#13;
	at org.junit.runners.BlockJUnit4ClassRunner.runChild(BlockJUnit4ClassRunner.java:57)&#13;
	at org.junit.runners.ParentRunner$3.run(ParentRunner.java:290)&#13;
	at org.junit.runners.ParentRunner$1.schedule(ParentRunner.java:71)&#13;
	at org.junit.runners.ParentRunner.runChildren(ParentRunner.java:288)&#13;
	at org.junit.runners.ParentRunner.access$000(ParentRunner.java:58)&#13;
	at org.junit.runners.ParentRunner$2.evaluate(ParentRunner.java:268)&#13;
	at org.junit.runners.ParentRunner.run(ParentRunner.java:363)&#13;
	at org.junit.runners.Suite.runChild(Suite.java:128)&#13;
	at org.junit.runners.Suite.runChild(Suite.java:27)&#13;
	at org.junit.runners.ParentRunner$3.run(ParentRunner.java:290)&#13;
	at org.junit.runners.ParentRunner$1.schedule(ParentRunner.java:71)&#13;
	at org.junit.runners.ParentRunner.runChildren(ParentRunner.java:288)&#13;
	at org.junit.runners.ParentRunner.access$000(ParentRunner.java:58)&#13;
	at org.junit.runners.ParentRunner$2.evaluate(ParentRunner.java:268)&#13;
	at org.junit.runners.ParentRunner.run(ParentRunner.java:363)&#13;
	at org.junit.runner.JUnitCore.run(JUnitCore.java:137)&#13;
	at com.intellij.junit4.JUnit4IdeaTestRunner.startRunnerWithArgs(JUnit4IdeaTestRunner.java:69)&#13;
	at com.intellij.rt.junit.IdeaTestRunner$Repeater.startRunnerWithArgs(IdeaTestRunner.java:33)&#13;
	at com.intellij.rt.junit.JUnitStarter.prepareStreamsAndStart(JUnitStarter.java:235)&#13;
	at com.intellij.rt.junit.JUnitStarter.main(JUnitStarter.java:54)&#13;
</output>
        </test>
        <test duration="1" locationUrl="java:test://com.sl.algorithms.core.list.ListNodeTest/testIsCyclic" name="ListNodeTest.testIsCyclic" status="error">
            <output type="stderr">java.lang.ArrayIndexOutOfBoundsException: 5&#13;
	at com.sl.algorithms.core.list.ListNode.createLinkedList(ListNode.java:55)&#13;
	at com.sl.algorithms.core.list.ListNodeTest.setup(ListNodeTest.java:16)&#13;
	at sun.reflect.NativeMethodAccessorImpl.invoke0(Native Method)&#13;
	at sun.reflect.NativeMethodAccessorImpl.invoke(NativeMethodAccessorImpl.java:62)&#13;
	at sun.reflect.DelegatingMethodAccessorImpl.invoke(DelegatingMethodAccessorImpl.java:43)&#13;
	at java.lang.reflect.Method.invoke(Method.java:498)&#13;
	at org.junit.runners.model.FrameworkMethod$1.runReflectiveCall(FrameworkMethod.java:50)&#13;
	at org.junit.internal.runners.model.ReflectiveCallable.run(ReflectiveCallable.java:12)&#13;
	at org.junit.runners.model.FrameworkMethod.invokeExplosively(FrameworkMethod.java:47)&#13;
	at org.junit.internal.runners.statements.RunBefores.evaluate(RunBefores.java:24)&#13;
	at org.junit.runners.ParentRunner.runLeaf(ParentRunner.java:325)&#13;
	at org.junit.runners.BlockJUnit4ClassRunner.runChild(BlockJUnit4ClassRunner.java:78)&#13;
	at org.junit.runners.BlockJUnit4ClassRunner.runChild(BlockJUnit4ClassRunner.java:57)&#13;
	at org.junit.runners.ParentRunner$3.run(ParentRunner.java:290)&#13;
	at org.junit.runners.ParentRunner$1.schedule(ParentRunner.java:71)&#13;
	at org.junit.runners.ParentRunner.runChildren(ParentRunner.java:288)&#13;
	at org.junit.runners.ParentRunner.access$000(ParentRunner.java:58)&#13;
	at org.junit.runners.ParentRunner$2.evaluate(ParentRunner.java:268)&#13;
	at org.junit.runners.ParentRunner.run(ParentRunner.java:363)&#13;
	at org.junit.runners.Suite.runChild(Suite.java:128)&#13;
	at org.junit.runners.Suite.runChild(Suite.java:27)&#13;
	at org.junit.runners.ParentRunner$3.run(ParentRunner.java:290)&#13;
	at org.junit.runners.ParentRunner$1.schedule(ParentRunner.java:71)&#13;
	at org.junit.runners.ParentRunner.runChildren(ParentRunner.java:288)&#13;
	at org.junit.runners.ParentRunner.access$000(ParentRunner.java:58)&#13;
	at org.junit.runners.ParentRunner$2.evaluate(ParentRunner.java:268)&#13;
	at org.junit.runners.ParentRunner.run(ParentRunner.java:363)&#13;
	at org.junit.runner.JUnitCore.run(JUnitCore.java:137)&#13;
	at com.intellij.junit4.JUnit4IdeaTestRunner.startRunnerWithArgs(JUnit4IdeaTestRunner.java:69)&#13;
	at com.intellij.rt.junit.IdeaTestRunner$Repeater.startRunnerWithArgs(IdeaTestRunner.java:33)&#13;
	at com.intellij.rt.junit.JUnitStarter.prepareStreamsAndStart(JUnitStarter.java:235)&#13;
	at com.intellij.rt.junit.JUnitStarter.main(JUnitStarter.java:54)&#13;
</output>
        </test>
        <test duration="0" locationUrl="java:test://com.sl.algorithms.core.list.ListNodeTest/testCloneList" name="ListNodeTest.testCloneList" status="error">
            <output type="stderr">java.lang.ArrayIndexOutOfBoundsException: 5&#13;
	at com.sl.algorithms.core.list.ListNode.createLinkedList(ListNode.java:55)&#13;
	at com.sl.algorithms.core.list.ListNodeTest.setup(ListNodeTest.java:16)&#13;
	at sun.reflect.NativeMethodAccessorImpl.invoke0(Native Method)&#13;
	at sun.reflect.NativeMethodAccessorImpl.invoke(NativeMethodAccessorImpl.java:62)&#13;
	at sun.reflect.DelegatingMethodAccessorImpl.invoke(DelegatingMethodAccessorImpl.java:43)&#13;
	at java.lang.reflect.Method.invoke(Method.java:498)&#13;
	at org.junit.runners.model.FrameworkMethod$1.runReflectiveCall(FrameworkMethod.java:50)&#13;
	at org.junit.internal.runners.model.ReflectiveCallable.run(ReflectiveCallable.java:12)&#13;
	at org.junit.runners.model.FrameworkMethod.invokeExplosively(FrameworkMethod.java:47)&#13;
	at org.junit.internal.runners.statements.RunBefores.evaluate(RunBefores.java:24)&#13;
	at org.junit.runners.ParentRunner.runLeaf(ParentRunner.java:325)&#13;
	at org.junit.runners.BlockJUnit4ClassRunner.runChild(BlockJUnit4ClassRunner.java:78)&#13;
	at org.junit.runners.BlockJUnit4ClassRunner.runChild(BlockJUnit4ClassRunner.java:57)&#13;
	at org.junit.runners.ParentRunner$3.run(ParentRunner.java:290)&#13;
	at org.junit.runners.ParentRunner$1.schedule(ParentRunner.java:71)&#13;
	at org.junit.runners.ParentRunner.runChildren(ParentRunner.java:288)&#13;
	at org.junit.runners.ParentRunner.access$000(ParentRunner.java:58)&#13;
	at org.junit.runners.ParentRunner$2.evaluate(ParentRunner.java:268)&#13;
	at org.junit.runners.ParentRunner.run(ParentRunner.java:363)&#13;
	at org.junit.runners.Suite.runChild(Suite.java:128)&#13;
	at org.junit.runners.Suite.runChild(Suite.java:27)&#13;
	at org.junit.runners.ParentRunner$3.run(ParentRunner.java:290)&#13;
	at org.junit.runners.ParentRunner$1.schedule(ParentRunner.java:71)&#13;
	at org.junit.runners.ParentRunner.runChildren(ParentRunner.java:288)&#13;
	at org.junit.runners.ParentRunner.access$000(ParentRunner.java:58)&#13;
	at org.junit.runners.ParentRunner$2.evaluate(ParentRunner.java:268)&#13;
	at org.junit.runners.ParentRunner.run(ParentRunner.java:363)&#13;
	at org.junit.runner.JUnitCore.run(JUnitCore.java:137)&#13;
	at com.intellij.junit4.JUnit4IdeaTestRunner.startRunnerWithArgs(JUnit4IdeaTestRunner.java:69)&#13;
	at com.intellij.rt.junit.IdeaTestRunner$Repeater.startRunnerWithArgs(IdeaTestRunner.java:33)&#13;
	at com.intellij.rt.junit.JUnitStarter.prepareStreamsAndStart(JUnitStarter.java:235)&#13;
	at com.intellij.rt.junit.JUnitStarter.main(JUnitStarter.java:54)&#13;
</output>
        </test>
        <test duration="1" locationUrl="java:test://com.sl.algorithms.core.list.ListNodeTest/testIsCircular" name="ListNodeTest.testIsCircular" status="error">
            <output type="stderr">java.lang.ArrayIndexOutOfBoundsException: 5&#13;
	at com.sl.algorithms.core.list.ListNode.createLinkedList(ListNode.java:55)&#13;
	at com.sl.algorithms.core.list.ListNodeTest.setup(ListNodeTest.java:16)&#13;
	at sun.reflect.NativeMethodAccessorImpl.invoke0(Native Method)&#13;
	at sun.reflect.NativeMethodAccessorImpl.invoke(NativeMethodAccessorImpl.java:62)&#13;
	at sun.reflect.DelegatingMethodAccessorImpl.invoke(DelegatingMethodAccessorImpl.java:43)&#13;
	at java.lang.reflect.Method.invoke(Method.java:498)&#13;
	at org.junit.runners.model.FrameworkMethod$1.runReflectiveCall(FrameworkMethod.java:50)&#13;
	at org.junit.internal.runners.model.ReflectiveCallable.run(ReflectiveCallable.java:12)&#13;
	at org.junit.runners.model.FrameworkMethod.invokeExplosively(FrameworkMethod.java:47)&#13;
	at org.junit.internal.runners.statements.RunBefores.evaluate(RunBefores.java:24)&#13;
	at org.junit.runners.ParentRunner.runLeaf(ParentRunner.java:325)&#13;
	at org.junit.runners.BlockJUnit4ClassRunner.runChild(BlockJUnit4ClassRunner.java:78)&#13;
	at org.junit.runners.BlockJUnit4ClassRunner.runChild(BlockJUnit4ClassRunner.java:57)&#13;
	at org.junit.runners.ParentRunner$3.run(ParentRunner.java:290)&#13;
	at org.junit.runners.ParentRunner$1.schedule(ParentRunner.java:71)&#13;
	at org.junit.runners.ParentRunner.runChildren(ParentRunner.java:288)&#13;
	at org.junit.runners.ParentRunner.access$000(ParentRunner.java:58)&#13;
	at org.junit.runners.ParentRunner$2.evaluate(ParentRunner.java:268)&#13;
	at org.junit.runners.ParentRunner.run(ParentRunner.java:363)&#13;
	at org.junit.runners.Suite.runChild(Suite.java:128)&#13;
	at org.junit.runners.Suite.runChild(Suite.java:27)&#13;
	at org.junit.runners.ParentRunner$3.run(ParentRunner.java:290)&#13;
	at org.junit.runners.ParentRunner$1.schedule(ParentRunner.java:71)&#13;
	at org.junit.runners.ParentRunner.runChildren(ParentRunner.java:288)&#13;
	at org.junit.runners.ParentRunner.access$000(ParentRunner.java:58)&#13;
	at org.junit.runners.ParentRunner$2.evaluate(ParentRunner.java:268)&#13;
	at org.junit.runners.ParentRunner.run(ParentRunner.java:363)&#13;
	at org.junit.runner.JUnitCore.run(JUnitCore.java:137)&#13;
	at com.intellij.junit4.JUnit4IdeaTestRunner.startRunnerWithArgs(JUnit4IdeaTestRunner.java:69)&#13;
	at com.intellij.rt.junit.IdeaTestRunner$Repeater.startRunnerWithArgs(IdeaTestRunner.java:33)&#13;
	at com.intellij.rt.junit.JUnitStarter.prepareStreamsAndStart(JUnitStarter.java:235)&#13;
	at com.intellij.rt.junit.JUnitStarter.main(JUnitStarter.java:54)&#13;
</output>
        </test>
        <test duration="1" locationUrl="java:test://com.sl.algorithms.core.list.ListNodeTest/testEquality" name="ListNodeTest.testEquality" status="error">
            <output type="stderr">java.lang.ArrayIndexOutOfBoundsException: 5&#13;
	at com.sl.algorithms.core.list.ListNode.createLinkedList(ListNode.java:55)&#13;
	at com.sl.algorithms.core.list.ListNodeTest.setup(ListNodeTest.java:16)&#13;
	at sun.reflect.NativeMethodAccessorImpl.invoke0(Native Method)&#13;
	at sun.reflect.NativeMethodAccessorImpl.invoke(NativeMethodAccessorImpl.java:62)&#13;
	at sun.reflect.DelegatingMethodAccessorImpl.invoke(DelegatingMethodAccessorImpl.java:43)&#13;
	at java.lang.reflect.Method.invoke(Method.java:498)&#13;
	at org.junit.runners.model.FrameworkMethod$1.runReflectiveCall(FrameworkMethod.java:50)&#13;
	at org.junit.internal.runners.model.ReflectiveCallable.run(ReflectiveCallable.java:12)&#13;
	at org.junit.runners.model.FrameworkMethod.invokeExplosively(FrameworkMethod.java:47)&#13;
	at org.junit.internal.runners.statements.RunBefores.evaluate(RunBefores.java:24)&#13;
	at org.junit.runners.ParentRunner.runLeaf(ParentRunner.java:325)&#13;
	at org.junit.runners.BlockJUnit4ClassRunner.runChild(BlockJUnit4ClassRunner.java:78)&#13;
	at org.junit.runners.BlockJUnit4ClassRunner.runChild(BlockJUnit4ClassRunner.java:57)&#13;
	at org.junit.runners.ParentRunner$3.run(ParentRunner.java:290)&#13;
	at org.junit.runners.ParentRunner$1.schedule(ParentRunner.java:71)&#13;
	at org.junit.runners.ParentRunner.runChildren(ParentRunner.java:288)&#13;
	at org.junit.runners.ParentRunner.access$000(ParentRunner.java:58)&#13;
	at org.junit.runners.ParentRunner$2.evaluate(ParentRunner.java:268)&#13;
	at org.junit.runners.ParentRunner.run(ParentRunner.java:363)&#13;
	at org.junit.runners.Suite.runChild(Suite.java:128)&#13;
	at org.junit.runners.Suite.runChild(Suite.java:27)&#13;
	at org.junit.runners.ParentRunner$3.run(ParentRunner.java:290)&#13;
	at org.junit.runners.ParentRunner$1.schedule(ParentRunner.java:71)&#13;
	at org.junit.runners.ParentRunner.runChildren(ParentRunner.java:288)&#13;
	at org.junit.runners.ParentRunner.access$000(ParentRunner.java:58)&#13;
	at org.junit.runners.ParentRunner$2.evaluate(ParentRunner.java:268)&#13;
	at org.junit.runners.ParentRunner.run(ParentRunner.java:363)&#13;
	at org.junit.runner.JUnitCore.run(JUnitCore.java:137)&#13;
	at com.intellij.junit4.JUnit4IdeaTestRunner.startRunnerWithArgs(JUnit4IdeaTestRunner.java:69)&#13;
	at com.intellij.rt.junit.IdeaTestRunner$Repeater.startRunnerWithArgs(IdeaTestRunner.java:33)&#13;
	at com.intellij.rt.junit.JUnitStarter.prepareStreamsAndStart(JUnitStarter.java:235)&#13;
	at com.intellij.rt.junit.JUnitStarter.main(JUnitStarter.java:54)&#13;
</output>
        </test>
    </suite>
    <suite duration="4" locationUrl="java:suite://com.sl.algorithms.core.list.intersection.LinkedListIntersectionTest" name="LinkedListIntersectionTest" status="error">
        <test duration="1" locationUrl="java:test://com.sl.algorithms.core.list.intersection.LinkedListIntersectionTest/testGetIntersectionNodeNull" name="LinkedListIntersectionTest.testGetIntersectionNodeNull" status="passed"/>
        <test duration="1" locationUrl="java:test://com.sl.algorithms.core.list.intersection.LinkedListIntersectionTest/testGetIntersectionNodeNothingCommon" name="LinkedListIntersectionTest.testGetIntersectionNodeNothingCommon" status="error">
            <output type="stderr">java.lang.ArrayIndexOutOfBoundsException: 5&#13;
	at com.sl.algorithms.core.list.ListNode.createLinkedList(ListNode.java:55)&#13;
	at com.sl.algorithms.core.list.intersection.LinkedListIntersectionTest.testGetIntersectionNodeNothingCommon(LinkedListIntersectionTest.java:19)&#13;
	at sun.reflect.NativeMethodAccessorImpl.invoke0(Native Method)&#13;
	at sun.reflect.NativeMethodAccessorImpl.invoke(NativeMethodAccessorImpl.java:62)&#13;
	at sun.reflect.DelegatingMethodAccessorImpl.invoke(DelegatingMethodAccessorImpl.java:43)&#13;
	at java.lang.reflect.Method.invoke(Method.java:498)&#13;
	at org.junit.runners.model.FrameworkMethod$1.runReflectiveCall(FrameworkMethod.java:50)&#13;
	at org.junit.internal.runners.model.ReflectiveCallable.run(ReflectiveCallable.java:12)&#13;
	at org.junit.runners.model.FrameworkMethod.invokeExplosively(FrameworkMethod.java:47)&#13;
	at org.junit.internal.runners.statements.InvokeMethod.evaluate(InvokeMethod.java:17)&#13;
	at org.junit.runners.ParentRunner.runLeaf(ParentRunner.java:325)&#13;
	at org.junit.runners.BlockJUnit4ClassRunner.runChild(BlockJUnit4ClassRunner.java:78)&#13;
	at org.junit.runners.BlockJUnit4ClassRunner.runChild(BlockJUnit4ClassRunner.java:57)&#13;
	at org.junit.runners.ParentRunner$3.run(ParentRunner.java:290)&#13;
	at org.junit.runners.ParentRunner$1.schedule(ParentRunner.java:71)&#13;
	at org.junit.runners.ParentRunner.runChildren(ParentRunner.java:288)&#13;
	at org.junit.runners.ParentRunner.access$000(ParentRunner.java:58)&#13;
	at org.junit.runners.ParentRunner$2.evaluate(ParentRunner.java:268)&#13;
	at org.junit.runners.ParentRunner.run(ParentRunner.java:363)&#13;
	at org.junit.runners.Suite.runChild(Suite.java:128)&#13;
	at org.junit.runners.Suite.runChild(Suite.java:27)&#13;
	at org.junit.runners.ParentRunner$3.run(ParentRunner.java:290)&#13;
	at org.junit.runners.ParentRunner$1.schedule(ParentRunner.java:71)&#13;
	at org.junit.runners.ParentRunner.runChildren(ParentRunner.java:288)&#13;
	at org.junit.runners.ParentRunner.access$000(ParentRunner.java:58)&#13;
	at org.junit.runners.ParentRunner$2.evaluate(ParentRunner.java:268)&#13;
	at org.junit.runners.ParentRunner.run(ParentRunner.java:363)&#13;
	at org.junit.runner.JUnitCore.run(JUnitCore.java:137)&#13;
	at com.intellij.junit4.JUnit4IdeaTestRunner.startRunnerWithArgs(JUnit4IdeaTestRunner.java:69)&#13;
	at com.intellij.rt.junit.IdeaTestRunner$Repeater.startRunnerWithArgs(IdeaTestRunner.java:33)&#13;
	at com.intellij.rt.junit.JUnitStarter.prepareStreamsAndStart(JUnitStarter.java:235)&#13;
	at com.intellij.rt.junit.JUnitStarter.main(JUnitStarter.java:54)&#13;
</output>
        </test>
        <test duration="2" locationUrl="java:test://com.sl.algorithms.core.list.intersection.LinkedListIntersectionTest/testGetIntersectionNode" name="LinkedListIntersectionTest.testGetIntersectionNode" status="error">
            <output type="stderr">java.lang.ArrayIndexOutOfBoundsException: 5&#13;
	at com.sl.algorithms.core.list.ListNode.createLinkedList(ListNode.java:55)&#13;
	at com.sl.algorithms.core.list.intersection.LinkedListIntersectionTest.testGetIntersectionNode(LinkedListIntersectionTest.java:28)&#13;
	at sun.reflect.NativeMethodAccessorImpl.invoke0(Native Method)&#13;
	at sun.reflect.NativeMethodAccessorImpl.invoke(NativeMethodAccessorImpl.java:62)&#13;
	at sun.reflect.DelegatingMethodAccessorImpl.invoke(DelegatingMethodAccessorImpl.java:43)&#13;
	at java.lang.reflect.Method.invoke(Method.java:498)&#13;
	at org.junit.runners.model.FrameworkMethod$1.runReflectiveCall(FrameworkMethod.java:50)&#13;
	at org.junit.internal.runners.model.ReflectiveCallable.run(ReflectiveCallable.java:12)&#13;
	at org.junit.runners.model.FrameworkMethod.invokeExplosively(FrameworkMethod.java:47)&#13;
	at org.junit.internal.runners.statements.InvokeMethod.evaluate(InvokeMethod.java:17)&#13;
	at org.junit.runners.ParentRunner.runLeaf(ParentRunner.java:325)&#13;
	at org.junit.runners.BlockJUnit4ClassRunner.runChild(BlockJUnit4ClassRunner.java:78)&#13;
	at org.junit.runners.BlockJUnit4ClassRunner.runChild(BlockJUnit4ClassRunner.java:57)&#13;
	at org.junit.runners.ParentRunner$3.run(ParentRunner.java:290)&#13;
	at org.junit.runners.ParentRunner$1.schedule(ParentRunner.java:71)&#13;
	at org.junit.runners.ParentRunner.runChildren(ParentRunner.java:288)&#13;
	at org.junit.runners.ParentRunner.access$000(ParentRunner.java:58)&#13;
	at org.junit.runners.ParentRunner$2.evaluate(ParentRunner.java:268)&#13;
	at org.junit.runners.ParentRunner.run(ParentRunner.java:363)&#13;
	at org.junit.runners.Suite.runChild(Suite.java:128)&#13;
	at org.junit.runners.Suite.runChild(Suite.java:27)&#13;
	at org.junit.runners.ParentRunner$3.run(ParentRunner.java:290)&#13;
	at org.junit.runners.ParentRunner$1.schedule(ParentRunner.java:71)&#13;
	at org.junit.runners.ParentRunner.runChildren(ParentRunner.java:288)&#13;
	at org.junit.runners.ParentRunner.access$000(ParentRunner.java:58)&#13;
	at org.junit.runners.ParentRunner$2.evaluate(ParentRunner.java:268)&#13;
	at org.junit.runners.ParentRunner.run(ParentRunner.java:363)&#13;
	at org.junit.runner.JUnitCore.run(JUnitCore.java:137)&#13;
	at com.intellij.junit4.JUnit4IdeaTestRunner.startRunnerWithArgs(JUnit4IdeaTestRunner.java:69)&#13;
	at com.intellij.rt.junit.IdeaTestRunner$Repeater.startRunnerWithArgs(IdeaTestRunner.java:33)&#13;
	at com.intellij.rt.junit.JUnitStarter.prepareStreamsAndStart(JUnitStarter.java:235)&#13;
	at com.intellij.rt.junit.JUnitStarter.main(JUnitStarter.java:54)&#13;
</output>
        </test>
    </suite>
    <suite duration="1" locationUrl="java:suite://com.sl.algorithms.core.list.intersection.ListIntersectionTest" name="ListIntersectionTest" status="passed">
        <test duration="1" locationUrl="java:test://com.sl.algorithms.core.list.intersection.ListIntersectionTest/assertBaseCases" name="ListIntersectionTest.assertBaseCases" status="passed"/>
        <test duration="0" locationUrl="java:test://com.sl.algorithms.core.list.intersection.ListIntersectionTest/assertSmallData" name="ListIntersectionTest.assertSmallData" status="passed"/>
    </suite>
    <suite duration="8" locationUrl="java:suite://com.sl.algorithms.core.list.merge.LinkedListMergeTest" name="LinkedListMergeTest" status="error">
        <test duration="3" locationUrl="java:test://com.sl.algorithms.core.list.merge.LinkedListMergeTest/testDnQ" name="LinkedListMergeTest.testDnQ" status="error">
            <output type="stderr">java.lang.ArrayIndexOutOfBoundsException: 3&#13;
	at com.sl.algorithms.core.list.ListNode.createLinkedList(ListNode.java:55)&#13;
	at com.sl.algorithms.core.list.merge.LinkedListMergeTest.testMerge2SortedLists(LinkedListMergeTest.java:45)&#13;
	at com.sl.algorithms.core.list.merge.LinkedListMergeTest.testDnQ(LinkedListMergeTest.java:26)&#13;
	at sun.reflect.NativeMethodAccessorImpl.invoke0(Native Method)&#13;
	at sun.reflect.NativeMethodAccessorImpl.invoke(NativeMethodAccessorImpl.java:62)&#13;
	at sun.reflect.DelegatingMethodAccessorImpl.invoke(DelegatingMethodAccessorImpl.java:43)&#13;
	at java.lang.reflect.Method.invoke(Method.java:498)&#13;
	at org.junit.runners.model.FrameworkMethod$1.runReflectiveCall(FrameworkMethod.java:50)&#13;
	at org.junit.internal.runners.model.ReflectiveCallable.run(ReflectiveCallable.java:12)&#13;
	at org.junit.runners.model.FrameworkMethod.invokeExplosively(FrameworkMethod.java:47)&#13;
	at org.junit.internal.runners.statements.InvokeMethod.evaluate(InvokeMethod.java:17)&#13;
	at org.junit.runners.ParentRunner.runLeaf(ParentRunner.java:325)&#13;
	at org.junit.runners.BlockJUnit4ClassRunner.runChild(BlockJUnit4ClassRunner.java:78)&#13;
	at org.junit.runners.BlockJUnit4ClassRunner.runChild(BlockJUnit4ClassRunner.java:57)&#13;
	at org.junit.runners.ParentRunner$3.run(ParentRunner.java:290)&#13;
	at org.junit.runners.ParentRunner$1.schedule(ParentRunner.java:71)&#13;
	at org.junit.runners.ParentRunner.runChildren(ParentRunner.java:288)&#13;
	at org.junit.runners.ParentRunner.access$000(ParentRunner.java:58)&#13;
	at org.junit.runners.ParentRunner$2.evaluate(ParentRunner.java:268)&#13;
	at org.junit.runners.ParentRunner.run(ParentRunner.java:363)&#13;
	at org.junit.runners.Suite.runChild(Suite.java:128)&#13;
	at org.junit.runners.Suite.runChild(Suite.java:27)&#13;
	at org.junit.runners.ParentRunner$3.run(ParentRunner.java:290)&#13;
	at org.junit.runners.ParentRunner$1.schedule(ParentRunner.java:71)&#13;
	at org.junit.runners.ParentRunner.runChildren(ParentRunner.java:288)&#13;
	at org.junit.runners.ParentRunner.access$000(ParentRunner.java:58)&#13;
	at org.junit.runners.ParentRunner$2.evaluate(ParentRunner.java:268)&#13;
	at org.junit.runners.ParentRunner.run(ParentRunner.java:363)&#13;
	at org.junit.runner.JUnitCore.run(JUnitCore.java:137)&#13;
	at com.intellij.junit4.JUnit4IdeaTestRunner.startRunnerWithArgs(JUnit4IdeaTestRunner.java:69)&#13;
	at com.intellij.rt.junit.IdeaTestRunner$Repeater.startRunnerWithArgs(IdeaTestRunner.java:33)&#13;
	at com.intellij.rt.junit.JUnitStarter.prepareStreamsAndStart(JUnitStarter.java:235)&#13;
	at com.intellij.rt.junit.JUnitStarter.main(JUnitStarter.java:54)&#13;
</output>
        </test>
        <test duration="2" locationUrl="java:test://com.sl.algorithms.core.list.merge.LinkedListMergeTest/testIterative" name="LinkedListMergeTest.testIterative" status="error">
            <output type="stderr">java.lang.ArrayIndexOutOfBoundsException: 3&#13;
	at com.sl.algorithms.core.list.ListNode.createLinkedList(ListNode.java:55)&#13;
	at com.sl.algorithms.core.list.merge.LinkedListMergeTest.testMerge2SortedLists(LinkedListMergeTest.java:45)&#13;
	at com.sl.algorithms.core.list.merge.LinkedListMergeTest.testIterative(LinkedListMergeTest.java:18)&#13;
	at sun.reflect.NativeMethodAccessorImpl.invoke0(Native Method)&#13;
	at sun.reflect.NativeMethodAccessorImpl.invoke(NativeMethodAccessorImpl.java:62)&#13;
	at sun.reflect.DelegatingMethodAccessorImpl.invoke(DelegatingMethodAccessorImpl.java:43)&#13;
	at java.lang.reflect.Method.invoke(Method.java:498)&#13;
	at org.junit.runners.model.FrameworkMethod$1.runReflectiveCall(FrameworkMethod.java:50)&#13;
	at org.junit.internal.runners.model.ReflectiveCallable.run(ReflectiveCallable.java:12)&#13;
	at org.junit.runners.model.FrameworkMethod.invokeExplosively(FrameworkMethod.java:47)&#13;
	at org.junit.internal.runners.statements.InvokeMethod.evaluate(InvokeMethod.java:17)&#13;
	at org.junit.runners.ParentRunner.runLeaf(ParentRunner.java:325)&#13;
	at org.junit.runners.BlockJUnit4ClassRunner.runChild(BlockJUnit4ClassRunner.java:78)&#13;
	at org.junit.runners.BlockJUnit4ClassRunner.runChild(BlockJUnit4ClassRunner.java:57)&#13;
	at org.junit.runners.ParentRunner$3.run(ParentRunner.java:290)&#13;
	at org.junit.runners.ParentRunner$1.schedule(ParentRunner.java:71)&#13;
	at org.junit.runners.ParentRunner.runChildren(ParentRunner.java:288)&#13;
	at org.junit.runners.ParentRunner.access$000(ParentRunner.java:58)&#13;
	at org.junit.runners.ParentRunner$2.evaluate(ParentRunner.java:268)&#13;
	at org.junit.runners.ParentRunner.run(ParentRunner.java:363)&#13;
	at org.junit.runners.Suite.runChild(Suite.java:128)&#13;
	at org.junit.runners.Suite.runChild(Suite.java:27)&#13;
	at org.junit.runners.ParentRunner$3.run(ParentRunner.java:290)&#13;
	at org.junit.runners.ParentRunner$1.schedule(ParentRunner.java:71)&#13;
	at org.junit.runners.ParentRunner.runChildren(ParentRunner.java:288)&#13;
	at org.junit.runners.ParentRunner.access$000(ParentRunner.java:58)&#13;
	at org.junit.runners.ParentRunner$2.evaluate(ParentRunner.java:268)&#13;
	at org.junit.runners.ParentRunner.run(ParentRunner.java:363)&#13;
	at org.junit.runner.JUnitCore.run(JUnitCore.java:137)&#13;
	at com.intellij.junit4.JUnit4IdeaTestRunner.startRunnerWithArgs(JUnit4IdeaTestRunner.java:69)&#13;
	at com.intellij.rt.junit.IdeaTestRunner$Repeater.startRunnerWithArgs(IdeaTestRunner.java:33)&#13;
	at com.intellij.rt.junit.JUnitStarter.prepareStreamsAndStart(JUnitStarter.java:235)&#13;
	at com.intellij.rt.junit.JUnitStarter.main(JUnitStarter.java:54)&#13;
</output>
        </test>
        <test duration="3" locationUrl="java:test://com.sl.algorithms.core.list.merge.LinkedListMergeTest/testPQ" name="LinkedListMergeTest.testPQ" status="error">
            <output type="stderr">java.lang.ArrayIndexOutOfBoundsException: 3&#13;
	at com.sl.algorithms.core.list.ListNode.createLinkedList(ListNode.java:55)&#13;
	at com.sl.algorithms.core.list.merge.LinkedListMergeTest.testMerge2SortedLists(LinkedListMergeTest.java:45)&#13;
	at com.sl.algorithms.core.list.merge.LinkedListMergeTest.testPQ(LinkedListMergeTest.java:34)&#13;
	at sun.reflect.NativeMethodAccessorImpl.invoke0(Native Method)&#13;
	at sun.reflect.NativeMethodAccessorImpl.invoke(NativeMethodAccessorImpl.java:62)&#13;
	at sun.reflect.DelegatingMethodAccessorImpl.invoke(DelegatingMethodAccessorImpl.java:43)&#13;
	at java.lang.reflect.Method.invoke(Method.java:498)&#13;
	at org.junit.runners.model.FrameworkMethod$1.runReflectiveCall(FrameworkMethod.java:50)&#13;
	at org.junit.internal.runners.model.ReflectiveCallable.run(ReflectiveCallable.java:12)&#13;
	at org.junit.runners.model.FrameworkMethod.invokeExplosively(FrameworkMethod.java:47)&#13;
	at org.junit.internal.runners.statements.InvokeMethod.evaluate(InvokeMethod.java:17)&#13;
	at org.junit.runners.ParentRunner.runLeaf(ParentRunner.java:325)&#13;
	at org.junit.runners.BlockJUnit4ClassRunner.runChild(BlockJUnit4ClassRunner.java:78)&#13;
	at org.junit.runners.BlockJUnit4ClassRunner.runChild(BlockJUnit4ClassRunner.java:57)&#13;
	at org.junit.runners.ParentRunner$3.run(ParentRunner.java:290)&#13;
	at org.junit.runners.ParentRunner$1.schedule(ParentRunner.java:71)&#13;
	at org.junit.runners.ParentRunner.runChildren(ParentRunner.java:288)&#13;
	at org.junit.runners.ParentRunner.access$000(ParentRunner.java:58)&#13;
	at org.junit.runners.ParentRunner$2.evaluate(ParentRunner.java:268)&#13;
	at org.junit.runners.ParentRunner.run(ParentRunner.java:363)&#13;
	at org.junit.runners.Suite.runChild(Suite.java:128)&#13;
	at org.junit.runners.Suite.runChild(Suite.java:27)&#13;
	at org.junit.runners.ParentRunner$3.run(ParentRunner.java:290)&#13;
	at org.junit.runners.ParentRunner$1.schedule(ParentRunner.java:71)&#13;
	at org.junit.runners.ParentRunner.runChildren(ParentRunner.java:288)&#13;
	at org.junit.runners.ParentRunner.access$000(ParentRunner.java:58)&#13;
	at org.junit.runners.ParentRunner$2.evaluate(ParentRunner.java:268)&#13;
	at org.junit.runners.ParentRunner.run(ParentRunner.java:363)&#13;
	at org.junit.runner.JUnitCore.run(JUnitCore.java:137)&#13;
	at com.intellij.junit4.JUnit4IdeaTestRunner.startRunnerWithArgs(JUnit4IdeaTestRunner.java:69)&#13;
	at com.intellij.rt.junit.IdeaTestRunner$Repeater.startRunnerWithArgs(IdeaTestRunner.java:33)&#13;
	at com.intellij.rt.junit.JUnitStarter.prepareStreamsAndStart(JUnitStarter.java:235)&#13;
	at com.intellij.rt.junit.JUnitStarter.main(JUnitStarter.java:54)&#13;
</output>
        </test>
    </suite>
    <suite duration="2" locationUrl="java:suite://com.sl.algorithms.core.list.reversal.IncrementByOneTest" name="IncrementByOneTest" status="error">
        <test duration="2" locationUrl="java:test://com.sl.algorithms.core.list.reversal.IncrementByOneTest/testIncrementByOne" name="IncrementByOneTest.testIncrementByOne" status="error">
            <output type="stderr">java.lang.ArrayIndexOutOfBoundsException: 2&#13;
	at com.sl.algorithms.core.list.ListNode.createLinkedList(ListNode.java:55)&#13;
	at com.sl.algorithms.core.list.reversal.IncrementByOneTest.testIncrementByOne(IncrementByOneTest.java:18)&#13;
	at sun.reflect.NativeMethodAccessorImpl.invoke0(Native Method)&#13;
	at sun.reflect.NativeMethodAccessorImpl.invoke(NativeMethodAccessorImpl.java:62)&#13;
	at sun.reflect.DelegatingMethodAccessorImpl.invoke(DelegatingMethodAccessorImpl.java:43)&#13;
	at java.lang.reflect.Method.invoke(Method.java:498)&#13;
	at org.junit.runners.model.FrameworkMethod$1.runReflectiveCall(FrameworkMethod.java:50)&#13;
	at org.junit.internal.runners.model.ReflectiveCallable.run(ReflectiveCallable.java:12)&#13;
	at org.junit.runners.model.FrameworkMethod.invokeExplosively(FrameworkMethod.java:47)&#13;
	at org.junit.internal.runners.statements.InvokeMethod.evaluate(InvokeMethod.java:17)&#13;
	at org.junit.runners.ParentRunner.runLeaf(ParentRunner.java:325)&#13;
	at org.junit.runners.BlockJUnit4ClassRunner.runChild(BlockJUnit4ClassRunner.java:78)&#13;
	at org.junit.runners.BlockJUnit4ClassRunner.runChild(BlockJUnit4ClassRunner.java:57)&#13;
	at org.junit.runners.ParentRunner$3.run(ParentRunner.java:290)&#13;
	at org.junit.runners.ParentRunner$1.schedule(ParentRunner.java:71)&#13;
	at org.junit.runners.ParentRunner.runChildren(ParentRunner.java:288)&#13;
	at org.junit.runners.ParentRunner.access$000(ParentRunner.java:58)&#13;
	at org.junit.runners.ParentRunner$2.evaluate(ParentRunner.java:268)&#13;
	at org.junit.runners.ParentRunner.run(ParentRunner.java:363)&#13;
	at org.junit.runners.Suite.runChild(Suite.java:128)&#13;
	at org.junit.runners.Suite.runChild(Suite.java:27)&#13;
	at org.junit.runners.ParentRunner$3.run(ParentRunner.java:290)&#13;
	at org.junit.runners.ParentRunner$1.schedule(ParentRunner.java:71)&#13;
	at org.junit.runners.ParentRunner.runChildren(ParentRunner.java:288)&#13;
	at org.junit.runners.ParentRunner.access$000(ParentRunner.java:58)&#13;
	at org.junit.runners.ParentRunner$2.evaluate(ParentRunner.java:268)&#13;
	at org.junit.runners.ParentRunner.run(ParentRunner.java:363)&#13;
	at org.junit.runner.JUnitCore.run(JUnitCore.java:137)&#13;
	at com.intellij.junit4.JUnit4IdeaTestRunner.startRunnerWithArgs(JUnit4IdeaTestRunner.java:69)&#13;
	at com.intellij.rt.junit.IdeaTestRunner$Repeater.startRunnerWithArgs(IdeaTestRunner.java:33)&#13;
	at com.intellij.rt.junit.JUnitStarter.prepareStreamsAndStart(JUnitStarter.java:235)&#13;
	at com.intellij.rt.junit.JUnitStarter.main(JUnitStarter.java:54)&#13;
</output>
        </test>
    </suite>
    <suite duration="2" locationUrl="java:suite://com.sl.algorithms.core.list.reversal.LinkedListReversalTest" name="LinkedListReversalTest" status="error">
        <test duration="1" locationUrl="java:test://com.sl.algorithms.core.list.reversal.LinkedListReversalTest/testReverse" name="LinkedListReversalTest.testReverse" status="error">
            <output type="stderr">java.lang.ArrayIndexOutOfBoundsException: 5&#13;
	at com.sl.algorithms.core.list.ListNode.createLinkedList(ListNode.java:55)&#13;
	at com.sl.algorithms.core.list.reversal.LinkedListReversalTest.createList(LinkedListReversalTest.java:18)&#13;
	at sun.reflect.NativeMethodAccessorImpl.invoke0(Native Method)&#13;
	at sun.reflect.NativeMethodAccessorImpl.invoke(NativeMethodAccessorImpl.java:62)&#13;
	at sun.reflect.DelegatingMethodAccessorImpl.invoke(DelegatingMethodAccessorImpl.java:43)&#13;
	at java.lang.reflect.Method.invoke(Method.java:498)&#13;
	at org.junit.runners.model.FrameworkMethod$1.runReflectiveCall(FrameworkMethod.java:50)&#13;
	at org.junit.internal.runners.model.ReflectiveCallable.run(ReflectiveCallable.java:12)&#13;
	at org.junit.runners.model.FrameworkMethod.invokeExplosively(FrameworkMethod.java:47)&#13;
	at org.junit.internal.runners.statements.RunBefores.evaluate(RunBefores.java:24)&#13;
	at org.junit.runners.ParentRunner.runLeaf(ParentRunner.java:325)&#13;
	at org.junit.runners.BlockJUnit4ClassRunner.runChild(BlockJUnit4ClassRunner.java:78)&#13;
	at org.junit.runners.BlockJUnit4ClassRunner.runChild(BlockJUnit4ClassRunner.java:57)&#13;
	at org.junit.runners.ParentRunner$3.run(ParentRunner.java:290)&#13;
	at org.junit.runners.ParentRunner$1.schedule(ParentRunner.java:71)&#13;
	at org.junit.runners.ParentRunner.runChildren(ParentRunner.java:288)&#13;
	at org.junit.runners.ParentRunner.access$000(ParentRunner.java:58)&#13;
	at org.junit.runners.ParentRunner$2.evaluate(ParentRunner.java:268)&#13;
	at org.junit.runners.ParentRunner.run(ParentRunner.java:363)&#13;
	at org.junit.runners.Suite.runChild(Suite.java:128)&#13;
	at org.junit.runners.Suite.runChild(Suite.java:27)&#13;
	at org.junit.runners.ParentRunner$3.run(ParentRunner.java:290)&#13;
	at org.junit.runners.ParentRunner$1.schedule(ParentRunner.java:71)&#13;
	at org.junit.runners.ParentRunner.runChildren(ParentRunner.java:288)&#13;
	at org.junit.runners.ParentRunner.access$000(ParentRunner.java:58)&#13;
	at org.junit.runners.ParentRunner$2.evaluate(ParentRunner.java:268)&#13;
	at org.junit.runners.ParentRunner.run(ParentRunner.java:363)&#13;
	at org.junit.runner.JUnitCore.run(JUnitCore.java:137)&#13;
	at com.intellij.junit4.JUnit4IdeaTestRunner.startRunnerWithArgs(JUnit4IdeaTestRunner.java:69)&#13;
	at com.intellij.rt.junit.IdeaTestRunner$Repeater.startRunnerWithArgs(IdeaTestRunner.java:33)&#13;
	at com.intellij.rt.junit.JUnitStarter.prepareStreamsAndStart(JUnitStarter.java:235)&#13;
	at com.intellij.rt.junit.JUnitStarter.main(JUnitStarter.java:54)&#13;
</output>
        </test>
        <test duration="1" locationUrl="java:test://com.sl.algorithms.core.list.reversal.LinkedListReversalTest/testReverseInGroups" name="LinkedListReversalTest.testReverseInGroups" status="error">
            <output type="stderr">java.lang.ArrayIndexOutOfBoundsException: 5&#13;
	at com.sl.algorithms.core.list.ListNode.createLinkedList(ListNode.java:55)&#13;
	at com.sl.algorithms.core.list.reversal.LinkedListReversalTest.createList(LinkedListReversalTest.java:18)&#13;
	at sun.reflect.NativeMethodAccessorImpl.invoke0(Native Method)&#13;
	at sun.reflect.NativeMethodAccessorImpl.invoke(NativeMethodAccessorImpl.java:62)&#13;
	at sun.reflect.DelegatingMethodAccessorImpl.invoke(DelegatingMethodAccessorImpl.java:43)&#13;
	at java.lang.reflect.Method.invoke(Method.java:498)&#13;
	at org.junit.runners.model.FrameworkMethod$1.runReflectiveCall(FrameworkMethod.java:50)&#13;
	at org.junit.internal.runners.model.ReflectiveCallable.run(ReflectiveCallable.java:12)&#13;
	at org.junit.runners.model.FrameworkMethod.invokeExplosively(FrameworkMethod.java:47)&#13;
	at org.junit.internal.runners.statements.RunBefores.evaluate(RunBefores.java:24)&#13;
	at org.junit.runners.ParentRunner.runLeaf(ParentRunner.java:325)&#13;
	at org.junit.runners.BlockJUnit4ClassRunner.runChild(BlockJUnit4ClassRunner.java:78)&#13;
	at org.junit.runners.BlockJUnit4ClassRunner.runChild(BlockJUnit4ClassRunner.java:57)&#13;
	at org.junit.runners.ParentRunner$3.run(ParentRunner.java:290)&#13;
	at org.junit.runners.ParentRunner$1.schedule(ParentRunner.java:71)&#13;
	at org.junit.runners.ParentRunner.runChildren(ParentRunner.java:288)&#13;
	at org.junit.runners.ParentRunner.access$000(ParentRunner.java:58)&#13;
	at org.junit.runners.ParentRunner$2.evaluate(ParentRunner.java:268)&#13;
	at org.junit.runners.ParentRunner.run(ParentRunner.java:363)&#13;
	at org.junit.runners.Suite.runChild(Suite.java:128)&#13;
	at org.junit.runners.Suite.runChild(Suite.java:27)&#13;
	at org.junit.runners.ParentRunner$3.run(ParentRunner.java:290)&#13;
	at org.junit.runners.ParentRunner$1.schedule(ParentRunner.java:71)&#13;
	at org.junit.runners.ParentRunner.runChildren(ParentRunner.java:288)&#13;
	at org.junit.runners.ParentRunner.access$000(ParentRunner.java:58)&#13;
	at org.junit.runners.ParentRunner$2.evaluate(ParentRunner.java:268)&#13;
	at org.junit.runners.ParentRunner.run(ParentRunner.java:363)&#13;
	at org.junit.runner.JUnitCore.run(JUnitCore.java:137)&#13;
	at com.intellij.junit4.JUnit4IdeaTestRunner.startRunnerWithArgs(JUnit4IdeaTestRunner.java:69)&#13;
	at com.intellij.rt.junit.IdeaTestRunner$Repeater.startRunnerWithArgs(IdeaTestRunner.java:33)&#13;
	at com.intellij.rt.junit.JUnitStarter.prepareStreamsAndStart(JUnitStarter.java:235)&#13;
	at com.intellij.rt.junit.JUnitStarter.main(JUnitStarter.java:54)&#13;
</output>
        </test>
    </suite>
    <suite duration="8" locationUrl="java:suite://com.sl.algorithms.core.list.reversal.SwapInPairsTest" name="SwapInPairsTest" status="error">
        <test duration="1" locationUrl="java:test://com.sl.algorithms.core.list.reversal.SwapInPairsTest/testSwapInPairsOddCount" name="SwapInPairsTest.testSwapInPairsOddCount" status="error">
            <output type="stderr">java.lang.ArrayIndexOutOfBoundsException: 5&#13;
	at com.sl.algorithms.core.list.ListNode.createLinkedList(ListNode.java:55)&#13;
	at com.sl.algorithms.core.list.reversal.SwapInPairsTest.testSwapInPairsOddCount(SwapInPairsTest.java:45)&#13;
	at sun.reflect.NativeMethodAccessorImpl.invoke0(Native Method)&#13;
	at sun.reflect.NativeMethodAccessorImpl.invoke(NativeMethodAccessorImpl.java:62)&#13;
	at sun.reflect.DelegatingMethodAccessorImpl.invoke(DelegatingMethodAccessorImpl.java:43)&#13;
	at java.lang.reflect.Method.invoke(Method.java:498)&#13;
	at org.junit.runners.model.FrameworkMethod$1.runReflectiveCall(FrameworkMethod.java:50)&#13;
	at org.junit.internal.runners.model.ReflectiveCallable.run(ReflectiveCallable.java:12)&#13;
	at org.junit.runners.model.FrameworkMethod.invokeExplosively(FrameworkMethod.java:47)&#13;
	at org.junit.internal.runners.statements.InvokeMethod.evaluate(InvokeMethod.java:17)&#13;
	at org.junit.runners.ParentRunner.runLeaf(ParentRunner.java:325)&#13;
	at org.junit.runners.BlockJUnit4ClassRunner.runChild(BlockJUnit4ClassRunner.java:78)&#13;
	at org.junit.runners.BlockJUnit4ClassRunner.runChild(BlockJUnit4ClassRunner.java:57)&#13;
	at org.junit.runners.ParentRunner$3.run(ParentRunner.java:290)&#13;
	at org.junit.runners.ParentRunner$1.schedule(ParentRunner.java:71)&#13;
	at org.junit.runners.ParentRunner.runChildren(ParentRunner.java:288)&#13;
	at org.junit.runners.ParentRunner.access$000(ParentRunner.java:58)&#13;
	at org.junit.runners.ParentRunner$2.evaluate(ParentRunner.java:268)&#13;
	at org.junit.runners.ParentRunner.run(ParentRunner.java:363)&#13;
	at org.junit.runners.Suite.runChild(Suite.java:128)&#13;
	at org.junit.runners.Suite.runChild(Suite.java:27)&#13;
	at org.junit.runners.ParentRunner$3.run(ParentRunner.java:290)&#13;
	at org.junit.runners.ParentRunner$1.schedule(ParentRunner.java:71)&#13;
	at org.junit.runners.ParentRunner.runChildren(ParentRunner.java:288)&#13;
	at org.junit.runners.ParentRunner.access$000(ParentRunner.java:58)&#13;
	at org.junit.runners.ParentRunner$2.evaluate(ParentRunner.java:268)&#13;
	at org.junit.runners.ParentRunner.run(ParentRunner.java:363)&#13;
	at org.junit.runner.JUnitCore.run(JUnitCore.java:137)&#13;
	at com.intellij.junit4.JUnit4IdeaTestRunner.startRunnerWithArgs(JUnit4IdeaTestRunner.java:69)&#13;
	at com.intellij.rt.junit.IdeaTestRunner$Repeater.startRunnerWithArgs(IdeaTestRunner.java:33)&#13;
	at com.intellij.rt.junit.JUnitStarter.prepareStreamsAndStart(JUnitStarter.java:235)&#13;
	at com.intellij.rt.junit.JUnitStarter.main(JUnitStarter.java:54)&#13;
</output>
        </test>
        <test duration="1" locationUrl="java:test://com.sl.algorithms.core.list.reversal.SwapInPairsTest/testSwapInPairsEvenCount" name="SwapInPairsTest.testSwapInPairsEvenCount" status="error">
            <output type="stderr">java.lang.ArrayIndexOutOfBoundsException: 4&#13;
	at com.sl.algorithms.core.list.ListNode.createLinkedList(ListNode.java:55)&#13;
	at com.sl.algorithms.core.list.reversal.SwapInPairsTest.testSwapInPairsEvenCount(SwapInPairsTest.java:31)&#13;
	at sun.reflect.NativeMethodAccessorImpl.invoke0(Native Method)&#13;
	at sun.reflect.NativeMethodAccessorImpl.invoke(NativeMethodAccessorImpl.java:62)&#13;
	at sun.reflect.DelegatingMethodAccessorImpl.invoke(DelegatingMethodAccessorImpl.java:43)&#13;
	at java.lang.reflect.Method.invoke(Method.java:498)&#13;
	at org.junit.runners.model.FrameworkMethod$1.runReflectiveCall(FrameworkMethod.java:50)&#13;
	at org.junit.internal.runners.model.ReflectiveCallable.run(ReflectiveCallable.java:12)&#13;
	at org.junit.runners.model.FrameworkMethod.invokeExplosively(FrameworkMethod.java:47)&#13;
	at org.junit.internal.runners.statements.InvokeMethod.evaluate(InvokeMethod.java:17)&#13;
	at org.junit.runners.ParentRunner.runLeaf(ParentRunner.java:325)&#13;
	at org.junit.runners.BlockJUnit4ClassRunner.runChild(BlockJUnit4ClassRunner.java:78)&#13;
	at org.junit.runners.BlockJUnit4ClassRunner.runChild(BlockJUnit4ClassRunner.java:57)&#13;
	at org.junit.runners.ParentRunner$3.run(ParentRunner.java:290)&#13;
	at org.junit.runners.ParentRunner$1.schedule(ParentRunner.java:71)&#13;
	at org.junit.runners.ParentRunner.runChildren(ParentRunner.java:288)&#13;
	at org.junit.runners.ParentRunner.access$000(ParentRunner.java:58)&#13;
	at org.junit.runners.ParentRunner$2.evaluate(ParentRunner.java:268)&#13;
	at org.junit.runners.ParentRunner.run(ParentRunner.java:363)&#13;
	at org.junit.runners.Suite.runChild(Suite.java:128)&#13;
	at org.junit.runners.Suite.runChild(Suite.java:27)&#13;
	at org.junit.runners.ParentRunner$3.run(ParentRunner.java:290)&#13;
	at org.junit.runners.ParentRunner$1.schedule(ParentRunner.java:71)&#13;
	at org.junit.runners.ParentRunner.runChildren(ParentRunner.java:288)&#13;
	at org.junit.runners.ParentRunner.access$000(ParentRunner.java:58)&#13;
	at org.junit.runners.ParentRunner$2.evaluate(ParentRunner.java:268)&#13;
	at org.junit.runners.ParentRunner.run(ParentRunner.java:363)&#13;
	at org.junit.runner.JUnitCore.run(JUnitCore.java:137)&#13;
	at com.intellij.junit4.JUnit4IdeaTestRunner.startRunnerWithArgs(JUnit4IdeaTestRunner.java:69)&#13;
	at com.intellij.rt.junit.IdeaTestRunner$Repeater.startRunnerWithArgs(IdeaTestRunner.java:33)&#13;
	at com.intellij.rt.junit.JUnitStarter.prepareStreamsAndStart(JUnitStarter.java:235)&#13;
	at com.intellij.rt.junit.JUnitStarter.main(JUnitStarter.java:54)&#13;
</output>
        </test>
        <test duration="1" locationUrl="java:test://com.sl.algorithms.core.list.reversal.SwapInPairsTest/testSwapInPairs2Elements" name="SwapInPairsTest.testSwapInPairs2Elements" status="error">
            <output type="stderr">java.lang.ArrayIndexOutOfBoundsException: 2&#13;
	at com.sl.algorithms.core.list.ListNode.createLinkedList(ListNode.java:55)&#13;
	at com.sl.algorithms.core.list.reversal.SwapInPairsTest.testSwapInPairs2Elements(SwapInPairsTest.java:23)&#13;
	at sun.reflect.NativeMethodAccessorImpl.invoke0(Native Method)&#13;
	at sun.reflect.NativeMethodAccessorImpl.invoke(NativeMethodAccessorImpl.java:62)&#13;
	at sun.reflect.DelegatingMethodAccessorImpl.invoke(DelegatingMethodAccessorImpl.java:43)&#13;
	at java.lang.reflect.Method.invoke(Method.java:498)&#13;
	at org.junit.runners.model.FrameworkMethod$1.runReflectiveCall(FrameworkMethod.java:50)&#13;
	at org.junit.internal.runners.model.ReflectiveCallable.run(ReflectiveCallable.java:12)&#13;
	at org.junit.runners.model.FrameworkMethod.invokeExplosively(FrameworkMethod.java:47)&#13;
	at org.junit.internal.runners.statements.InvokeMethod.evaluate(InvokeMethod.java:17)&#13;
	at org.junit.runners.ParentRunner.runLeaf(ParentRunner.java:325)&#13;
	at org.junit.runners.BlockJUnit4ClassRunner.runChild(BlockJUnit4ClassRunner.java:78)&#13;
	at org.junit.runners.BlockJUnit4ClassRunner.runChild(BlockJUnit4ClassRunner.java:57)&#13;
	at org.junit.runners.ParentRunner$3.run(ParentRunner.java:290)&#13;
	at org.junit.runners.ParentRunner$1.schedule(ParentRunner.java:71)&#13;
	at org.junit.runners.ParentRunner.runChildren(ParentRunner.java:288)&#13;
	at org.junit.runners.ParentRunner.access$000(ParentRunner.java:58)&#13;
	at org.junit.runners.ParentRunner$2.evaluate(ParentRunner.java:268)&#13;
	at org.junit.runners.ParentRunner.run(ParentRunner.java:363)&#13;
	at org.junit.runners.Suite.runChild(Suite.java:128)&#13;
	at org.junit.runners.Suite.runChild(Suite.java:27)&#13;
	at org.junit.runners.ParentRunner$3.run(ParentRunner.java:290)&#13;
	at org.junit.runners.ParentRunner$1.schedule(ParentRunner.java:71)&#13;
	at org.junit.runners.ParentRunner.runChildren(ParentRunner.java:288)&#13;
	at org.junit.runners.ParentRunner.access$000(ParentRunner.java:58)&#13;
	at org.junit.runners.ParentRunner$2.evaluate(ParentRunner.java:268)&#13;
	at org.junit.runners.ParentRunner.run(ParentRunner.java:363)&#13;
	at org.junit.runner.JUnitCore.run(JUnitCore.java:137)&#13;
	at com.intellij.junit4.JUnit4IdeaTestRunner.startRunnerWithArgs(JUnit4IdeaTestRunner.java:69)&#13;
	at com.intellij.rt.junit.IdeaTestRunner$Repeater.startRunnerWithArgs(IdeaTestRunner.java:33)&#13;
	at com.intellij.rt.junit.JUnitStarter.prepareStreamsAndStart(JUnitStarter.java:235)&#13;
	at com.intellij.rt.junit.JUnitStarter.main(JUnitStarter.java:54)&#13;
</output>
        </test>
        <test duration="5" locationUrl="java:test://com.sl.algorithms.core.list.reversal.SwapInPairsTest/testSwapInPairsBaseCases" name="SwapInPairsTest.testSwapInPairsBaseCases" status="passed"/>
    </suite>
    <suite duration="6" locationUrl="java:suite://com.sl.algorithms.core.list.rotation.LinkedListRotationTest" name="LinkedListRotationTest" status="error">
        <test duration="1" locationUrl="java:test://com.sl.algorithms.core.list.rotation.LinkedListRotationTest/assertIsRotation" name="LinkedListRotationTest.assertIsRotation" status="error">
            <output type="stderr">java.lang.ArrayIndexOutOfBoundsException: 5&#13;
	at com.sl.algorithms.core.list.ListNode.createLinkedList(ListNode.java:55)&#13;
	at com.sl.algorithms.core.list.rotation.LinkedListRotationTest.createList(LinkedListRotationTest.java:19)&#13;
	at sun.reflect.NativeMethodAccessorImpl.invoke0(Native Method)&#13;
	at sun.reflect.NativeMethodAccessorImpl.invoke(NativeMethodAccessorImpl.java:62)&#13;
	at sun.reflect.DelegatingMethodAccessorImpl.invoke(DelegatingMethodAccessorImpl.java:43)&#13;
	at java.lang.reflect.Method.invoke(Method.java:498)&#13;
	at org.junit.runners.model.FrameworkMethod$1.runReflectiveCall(FrameworkMethod.java:50)&#13;
	at org.junit.internal.runners.model.ReflectiveCallable.run(ReflectiveCallable.java:12)&#13;
	at org.junit.runners.model.FrameworkMethod.invokeExplosively(FrameworkMethod.java:47)&#13;
	at org.junit.internal.runners.statements.RunBefores.evaluate(RunBefores.java:24)&#13;
	at org.junit.runners.ParentRunner.runLeaf(ParentRunner.java:325)&#13;
	at org.junit.runners.BlockJUnit4ClassRunner.runChild(BlockJUnit4ClassRunner.java:78)&#13;
	at org.junit.runners.BlockJUnit4ClassRunner.runChild(BlockJUnit4ClassRunner.java:57)&#13;
	at org.junit.runners.ParentRunner$3.run(ParentRunner.java:290)&#13;
	at org.junit.runners.ParentRunner$1.schedule(ParentRunner.java:71)&#13;
	at org.junit.runners.ParentRunner.runChildren(ParentRunner.java:288)&#13;
	at org.junit.runners.ParentRunner.access$000(ParentRunner.java:58)&#13;
	at org.junit.runners.ParentRunner$2.evaluate(ParentRunner.java:268)&#13;
	at org.junit.runners.ParentRunner.run(ParentRunner.java:363)&#13;
	at org.junit.runners.Suite.runChild(Suite.java:128)&#13;
	at org.junit.runners.Suite.runChild(Suite.java:27)&#13;
	at org.junit.runners.ParentRunner$3.run(ParentRunner.java:290)&#13;
	at org.junit.runners.ParentRunner$1.schedule(ParentRunner.java:71)&#13;
	at org.junit.runners.ParentRunner.runChildren(ParentRunner.java:288)&#13;
	at org.junit.runners.ParentRunner.access$000(ParentRunner.java:58)&#13;
	at org.junit.runners.ParentRunner$2.evaluate(ParentRunner.java:268)&#13;
	at org.junit.runners.ParentRunner.run(ParentRunner.java:363)&#13;
	at org.junit.runner.JUnitCore.run(JUnitCore.java:137)&#13;
	at com.intellij.junit4.JUnit4IdeaTestRunner.startRunnerWithArgs(JUnit4IdeaTestRunner.java:69)&#13;
	at com.intellij.rt.junit.IdeaTestRunner$Repeater.startRunnerWithArgs(IdeaTestRunner.java:33)&#13;
	at com.intellij.rt.junit.JUnitStarter.prepareStreamsAndStart(JUnitStarter.java:235)&#13;
	at com.intellij.rt.junit.JUnitStarter.main(JUnitStarter.java:54)&#13;
</output>
        </test>
        <test duration="1" locationUrl="java:test://com.sl.algorithms.core.list.rotation.LinkedListRotationTest/testBaseCases" name="LinkedListRotationTest.testBaseCases" status="error">
            <output type="stderr">java.lang.ArrayIndexOutOfBoundsException: 5&#13;
	at com.sl.algorithms.core.list.ListNode.createLinkedList(ListNode.java:55)&#13;
	at com.sl.algorithms.core.list.rotation.LinkedListRotationTest.createList(LinkedListRotationTest.java:19)&#13;
	at sun.reflect.NativeMethodAccessorImpl.invoke0(Native Method)&#13;
	at sun.reflect.NativeMethodAccessorImpl.invoke(NativeMethodAccessorImpl.java:62)&#13;
	at sun.reflect.DelegatingMethodAccessorImpl.invoke(DelegatingMethodAccessorImpl.java:43)&#13;
	at java.lang.reflect.Method.invoke(Method.java:498)&#13;
	at org.junit.runners.model.FrameworkMethod$1.runReflectiveCall(FrameworkMethod.java:50)&#13;
	at org.junit.internal.runners.model.ReflectiveCallable.run(ReflectiveCallable.java:12)&#13;
	at org.junit.runners.model.FrameworkMethod.invokeExplosively(FrameworkMethod.java:47)&#13;
	at org.junit.internal.runners.statements.RunBefores.evaluate(RunBefores.java:24)&#13;
	at org.junit.runners.ParentRunner.runLeaf(ParentRunner.java:325)&#13;
	at org.junit.runners.BlockJUnit4ClassRunner.runChild(BlockJUnit4ClassRunner.java:78)&#13;
	at org.junit.runners.BlockJUnit4ClassRunner.runChild(BlockJUnit4ClassRunner.java:57)&#13;
	at org.junit.runners.ParentRunner$3.run(ParentRunner.java:290)&#13;
	at org.junit.runners.ParentRunner$1.schedule(ParentRunner.java:71)&#13;
	at org.junit.runners.ParentRunner.runChildren(ParentRunner.java:288)&#13;
	at org.junit.runners.ParentRunner.access$000(ParentRunner.java:58)&#13;
	at org.junit.runners.ParentRunner$2.evaluate(ParentRunner.java:268)&#13;
	at org.junit.runners.ParentRunner.run(ParentRunner.java:363)&#13;
	at org.junit.runners.Suite.runChild(Suite.java:128)&#13;
	at org.junit.runners.Suite.runChild(Suite.java:27)&#13;
	at org.junit.runners.ParentRunner$3.run(ParentRunner.java:290)&#13;
	at org.junit.runners.ParentRunner$1.schedule(ParentRunner.java:71)&#13;
	at org.junit.runners.ParentRunner.runChildren(ParentRunner.java:288)&#13;
	at org.junit.runners.ParentRunner.access$000(ParentRunner.java:58)&#13;
	at org.junit.runners.ParentRunner$2.evaluate(ParentRunner.java:268)&#13;
	at org.junit.runners.ParentRunner.run(ParentRunner.java:363)&#13;
	at org.junit.runner.JUnitCore.run(JUnitCore.java:137)&#13;
	at com.intellij.junit4.JUnit4IdeaTestRunner.startRunnerWithArgs(JUnit4IdeaTestRunner.java:69)&#13;
	at com.intellij.rt.junit.IdeaTestRunner$Repeater.startRunnerWithArgs(IdeaTestRunner.java:33)&#13;
	at com.intellij.rt.junit.JUnitStarter.prepareStreamsAndStart(JUnitStarter.java:235)&#13;
	at com.intellij.rt.junit.JUnitStarter.main(JUnitStarter.java:54)&#13;
</output>
        </test>
        <test duration="1" locationUrl="java:test://com.sl.algorithms.core.list.rotation.LinkedListRotationTest/testRotateLeft" name="LinkedListRotationTest.testRotateLeft" status="error">
            <output type="stderr">java.lang.ArrayIndexOutOfBoundsException: 5&#13;
	at com.sl.algorithms.core.list.ListNode.createLinkedList(ListNode.java:55)&#13;
	at com.sl.algorithms.core.list.rotation.LinkedListRotationTest.createList(LinkedListRotationTest.java:19)&#13;
	at sun.reflect.NativeMethodAccessorImpl.invoke0(Native Method)&#13;
	at sun.reflect.NativeMethodAccessorImpl.invoke(NativeMethodAccessorImpl.java:62)&#13;
	at sun.reflect.DelegatingMethodAccessorImpl.invoke(DelegatingMethodAccessorImpl.java:43)&#13;
	at java.lang.reflect.Method.invoke(Method.java:498)&#13;
	at org.junit.runners.model.FrameworkMethod$1.runReflectiveCall(FrameworkMethod.java:50)&#13;
	at org.junit.internal.runners.model.ReflectiveCallable.run(ReflectiveCallable.java:12)&#13;
	at org.junit.runners.model.FrameworkMethod.invokeExplosively(FrameworkMethod.java:47)&#13;
	at org.junit.internal.runners.statements.RunBefores.evaluate(RunBefores.java:24)&#13;
	at org.junit.runners.ParentRunner.runLeaf(ParentRunner.java:325)&#13;
	at org.junit.runners.BlockJUnit4ClassRunner.runChild(BlockJUnit4ClassRunner.java:78)&#13;
	at org.junit.runners.BlockJUnit4ClassRunner.runChild(BlockJUnit4ClassRunner.java:57)&#13;
	at org.junit.runners.ParentRunner$3.run(ParentRunner.java:290)&#13;
	at org.junit.runners.ParentRunner$1.schedule(ParentRunner.java:71)&#13;
	at org.junit.runners.ParentRunner.runChildren(ParentRunner.java:288)&#13;
	at org.junit.runners.ParentRunner.access$000(ParentRunner.java:58)&#13;
	at org.junit.runners.ParentRunner$2.evaluate(ParentRunner.java:268)&#13;
	at org.junit.runners.ParentRunner.run(ParentRunner.java:363)&#13;
	at org.junit.runners.Suite.runChild(Suite.java:128)&#13;
	at org.junit.runners.Suite.runChild(Suite.java:27)&#13;
	at org.junit.runners.ParentRunner$3.run(ParentRunner.java:290)&#13;
	at org.junit.runners.ParentRunner$1.schedule(ParentRunner.java:71)&#13;
	at org.junit.runners.ParentRunner.runChildren(ParentRunner.java:288)&#13;
	at org.junit.runners.ParentRunner.access$000(ParentRunner.java:58)&#13;
	at org.junit.runners.ParentRunner$2.evaluate(ParentRunner.java:268)&#13;
	at org.junit.runners.ParentRunner.run(ParentRunner.java:363)&#13;
	at org.junit.runner.JUnitCore.run(JUnitCore.java:137)&#13;
	at com.intellij.junit4.JUnit4IdeaTestRunner.startRunnerWithArgs(JUnit4IdeaTestRunner.java:69)&#13;
	at com.intellij.rt.junit.IdeaTestRunner$Repeater.startRunnerWithArgs(IdeaTestRunner.java:33)&#13;
	at com.intellij.rt.junit.JUnitStarter.prepareStreamsAndStart(JUnitStarter.java:235)&#13;
	at com.intellij.rt.junit.JUnitStarter.main(JUnitStarter.java:54)&#13;
</output>
        </test>
        <test duration="0" locationUrl="java:test://com.sl.algorithms.core.list.rotation.LinkedListRotationTest/testStringRotationLeft" name="LinkedListRotationTest.testStringRotationLeft" status="error">
            <output type="stderr">java.lang.ArrayIndexOutOfBoundsException: 5&#13;
	at com.sl.algorithms.core.list.ListNode.createLinkedList(ListNode.java:55)&#13;
	at com.sl.algorithms.core.list.rotation.LinkedListRotationTest.createList(LinkedListRotationTest.java:19)&#13;
	at sun.reflect.NativeMethodAccessorImpl.invoke0(Native Method)&#13;
	at sun.reflect.NativeMethodAccessorImpl.invoke(NativeMethodAccessorImpl.java:62)&#13;
	at sun.reflect.DelegatingMethodAccessorImpl.invoke(DelegatingMethodAccessorImpl.java:43)&#13;
	at java.lang.reflect.Method.invoke(Method.java:498)&#13;
	at org.junit.runners.model.FrameworkMethod$1.runReflectiveCall(FrameworkMethod.java:50)&#13;
	at org.junit.internal.runners.model.ReflectiveCallable.run(ReflectiveCallable.java:12)&#13;
	at org.junit.runners.model.FrameworkMethod.invokeExplosively(FrameworkMethod.java:47)&#13;
	at org.junit.internal.runners.statements.RunBefores.evaluate(RunBefores.java:24)&#13;
	at org.junit.runners.ParentRunner.runLeaf(ParentRunner.java:325)&#13;
	at org.junit.runners.BlockJUnit4ClassRunner.runChild(BlockJUnit4ClassRunner.java:78)&#13;
	at org.junit.runners.BlockJUnit4ClassRunner.runChild(BlockJUnit4ClassRunner.java:57)&#13;
	at org.junit.runners.ParentRunner$3.run(ParentRunner.java:290)&#13;
	at org.junit.runners.ParentRunner$1.schedule(ParentRunner.java:71)&#13;
	at org.junit.runners.ParentRunner.runChildren(ParentRunner.java:288)&#13;
	at org.junit.runners.ParentRunner.access$000(ParentRunner.java:58)&#13;
	at org.junit.runners.ParentRunner$2.evaluate(ParentRunner.java:268)&#13;
	at org.junit.runners.ParentRunner.run(ParentRunner.java:363)&#13;
	at org.junit.runners.Suite.runChild(Suite.java:128)&#13;
	at org.junit.runners.Suite.runChild(Suite.java:27)&#13;
	at org.junit.runners.ParentRunner$3.run(ParentRunner.java:290)&#13;
	at org.junit.runners.ParentRunner$1.schedule(ParentRunner.java:71)&#13;
	at org.junit.runners.ParentRunner.runChildren(ParentRunner.java:288)&#13;
	at org.junit.runners.ParentRunner.access$000(ParentRunner.java:58)&#13;
	at org.junit.runners.ParentRunner$2.evaluate(ParentRunner.java:268)&#13;
	at org.junit.runners.ParentRunner.run(ParentRunner.java:363)&#13;
	at org.junit.runner.JUnitCore.run(JUnitCore.java:137)&#13;
	at com.intellij.junit4.JUnit4IdeaTestRunner.startRunnerWithArgs(JUnit4IdeaTestRunner.java:69)&#13;
	at com.intellij.rt.junit.IdeaTestRunner$Repeater.startRunnerWithArgs(IdeaTestRunner.java:33)&#13;
	at com.intellij.rt.junit.JUnitStarter.prepareStreamsAndStart(JUnitStarter.java:235)&#13;
	at com.intellij.rt.junit.JUnitStarter.main(JUnitStarter.java:54)&#13;
</output>
        </test>
        <test duration="1" locationUrl="java:test://com.sl.algorithms.core.list.rotation.LinkedListRotationTest/testStringRotationRight" name="LinkedListRotationTest.testStringRotationRight" status="error">
            <output type="stderr">java.lang.ArrayIndexOutOfBoundsException: 5&#13;
	at com.sl.algorithms.core.list.ListNode.createLinkedList(ListNode.java:55)&#13;
	at com.sl.algorithms.core.list.rotation.LinkedListRotationTest.createList(LinkedListRotationTest.java:19)&#13;
	at sun.reflect.NativeMethodAccessorImpl.invoke0(Native Method)&#13;
	at sun.reflect.NativeMethodAccessorImpl.invoke(NativeMethodAccessorImpl.java:62)&#13;
	at sun.reflect.DelegatingMethodAccessorImpl.invoke(DelegatingMethodAccessorImpl.java:43)&#13;
	at java.lang.reflect.Method.invoke(Method.java:498)&#13;
	at org.junit.runners.model.FrameworkMethod$1.runReflectiveCall(FrameworkMethod.java:50)&#13;
	at org.junit.internal.runners.model.ReflectiveCallable.run(ReflectiveCallable.java:12)&#13;
	at org.junit.runners.model.FrameworkMethod.invokeExplosively(FrameworkMethod.java:47)&#13;
	at org.junit.internal.runners.statements.RunBefores.evaluate(RunBefores.java:24)&#13;
	at org.junit.runners.ParentRunner.runLeaf(ParentRunner.java:325)&#13;
	at org.junit.runners.BlockJUnit4ClassRunner.runChild(BlockJUnit4ClassRunner.java:78)&#13;
	at org.junit.runners.BlockJUnit4ClassRunner.runChild(BlockJUnit4ClassRunner.java:57)&#13;
	at org.junit.runners.ParentRunner$3.run(ParentRunner.java:290)&#13;
	at org.junit.runners.ParentRunner$1.schedule(ParentRunner.java:71)&#13;
	at org.junit.runners.ParentRunner.runChildren(ParentRunner.java:288)&#13;
	at org.junit.runners.ParentRunner.access$000(ParentRunner.java:58)&#13;
	at org.junit.runners.ParentRunner$2.evaluate(ParentRunner.java:268)&#13;
	at org.junit.runners.ParentRunner.run(ParentRunner.java:363)&#13;
	at org.junit.runners.Suite.runChild(Suite.java:128)&#13;
	at org.junit.runners.Suite.runChild(Suite.java:27)&#13;
	at org.junit.runners.ParentRunner$3.run(ParentRunner.java:290)&#13;
	at org.junit.runners.ParentRunner$1.schedule(ParentRunner.java:71)&#13;
	at org.junit.runners.ParentRunner.runChildren(ParentRunner.java:288)&#13;
	at org.junit.runners.ParentRunner.access$000(ParentRunner.java:58)&#13;
	at org.junit.runners.ParentRunner$2.evaluate(ParentRunner.java:268)&#13;
	at org.junit.runners.ParentRunner.run(ParentRunner.java:363)&#13;
	at org.junit.runner.JUnitCore.run(JUnitCore.java:137)&#13;
	at com.intellij.junit4.JUnit4IdeaTestRunner.startRunnerWithArgs(JUnit4IdeaTestRunner.java:69)&#13;
	at com.intellij.rt.junit.IdeaTestRunner$Repeater.startRunnerWithArgs(IdeaTestRunner.java:33)&#13;
	at com.intellij.rt.junit.JUnitStarter.prepareStreamsAndStart(JUnitStarter.java:235)&#13;
	at com.intellij.rt.junit.JUnitStarter.main(JUnitStarter.java:54)&#13;
</output>
        </test>
        <test duration="1" locationUrl="java:test://com.sl.algorithms.core.list.rotation.LinkedListRotationTest/assertArrayRotationUsingLinkedList" name="LinkedListRotationTest.assertArrayRotationUsingLinkedList" status="error">
            <output type="stderr">java.lang.ArrayIndexOutOfBoundsException: 5&#13;
	at com.sl.algorithms.core.list.ListNode.createLinkedList(ListNode.java:55)&#13;
	at com.sl.algorithms.core.list.rotation.LinkedListRotationTest.createList(LinkedListRotationTest.java:19)&#13;
	at sun.reflect.NativeMethodAccessorImpl.invoke0(Native Method)&#13;
	at sun.reflect.NativeMethodAccessorImpl.invoke(NativeMethodAccessorImpl.java:62)&#13;
	at sun.reflect.DelegatingMethodAccessorImpl.invoke(DelegatingMethodAccessorImpl.java:43)&#13;
	at java.lang.reflect.Method.invoke(Method.java:498)&#13;
	at org.junit.runners.model.FrameworkMethod$1.runReflectiveCall(FrameworkMethod.java:50)&#13;
	at org.junit.internal.runners.model.ReflectiveCallable.run(ReflectiveCallable.java:12)&#13;
	at org.junit.runners.model.FrameworkMethod.invokeExplosively(FrameworkMethod.java:47)&#13;
	at org.junit.internal.runners.statements.RunBefores.evaluate(RunBefores.java:24)&#13;
	at org.junit.runners.ParentRunner.runLeaf(ParentRunner.java:325)&#13;
	at org.junit.runners.BlockJUnit4ClassRunner.runChild(BlockJUnit4ClassRunner.java:78)&#13;
	at org.junit.runners.BlockJUnit4ClassRunner.runChild(BlockJUnit4ClassRunner.java:57)&#13;
	at org.junit.runners.ParentRunner$3.run(ParentRunner.java:290)&#13;
	at org.junit.runners.ParentRunner$1.schedule(ParentRunner.java:71)&#13;
	at org.junit.runners.ParentRunner.runChildren(ParentRunner.java:288)&#13;
	at org.junit.runners.ParentRunner.access$000(ParentRunner.java:58)&#13;
	at org.junit.runners.ParentRunner$2.evaluate(ParentRunner.java:268)&#13;
	at org.junit.runners.ParentRunner.run(ParentRunner.java:363)&#13;
	at org.junit.runners.Suite.runChild(Suite.java:128)&#13;
	at org.junit.runners.Suite.runChild(Suite.java:27)&#13;
	at org.junit.runners.ParentRunner$3.run(ParentRunner.java:290)&#13;
	at org.junit.runners.ParentRunner$1.schedule(ParentRunner.java:71)&#13;
	at org.junit.runners.ParentRunner.runChildren(ParentRunner.java:288)&#13;
	at org.junit.runners.ParentRunner.access$000(ParentRunner.java:58)&#13;
	at org.junit.runners.ParentRunner$2.evaluate(ParentRunner.java:268)&#13;
	at org.junit.runners.ParentRunner.run(ParentRunner.java:363)&#13;
	at org.junit.runner.JUnitCore.run(JUnitCore.java:137)&#13;
	at com.intellij.junit4.JUnit4IdeaTestRunner.startRunnerWithArgs(JUnit4IdeaTestRunner.java:69)&#13;
	at com.intellij.rt.junit.IdeaTestRunner$Repeater.startRunnerWithArgs(IdeaTestRunner.java:33)&#13;
	at com.intellij.rt.junit.JUnitStarter.prepareStreamsAndStart(JUnitStarter.java:235)&#13;
	at com.intellij.rt.junit.JUnitStarter.main(JUnitStarter.java:54)&#13;
</output>
        </test>
        <test duration="1" locationUrl="java:test://com.sl.algorithms.core.list.rotation.LinkedListRotationTest/testRotateRight" name="LinkedListRotationTest.testRotateRight" status="error">
            <output type="stderr">java.lang.ArrayIndexOutOfBoundsException: 5&#13;
	at com.sl.algorithms.core.list.ListNode.createLinkedList(ListNode.java:55)&#13;
	at com.sl.algorithms.core.list.rotation.LinkedListRotationTest.createList(LinkedListRotationTest.java:19)&#13;
	at sun.reflect.NativeMethodAccessorImpl.invoke0(Native Method)&#13;
	at sun.reflect.NativeMethodAccessorImpl.invoke(NativeMethodAccessorImpl.java:62)&#13;
	at sun.reflect.DelegatingMethodAccessorImpl.invoke(DelegatingMethodAccessorImpl.java:43)&#13;
	at java.lang.reflect.Method.invoke(Method.java:498)&#13;
	at org.junit.runners.model.FrameworkMethod$1.runReflectiveCall(FrameworkMethod.java:50)&#13;
	at org.junit.internal.runners.model.ReflectiveCallable.run(ReflectiveCallable.java:12)&#13;
	at org.junit.runners.model.FrameworkMethod.invokeExplosively(FrameworkMethod.java:47)&#13;
	at org.junit.internal.runners.statements.RunBefores.evaluate(RunBefores.java:24)&#13;
	at org.junit.runners.ParentRunner.runLeaf(ParentRunner.java:325)&#13;
	at org.junit.runners.BlockJUnit4ClassRunner.runChild(BlockJUnit4ClassRunner.java:78)&#13;
	at org.junit.runners.BlockJUnit4ClassRunner.runChild(BlockJUnit4ClassRunner.java:57)&#13;
	at org.junit.runners.ParentRunner$3.run(ParentRunner.java:290)&#13;
	at org.junit.runners.ParentRunner$1.schedule(ParentRunner.java:71)&#13;
	at org.junit.runners.ParentRunner.runChildren(ParentRunner.java:288)&#13;
	at org.junit.runners.ParentRunner.access$000(ParentRunner.java:58)&#13;
	at org.junit.runners.ParentRunner$2.evaluate(ParentRunner.java:268)&#13;
	at org.junit.runners.ParentRunner.run(ParentRunner.java:363)&#13;
	at org.junit.runners.Suite.runChild(Suite.java:128)&#13;
	at org.junit.runners.Suite.runChild(Suite.java:27)&#13;
	at org.junit.runners.ParentRunner$3.run(ParentRunner.java:290)&#13;
	at org.junit.runners.ParentRunner$1.schedule(ParentRunner.java:71)&#13;
	at org.junit.runners.ParentRunner.runChildren(ParentRunner.java:288)&#13;
	at org.junit.runners.ParentRunner.access$000(ParentRunner.java:58)&#13;
	at org.junit.runners.ParentRunner$2.evaluate(ParentRunner.java:268)&#13;
	at org.junit.runners.ParentRunner.run(ParentRunner.java:363)&#13;
	at org.junit.runner.JUnitCore.run(JUnitCore.java:137)&#13;
	at com.intellij.junit4.JUnit4IdeaTestRunner.startRunnerWithArgs(JUnit4IdeaTestRunner.java:69)&#13;
	at com.intellij.rt.junit.IdeaTestRunner$Repeater.startRunnerWithArgs(IdeaTestRunner.java:33)&#13;
	at com.intellij.rt.junit.JUnitStarter.prepareStreamsAndStart(JUnitStarter.java:235)&#13;
	at com.intellij.rt.junit.JUnitStarter.main(JUnitStarter.java:54)&#13;
</output>
        </test>
    </suite>
    <suite duration="6" locationUrl="java:suite://com.sl.algorithms.core.stack.MinStackTest" name="MinStackTest" status="failed">
        <test duration="5" locationUrl="java:test://com.sl.algorithms.core.stack.MinStackTest/assertMinStackOps" name="MinStackTest.assertMinStackOps" status="failed">
            <diff actual="-1" expected="0"/>
            <output type="stderr">java.lang.AssertionError: &#13;
	at org.junit.Assert.fail(Assert.java:88)&#13;
	at org.junit.Assert.failNotEquals(Assert.java:834)&#13;
	at org.junit.Assert.assertEquals(Assert.java:645)&#13;
	at org.junit.Assert.assertEquals(Assert.java:631)&#13;
	at com.sl.algorithms.core.stack.MinStackTest.assertMinStackOps(MinStackTest.java:16)&#13;
	at sun.reflect.NativeMethodAccessorImpl.invoke0(Native Method)&#13;
	at sun.reflect.NativeMethodAccessorImpl.invoke(NativeMethodAccessorImpl.java:62)&#13;
	at sun.reflect.DelegatingMethodAccessorImpl.invoke(DelegatingMethodAccessorImpl.java:43)&#13;
	at java.lang.reflect.Method.invoke(Method.java:498)&#13;
	at org.junit.runners.model.FrameworkMethod$1.runReflectiveCall(FrameworkMethod.java:50)&#13;
	at org.junit.internal.runners.model.ReflectiveCallable.run(ReflectiveCallable.java:12)&#13;
	at org.junit.runners.model.FrameworkMethod.invokeExplosively(FrameworkMethod.java:47)&#13;
	at org.junit.internal.runners.statements.InvokeMethod.evaluate(InvokeMethod.java:17)&#13;
	at org.junit.runners.ParentRunner.runLeaf(ParentRunner.java:325)&#13;
	at org.junit.runners.BlockJUnit4ClassRunner.runChild(BlockJUnit4ClassRunner.java:78)&#13;
	at org.junit.runners.BlockJUnit4ClassRunner.runChild(BlockJUnit4ClassRunner.java:57)&#13;
	at org.junit.runners.ParentRunner$3.run(ParentRunner.java:290)&#13;
	at org.junit.runners.ParentRunner$1.schedule(ParentRunner.java:71)&#13;
	at org.junit.runners.ParentRunner.runChildren(ParentRunner.java:288)&#13;
	at org.junit.runners.ParentRunner.access$000(ParentRunner.java:58)&#13;
	at org.junit.runners.ParentRunner$2.evaluate(ParentRunner.java:268)&#13;
	at org.junit.runners.ParentRunner.run(ParentRunner.java:363)&#13;
	at org.junit.runners.Suite.runChild(Suite.java:128)&#13;
	at org.junit.runners.Suite.runChild(Suite.java:27)&#13;
	at org.junit.runners.ParentRunner$3.run(ParentRunner.java:290)&#13;
	at org.junit.runners.ParentRunner$1.schedule(ParentRunner.java:71)&#13;
	at org.junit.runners.ParentRunner.runChildren(ParentRunner.java:288)&#13;
	at org.junit.runners.ParentRunner.access$000(ParentRunner.java:58)&#13;
	at org.junit.runners.ParentRunner$2.evaluate(ParentRunner.java:268)&#13;
	at org.junit.runners.ParentRunner.run(ParentRunner.java:363)&#13;
	at org.junit.runner.JUnitCore.run(JUnitCore.java:137)&#13;
	at com.intellij.junit4.JUnit4IdeaTestRunner.startRunnerWithArgs(JUnit4IdeaTestRunner.java:69)&#13;
	at com.intellij.rt.junit.IdeaTestRunner$Repeater.startRunnerWithArgs(IdeaTestRunner.java:33)&#13;
	at com.intellij.rt.junit.JUnitStarter.prepareStreamsAndStart(JUnitStarter.java:235)&#13;
	at com.intellij.rt.junit.JUnitStarter.main(JUnitStarter.java:54)&#13;
</output>
        </test>
        <test duration="1" locationUrl="java:test://com.sl.algorithms.core.stack.MinStackTest/assertNullMinStackOps" name="MinStackTest.assertNullMinStackOps" status="failed">
            <diff actual="-1" expected="-10"/>
            <output type="stderr">java.lang.AssertionError: &#13;
	at org.junit.Assert.fail(Assert.java:88)&#13;
	at org.junit.Assert.failNotEquals(Assert.java:834)&#13;
	at org.junit.Assert.assertEquals(Assert.java:645)&#13;
	at org.junit.Assert.assertEquals(Assert.java:631)&#13;
	at com.sl.algorithms.core.stack.MinStackTest.assertNullMinStackOps(MinStackTest.java:29)&#13;
	at sun.reflect.NativeMethodAccessorImpl.invoke0(Native Method)&#13;
	at sun.reflect.NativeMethodAccessorImpl.invoke(NativeMethodAccessorImpl.java:62)&#13;
	at sun.reflect.DelegatingMethodAccessorImpl.invoke(DelegatingMethodAccessorImpl.java:43)&#13;
	at java.lang.reflect.Method.invoke(Method.java:498)&#13;
	at org.junit.runners.model.FrameworkMethod$1.runReflectiveCall(FrameworkMethod.java:50)&#13;
	at org.junit.internal.runners.model.ReflectiveCallable.run(ReflectiveCallable.java:12)&#13;
	at org.junit.runners.model.FrameworkMethod.invokeExplosively(FrameworkMethod.java:47)&#13;
	at org.junit.internal.runners.statements.InvokeMethod.evaluate(InvokeMethod.java:17)&#13;
	at org.junit.runners.ParentRunner.runLeaf(ParentRunner.java:325)&#13;
	at org.junit.runners.BlockJUnit4ClassRunner.runChild(BlockJUnit4ClassRunner.java:78)&#13;
	at org.junit.runners.BlockJUnit4ClassRunner.runChild(BlockJUnit4ClassRunner.java:57)&#13;
	at org.junit.runners.ParentRunner$3.run(ParentRunner.java:290)&#13;
	at org.junit.runners.ParentRunner$1.schedule(ParentRunner.java:71)&#13;
	at org.junit.runners.ParentRunner.runChildren(ParentRunner.java:288)&#13;
	at org.junit.runners.ParentRunner.access$000(ParentRunner.java:58)&#13;
	at org.junit.runners.ParentRunner$2.evaluate(ParentRunner.java:268)&#13;
	at org.junit.runners.ParentRunner.run(ParentRunner.java:363)&#13;
	at org.junit.runners.Suite.runChild(Suite.java:128)&#13;
	at org.junit.runners.Suite.runChild(Suite.java:27)&#13;
	at org.junit.runners.ParentRunner$3.run(ParentRunner.java:290)&#13;
	at org.junit.runners.ParentRunner$1.schedule(ParentRunner.java:71)&#13;
	at org.junit.runners.ParentRunner.runChildren(ParentRunner.java:288)&#13;
	at org.junit.runners.ParentRunner.access$000(ParentRunner.java:58)&#13;
	at org.junit.runners.ParentRunner$2.evaluate(ParentRunner.java:268)&#13;
	at org.junit.runners.ParentRunner.run(ParentRunner.java:363)&#13;
	at org.junit.runner.JUnitCore.run(JUnitCore.java:137)&#13;
	at com.intellij.junit4.JUnit4IdeaTestRunner.startRunnerWithArgs(JUnit4IdeaTestRunner.java:69)&#13;
	at com.intellij.rt.junit.IdeaTestRunner$Repeater.startRunnerWithArgs(IdeaTestRunner.java:33)&#13;
	at com.intellij.rt.junit.JUnitStarter.prepareStreamsAndStart(JUnitStarter.java:235)&#13;
	at com.intellij.rt.junit.JUnitStarter.main(JUnitStarter.java:54)&#13;
</output>
        </test>
    </suite>
    <suite duration="1" locationUrl="java:suite://com.sl.algorithms.core.strings.checks.LapindromeTest" name="LapindromeTest" status="failed">
        <test duration="0" locationUrl="java:test://com.sl.algorithms.core.strings.checks.LapindromeTest/assertSingleCharString" name="LapindromeTest.assertSingleCharString" status="passed"/>
        <test duration="1" locationUrl="java:test://com.sl.algorithms.core.strings.checks.LapindromeTest/assertPositive" name="LapindromeTest.assertPositive" status="failed">
            <output type="stderr">java.lang.AssertionError&#13;
	at org.junit.Assert.fail(Assert.java:86)&#13;
	at org.junit.Assert.assertTrue(Assert.java:41)&#13;
	at org.junit.Assert.assertTrue(Assert.java:52)&#13;
	at com.sl.algorithms.core.strings.checks.LapindromeTest.assertPositive(LapindromeTest.java:24)&#13;
	at sun.reflect.NativeMethodAccessorImpl.invoke0(Native Method)&#13;
	at sun.reflect.NativeMethodAccessorImpl.invoke(NativeMethodAccessorImpl.java:62)&#13;
	at sun.reflect.DelegatingMethodAccessorImpl.invoke(DelegatingMethodAccessorImpl.java:43)&#13;
	at java.lang.reflect.Method.invoke(Method.java:498)&#13;
	at org.junit.runners.model.FrameworkMethod$1.runReflectiveCall(FrameworkMethod.java:50)&#13;
	at org.junit.internal.runners.model.ReflectiveCallable.run(ReflectiveCallable.java:12)&#13;
	at org.junit.runners.model.FrameworkMethod.invokeExplosively(FrameworkMethod.java:47)&#13;
	at org.junit.internal.runners.statements.InvokeMethod.evaluate(InvokeMethod.java:17)&#13;
	at org.junit.runners.ParentRunner.runLeaf(ParentRunner.java:325)&#13;
	at org.junit.runners.BlockJUnit4ClassRunner.runChild(BlockJUnit4ClassRunner.java:78)&#13;
	at org.junit.runners.BlockJUnit4ClassRunner.runChild(BlockJUnit4ClassRunner.java:57)&#13;
	at org.junit.runners.ParentRunner$3.run(ParentRunner.java:290)&#13;
	at org.junit.runners.ParentRunner$1.schedule(ParentRunner.java:71)&#13;
	at org.junit.runners.ParentRunner.runChildren(ParentRunner.java:288)&#13;
	at org.junit.runners.ParentRunner.access$000(ParentRunner.java:58)&#13;
	at org.junit.runners.ParentRunner$2.evaluate(ParentRunner.java:268)&#13;
	at org.junit.runners.ParentRunner.run(ParentRunner.java:363)&#13;
	at org.junit.runners.Suite.runChild(Suite.java:128)&#13;
	at org.junit.runners.Suite.runChild(Suite.java:27)&#13;
	at org.junit.runners.ParentRunner$3.run(ParentRunner.java:290)&#13;
	at org.junit.runners.ParentRunner$1.schedule(ParentRunner.java:71)&#13;
	at org.junit.runners.ParentRunner.runChildren(ParentRunner.java:288)&#13;
	at org.junit.runners.ParentRunner.access$000(ParentRunner.java:58)&#13;
	at org.junit.runners.ParentRunner$2.evaluate(ParentRunner.java:268)&#13;
	at org.junit.runners.ParentRunner.run(ParentRunner.java:363)&#13;
	at org.junit.runner.JUnitCore.run(JUnitCore.java:137)&#13;
	at com.intellij.junit4.JUnit4IdeaTestRunner.startRunnerWithArgs(JUnit4IdeaTestRunner.java:69)&#13;
	at com.intellij.rt.junit.IdeaTestRunner$Repeater.startRunnerWithArgs(IdeaTestRunner.java:33)&#13;
	at com.intellij.rt.junit.JUnitStarter.prepareStreamsAndStart(JUnitStarter.java:235)&#13;
	at com.intellij.rt.junit.JUnitStarter.main(JUnitStarter.java:54)&#13;
</output>
        </test>
        <test duration="0" locationUrl="java:test://com.sl.algorithms.core.strings.checks.LapindromeTest/assertNegative" name="LapindromeTest.assertNegative" status="passed"/>
        <test duration="0" locationUrl="java:test://com.sl.algorithms.core.strings.checks.LapindromeTest/assertNull" name="LapindromeTest.assertNull" status="passed"/>
    </suite>
    <suite duration="8" locationUrl="java:suite://com.sl.algorithms.core.strings.checks.parenthesis.ParenthesisValidatorTest" name="ParenthesisValidatorTest" status="passed">
        <test duration="2" locationUrl="java:test://com.sl.algorithms.core.strings.checks.parenthesis.ParenthesisValidatorTest/assertIsValidParenthesisString" name="ParenthesisValidatorTest.assertIsValidParenthesisString" status="passed"/>
        <test duration="4" locationUrl="java:test://com.sl.algorithms.core.strings.checks.parenthesis.ParenthesisValidatorTest/assertIsValidParenthesisWildChar" name="ParenthesisValidatorTest.assertIsValidParenthesisWildChar" status="passed"/>
        <test duration="2" locationUrl="java:test://com.sl.algorithms.core.strings.checks.parenthesis.ParenthesisValidatorTest/assertIsValidParenthesis" name="ParenthesisValidatorTest.assertIsValidParenthesis" status="passed"/>
    </suite>
    <suite duration="2" locationUrl="java:suite://com.sl.algorithms.core.strings.codec.CodecTest" name="CodecTest" status="passed">
        <test duration="2" locationUrl="java:test://com.sl.algorithms.core.strings.codec.CodecTest/assertDecode" name="CodecTest.assertDecode" status="passed"/>
    </suite>
    <suite duration="10" locationUrl="java:suite://com.sl.algorithms.core.tree.lca.LCAFinderTest" name="LCAFinderTest" status="passed">
        <test duration="7" locationUrl="java:test://com.sl.algorithms.core.tree.lca.LCAFinderTest/assertLCARecursive" name="LCAFinderTest.assertLCARecursive" status="passed"/>
        <test duration="3" locationUrl="java:test://com.sl.algorithms.core.tree.lca.LCAFinderTest/assertLCAIterative" name="LCAFinderTest.assertLCAIterative" status="passed"/>
    </suite>
    <suite duration="8" locationUrl="java:suite://com.sl.algorithms.core.utils.ArrayOpsTest" name="ArrayOpsTest" status="passed">
        <test duration="0" locationUrl="java:test://com.sl.algorithms.core.utils.ArrayOpsTest/testIsMountain" name="ArrayOpsTest.testIsMountain" status="passed"/>
        <test duration="0" locationUrl="java:test://com.sl.algorithms.core.utils.ArrayOpsTest/testReverseObj" name="ArrayOpsTest.testReverseObj" status="passed"/>
        <test duration="3" locationUrl="java:test://com.sl.algorithms.core.utils.ArrayOpsTest/testReverseInRange" name="ArrayOpsTest.testReverseInRange" status="passed"/>
        <test duration="0" locationUrl="java:test://com.sl.algorithms.core.utils.ArrayOpsTest/testHaveSameDataNegative" name="ArrayOpsTest.testHaveSameDataNegative" status="passed"/>
        <test duration="5" locationUrl="java:test://com.sl.algorithms.core.utils.ArrayOpsTest/testReverse" name="ArrayOpsTest.testReverse" status="passed"/>
        <test duration="0" locationUrl="java:test://com.sl.algorithms.core.utils.ArrayOpsTest/testHaveSameData" name="ArrayOpsTest.testHaveSameData" status="passed"/>
    </suite>
    <suite duration="20" locationUrl="java:suite://com.sl.algorithms.core.utils.FormulasTest" name="FormulasTest" status="passed">
        <test duration="0" locationUrl="java:test://com.sl.algorithms.core.utils.FormulasTest/testIsNeonNumber" name="FormulasTest.testIsNeonNumber" status="passed"/>
        <test duration="0" locationUrl="java:test://com.sl.algorithms.core.utils.FormulasTest/midPointTest" name="FormulasTest.midPointTest" status="passed"/>
        <test duration="1" locationUrl="java:test://com.sl.algorithms.core.utils.FormulasTest/testOrderOf" name="FormulasTest.testOrderOf" status="passed"/>
        <test duration="0" locationUrl="java:test://com.sl.algorithms.core.utils.FormulasTest/testPrimality" name="FormulasTest.testPrimality" status="passed"/>
        <test duration="13" locationUrl="java:test://com.sl.algorithms.core.utils.FormulasTest/testPrintArmstrongNumbers" name="FormulasTest.testPrintArmstrongNumbers" status="passed"/>
        <test duration="1" locationUrl="java:test://com.sl.algorithms.core.utils.FormulasTest/testHaveSameDigitsAndLengthPrimes" name="FormulasTest.testHaveSameDigitsAndLengthPrimes" status="passed"/>
        <test duration="3" locationUrl="java:test://com.sl.algorithms.core.utils.FormulasTest/testEulerPrimes" name="FormulasTest.testEulerPrimes" status="passed"/>
        <test duration="0" locationUrl="java:test://com.sl.algorithms.core.utils.FormulasTest/midPointTestLargeNumbers" name="FormulasTest.midPointTestLargeNumbers" status="passed"/>
        <test duration="1" locationUrl="java:test://com.sl.algorithms.core.utils.FormulasTest/testIsPalindrome" name="FormulasTest.testIsPalindrome" status="passed"/>
        <test duration="0" locationUrl="java:test://com.sl.algorithms.core.utils.FormulasTest/testHaveSameDigitsAndLength" name="FormulasTest.testHaveSameDigitsAndLength" status="passed"/>
        <test duration="0" locationUrl="java:test://com.sl.algorithms.core.utils.FormulasTest/testRaiseTo" name="FormulasTest.testRaiseTo" status="passed"/>
        <test duration="0" locationUrl="java:test://com.sl.algorithms.core.utils.FormulasTest/hcfTest" name="FormulasTest.hcfTest" status="passed"/>
        <test duration="0" locationUrl="java:test://com.sl.algorithms.core.utils.FormulasTest/midPointTestLargeRange" name="FormulasTest.midPointTestLargeRange" status="passed"/>
        <test duration="1" locationUrl="java:test://com.sl.algorithms.core.utils.FormulasTest/testPrimalityLargeNumber" name="FormulasTest.testPrimalityLargeNumber" status="passed"/>
    </suite>
    <suite duration="5" locationUrl="java:suite://com.sl.algorithms.core.utils.LinkedListOpsTest" name="LinkedListOpsTest" status="error">
        <test duration="1" locationUrl="java:test://com.sl.algorithms.core.utils.LinkedListOpsTest/testRemoveDataByPosition" name="LinkedListOpsTest.testRemoveDataByPosition" status="error">
            <output type="stderr">java.lang.ArrayIndexOutOfBoundsException: 5&#13;
	at com.sl.algorithms.core.list.ListNode.createLinkedList(ListNode.java:55)&#13;
	at com.sl.algorithms.core.utils.LinkedListOpsTest.createList(LinkedListOpsTest.java:19)&#13;
	at sun.reflect.NativeMethodAccessorImpl.invoke0(Native Method)&#13;
	at sun.reflect.NativeMethodAccessorImpl.invoke(NativeMethodAccessorImpl.java:62)&#13;
	at sun.reflect.DelegatingMethodAccessorImpl.invoke(DelegatingMethodAccessorImpl.java:43)&#13;
	at java.lang.reflect.Method.invoke(Method.java:498)&#13;
	at org.junit.runners.model.FrameworkMethod$1.runReflectiveCall(FrameworkMethod.java:50)&#13;
	at org.junit.internal.runners.model.ReflectiveCallable.run(ReflectiveCallable.java:12)&#13;
	at org.junit.runners.model.FrameworkMethod.invokeExplosively(FrameworkMethod.java:47)&#13;
	at org.junit.internal.runners.statements.RunBefores.evaluate(RunBefores.java:24)&#13;
	at org.junit.runners.ParentRunner.runLeaf(ParentRunner.java:325)&#13;
	at org.junit.runners.BlockJUnit4ClassRunner.runChild(BlockJUnit4ClassRunner.java:78)&#13;
	at org.junit.runners.BlockJUnit4ClassRunner.runChild(BlockJUnit4ClassRunner.java:57)&#13;
	at org.junit.runners.ParentRunner$3.run(ParentRunner.java:290)&#13;
	at org.junit.runners.ParentRunner$1.schedule(ParentRunner.java:71)&#13;
	at org.junit.runners.ParentRunner.runChildren(ParentRunner.java:288)&#13;
	at org.junit.runners.ParentRunner.access$000(ParentRunner.java:58)&#13;
	at org.junit.runners.ParentRunner$2.evaluate(ParentRunner.java:268)&#13;
	at org.junit.runners.ParentRunner.run(ParentRunner.java:363)&#13;
	at org.junit.runners.Suite.runChild(Suite.java:128)&#13;
	at org.junit.runners.Suite.runChild(Suite.java:27)&#13;
	at org.junit.runners.ParentRunner$3.run(ParentRunner.java:290)&#13;
	at org.junit.runners.ParentRunner$1.schedule(ParentRunner.java:71)&#13;
	at org.junit.runners.ParentRunner.runChildren(ParentRunner.java:288)&#13;
	at org.junit.runners.ParentRunner.access$000(ParentRunner.java:58)&#13;
	at org.junit.runners.ParentRunner$2.evaluate(ParentRunner.java:268)&#13;
	at org.junit.runners.ParentRunner.run(ParentRunner.java:363)&#13;
	at org.junit.runner.JUnitCore.run(JUnitCore.java:137)&#13;
	at com.intellij.junit4.JUnit4IdeaTestRunner.startRunnerWithArgs(JUnit4IdeaTestRunner.java:69)&#13;
	at com.intellij.rt.junit.IdeaTestRunner$Repeater.startRunnerWithArgs(IdeaTestRunner.java:33)&#13;
	at com.intellij.rt.junit.JUnitStarter.prepareStreamsAndStart(JUnitStarter.java:235)&#13;
	at com.intellij.rt.junit.JUnitStarter.main(JUnitStarter.java:54)&#13;
</output>
        </test>
        <test duration="1" locationUrl="java:test://com.sl.algorithms.core.utils.LinkedListOpsTest/testRemoveDuplicates" name="LinkedListOpsTest.testRemoveDuplicates" status="error">
            <output type="stderr">java.lang.ArrayIndexOutOfBoundsException: 5&#13;
	at com.sl.algorithms.core.list.ListNode.createLinkedList(ListNode.java:55)&#13;
	at com.sl.algorithms.core.utils.LinkedListOpsTest.createList(LinkedListOpsTest.java:19)&#13;
	at sun.reflect.NativeMethodAccessorImpl.invoke0(Native Method)&#13;
	at sun.reflect.NativeMethodAccessorImpl.invoke(NativeMethodAccessorImpl.java:62)&#13;
	at sun.reflect.DelegatingMethodAccessorImpl.invoke(DelegatingMethodAccessorImpl.java:43)&#13;
	at java.lang.reflect.Method.invoke(Method.java:498)&#13;
	at org.junit.runners.model.FrameworkMethod$1.runReflectiveCall(FrameworkMethod.java:50)&#13;
	at org.junit.internal.runners.model.ReflectiveCallable.run(ReflectiveCallable.java:12)&#13;
	at org.junit.runners.model.FrameworkMethod.invokeExplosively(FrameworkMethod.java:47)&#13;
	at org.junit.internal.runners.statements.RunBefores.evaluate(RunBefores.java:24)&#13;
	at org.junit.runners.ParentRunner.runLeaf(ParentRunner.java:325)&#13;
	at org.junit.runners.BlockJUnit4ClassRunner.runChild(BlockJUnit4ClassRunner.java:78)&#13;
	at org.junit.runners.BlockJUnit4ClassRunner.runChild(BlockJUnit4ClassRunner.java:57)&#13;
	at org.junit.runners.ParentRunner$3.run(ParentRunner.java:290)&#13;
	at org.junit.runners.ParentRunner$1.schedule(ParentRunner.java:71)&#13;
	at org.junit.runners.ParentRunner.runChildren(ParentRunner.java:288)&#13;
	at org.junit.runners.ParentRunner.access$000(ParentRunner.java:58)&#13;
	at org.junit.runners.ParentRunner$2.evaluate(ParentRunner.java:268)&#13;
	at org.junit.runners.ParentRunner.run(ParentRunner.java:363)&#13;
	at org.junit.runners.Suite.runChild(Suite.java:128)&#13;
	at org.junit.runners.Suite.runChild(Suite.java:27)&#13;
	at org.junit.runners.ParentRunner$3.run(ParentRunner.java:290)&#13;
	at org.junit.runners.ParentRunner$1.schedule(ParentRunner.java:71)&#13;
	at org.junit.runners.ParentRunner.runChildren(ParentRunner.java:288)&#13;
	at org.junit.runners.ParentRunner.access$000(ParentRunner.java:58)&#13;
	at org.junit.runners.ParentRunner$2.evaluate(ParentRunner.java:268)&#13;
	at org.junit.runners.ParentRunner.run(ParentRunner.java:363)&#13;
	at org.junit.runner.JUnitCore.run(JUnitCore.java:137)&#13;
	at com.intellij.junit4.JUnit4IdeaTestRunner.startRunnerWithArgs(JUnit4IdeaTestRunner.java:69)&#13;
	at com.intellij.rt.junit.IdeaTestRunner$Repeater.startRunnerWithArgs(IdeaTestRunner.java:33)&#13;
	at com.intellij.rt.junit.JUnitStarter.prepareStreamsAndStart(JUnitStarter.java:235)&#13;
	at com.intellij.rt.junit.JUnitStarter.main(JUnitStarter.java:54)&#13;
</output>
        </test>
        <test duration="0" locationUrl="java:test://com.sl.algorithms.core.utils.LinkedListOpsTest/testIsPalindrome" name="LinkedListOpsTest.testIsPalindrome" status="error">
            <output type="stderr">java.lang.ArrayIndexOutOfBoundsException: 5&#13;
	at com.sl.algorithms.core.list.ListNode.createLinkedList(ListNode.java:55)&#13;
	at com.sl.algorithms.core.utils.LinkedListOpsTest.createList(LinkedListOpsTest.java:19)&#13;
	at sun.reflect.NativeMethodAccessorImpl.invoke0(Native Method)&#13;
	at sun.reflect.NativeMethodAccessorImpl.invoke(NativeMethodAccessorImpl.java:62)&#13;
	at sun.reflect.DelegatingMethodAccessorImpl.invoke(DelegatingMethodAccessorImpl.java:43)&#13;
	at java.lang.reflect.Method.invoke(Method.java:498)&#13;
	at org.junit.runners.model.FrameworkMethod$1.runReflectiveCall(FrameworkMethod.java:50)&#13;
	at org.junit.internal.runners.model.ReflectiveCallable.run(ReflectiveCallable.java:12)&#13;
	at org.junit.runners.model.FrameworkMethod.invokeExplosively(FrameworkMethod.java:47)&#13;
	at org.junit.internal.runners.statements.RunBefores.evaluate(RunBefores.java:24)&#13;
	at org.junit.runners.ParentRunner.runLeaf(ParentRunner.java:325)&#13;
	at org.junit.runners.BlockJUnit4ClassRunner.runChild(BlockJUnit4ClassRunner.java:78)&#13;
	at org.junit.runners.BlockJUnit4ClassRunner.runChild(BlockJUnit4ClassRunner.java:57)&#13;
	at org.junit.runners.ParentRunner$3.run(ParentRunner.java:290)&#13;
	at org.junit.runners.ParentRunner$1.schedule(ParentRunner.java:71)&#13;
	at org.junit.runners.ParentRunner.runChildren(ParentRunner.java:288)&#13;
	at org.junit.runners.ParentRunner.access$000(ParentRunner.java:58)&#13;
	at org.junit.runners.ParentRunner$2.evaluate(ParentRunner.java:268)&#13;
	at org.junit.runners.ParentRunner.run(ParentRunner.java:363)&#13;
	at org.junit.runners.Suite.runChild(Suite.java:128)&#13;
	at org.junit.runners.Suite.runChild(Suite.java:27)&#13;
	at org.junit.runners.ParentRunner$3.run(ParentRunner.java:290)&#13;
	at org.junit.runners.ParentRunner$1.schedule(ParentRunner.java:71)&#13;
	at org.junit.runners.ParentRunner.runChildren(ParentRunner.java:288)&#13;
	at org.junit.runners.ParentRunner.access$000(ParentRunner.java:58)&#13;
	at org.junit.runners.ParentRunner$2.evaluate(ParentRunner.java:268)&#13;
	at org.junit.runners.ParentRunner.run(ParentRunner.java:363)&#13;
	at org.junit.runner.JUnitCore.run(JUnitCore.java:137)&#13;
	at com.intellij.junit4.JUnit4IdeaTestRunner.startRunnerWithArgs(JUnit4IdeaTestRunner.java:69)&#13;
	at com.intellij.rt.junit.IdeaTestRunner$Repeater.startRunnerWithArgs(IdeaTestRunner.java:33)&#13;
	at com.intellij.rt.junit.JUnitStarter.prepareStreamsAndStart(JUnitStarter.java:235)&#13;
	at com.intellij.rt.junit.JUnitStarter.main(JUnitStarter.java:54)&#13;
</output>
        </test>
        <test duration="1" locationUrl="java:test://com.sl.algorithms.core.utils.LinkedListOpsTest/testRemoveData" name="LinkedListOpsTest.testRemoveData" status="error">
            <output type="stderr">java.lang.ArrayIndexOutOfBoundsException: 5&#13;
	at com.sl.algorithms.core.list.ListNode.createLinkedList(ListNode.java:55)&#13;
	at com.sl.algorithms.core.utils.LinkedListOpsTest.createList(LinkedListOpsTest.java:19)&#13;
	at sun.reflect.NativeMethodAccessorImpl.invoke0(Native Method)&#13;
	at sun.reflect.NativeMethodAccessorImpl.invoke(NativeMethodAccessorImpl.java:62)&#13;
	at sun.reflect.DelegatingMethodAccessorImpl.invoke(DelegatingMethodAccessorImpl.java:43)&#13;
	at java.lang.reflect.Method.invoke(Method.java:498)&#13;
	at org.junit.runners.model.FrameworkMethod$1.runReflectiveCall(FrameworkMethod.java:50)&#13;
	at org.junit.internal.runners.model.ReflectiveCallable.run(ReflectiveCallable.java:12)&#13;
	at org.junit.runners.model.FrameworkMethod.invokeExplosively(FrameworkMethod.java:47)&#13;
	at org.junit.internal.runners.statements.RunBefores.evaluate(RunBefores.java:24)&#13;
	at org.junit.runners.ParentRunner.runLeaf(ParentRunner.java:325)&#13;
	at org.junit.runners.BlockJUnit4ClassRunner.runChild(BlockJUnit4ClassRunner.java:78)&#13;
	at org.junit.runners.BlockJUnit4ClassRunner.runChild(BlockJUnit4ClassRunner.java:57)&#13;
	at org.junit.runners.ParentRunner$3.run(ParentRunner.java:290)&#13;
	at org.junit.runners.ParentRunner$1.schedule(ParentRunner.java:71)&#13;
	at org.junit.runners.ParentRunner.runChildren(ParentRunner.java:288)&#13;
	at org.junit.runners.ParentRunner.access$000(ParentRunner.java:58)&#13;
	at org.junit.runners.ParentRunner$2.evaluate(ParentRunner.java:268)&#13;
	at org.junit.runners.ParentRunner.run(ParentRunner.java:363)&#13;
	at org.junit.runners.Suite.runChild(Suite.java:128)&#13;
	at org.junit.runners.Suite.runChild(Suite.java:27)&#13;
	at org.junit.runners.ParentRunner$3.run(ParentRunner.java:290)&#13;
	at org.junit.runners.ParentRunner$1.schedule(ParentRunner.java:71)&#13;
	at org.junit.runners.ParentRunner.runChildren(ParentRunner.java:288)&#13;
	at org.junit.runners.ParentRunner.access$000(ParentRunner.java:58)&#13;
	at org.junit.runners.ParentRunner$2.evaluate(ParentRunner.java:268)&#13;
	at org.junit.runners.ParentRunner.run(ParentRunner.java:363)&#13;
	at org.junit.runner.JUnitCore.run(JUnitCore.java:137)&#13;
	at com.intellij.junit4.JUnit4IdeaTestRunner.startRunnerWithArgs(JUnit4IdeaTestRunner.java:69)&#13;
	at com.intellij.rt.junit.IdeaTestRunner$Repeater.startRunnerWithArgs(IdeaTestRunner.java:33)&#13;
	at com.intellij.rt.junit.JUnitStarter.prepareStreamsAndStart(JUnitStarter.java:235)&#13;
	at com.intellij.rt.junit.JUnitStarter.main(JUnitStarter.java:54)&#13;
</output>
        </test>
        <test duration="1" locationUrl="java:test://com.sl.algorithms.core.utils.LinkedListOpsTest/testInsertOp" name="LinkedListOpsTest.testInsertOp" status="error">
            <output type="stderr">java.lang.ArrayIndexOutOfBoundsException: 5&#13;
	at com.sl.algorithms.core.list.ListNode.createLinkedList(ListNode.java:55)&#13;
	at com.sl.algorithms.core.utils.LinkedListOpsTest.createList(LinkedListOpsTest.java:19)&#13;
	at sun.reflect.NativeMethodAccessorImpl.invoke0(Native Method)&#13;
	at sun.reflect.NativeMethodAccessorImpl.invoke(NativeMethodAccessorImpl.java:62)&#13;
	at sun.reflect.DelegatingMethodAccessorImpl.invoke(DelegatingMethodAccessorImpl.java:43)&#13;
	at java.lang.reflect.Method.invoke(Method.java:498)&#13;
	at org.junit.runners.model.FrameworkMethod$1.runReflectiveCall(FrameworkMethod.java:50)&#13;
	at org.junit.internal.runners.model.ReflectiveCallable.run(ReflectiveCallable.java:12)&#13;
	at org.junit.runners.model.FrameworkMethod.invokeExplosively(FrameworkMethod.java:47)&#13;
	at org.junit.internal.runners.statements.RunBefores.evaluate(RunBefores.java:24)&#13;
	at org.junit.runners.ParentRunner.runLeaf(ParentRunner.java:325)&#13;
	at org.junit.runners.BlockJUnit4ClassRunner.runChild(BlockJUnit4ClassRunner.java:78)&#13;
	at org.junit.runners.BlockJUnit4ClassRunner.runChild(BlockJUnit4ClassRunner.java:57)&#13;
	at org.junit.runners.ParentRunner$3.run(ParentRunner.java:290)&#13;
	at org.junit.runners.ParentRunner$1.schedule(ParentRunner.java:71)&#13;
	at org.junit.runners.ParentRunner.runChildren(ParentRunner.java:288)&#13;
	at org.junit.runners.ParentRunner.access$000(ParentRunner.java:58)&#13;
	at org.junit.runners.ParentRunner$2.evaluate(ParentRunner.java:268)&#13;
	at org.junit.runners.ParentRunner.run(ParentRunner.java:363)&#13;
	at org.junit.runners.Suite.runChild(Suite.java:128)&#13;
	at org.junit.runners.Suite.runChild(Suite.java:27)&#13;
	at org.junit.runners.ParentRunner$3.run(ParentRunner.java:290)&#13;
	at org.junit.runners.ParentRunner$1.schedule(ParentRunner.java:71)&#13;
	at org.junit.runners.ParentRunner.runChildren(ParentRunner.java:288)&#13;
	at org.junit.runners.ParentRunner.access$000(ParentRunner.java:58)&#13;
	at org.junit.runners.ParentRunner$2.evaluate(ParentRunner.java:268)&#13;
	at org.junit.runners.ParentRunner.run(ParentRunner.java:363)&#13;
	at org.junit.runner.JUnitCore.run(JUnitCore.java:137)&#13;
	at com.intellij.junit4.JUnit4IdeaTestRunner.startRunnerWithArgs(JUnit4IdeaTestRunner.java:69)&#13;
	at com.intellij.rt.junit.IdeaTestRunner$Repeater.startRunnerWithArgs(IdeaTestRunner.java:33)&#13;
	at com.intellij.rt.junit.JUnitStarter.prepareStreamsAndStart(JUnitStarter.java:235)&#13;
	at com.intellij.rt.junit.JUnitStarter.main(JUnitStarter.java:54)&#13;
</output>
        </test>
        <test duration="0" locationUrl="java:test://com.sl.algorithms.core.utils.LinkedListOpsTest/testReorderList" name="LinkedListOpsTest.testReorderList" status="error">
            <output type="stderr">java.lang.ArrayIndexOutOfBoundsException: 5&#13;
	at com.sl.algorithms.core.list.ListNode.createLinkedList(ListNode.java:55)&#13;
	at com.sl.algorithms.core.utils.LinkedListOpsTest.createList(LinkedListOpsTest.java:19)&#13;
	at sun.reflect.NativeMethodAccessorImpl.invoke0(Native Method)&#13;
	at sun.reflect.NativeMethodAccessorImpl.invoke(NativeMethodAccessorImpl.java:62)&#13;
	at sun.reflect.DelegatingMethodAccessorImpl.invoke(DelegatingMethodAccessorImpl.java:43)&#13;
	at java.lang.reflect.Method.invoke(Method.java:498)&#13;
	at org.junit.runners.model.FrameworkMethod$1.runReflectiveCall(FrameworkMethod.java:50)&#13;
	at org.junit.internal.runners.model.ReflectiveCallable.run(ReflectiveCallable.java:12)&#13;
	at org.junit.runners.model.FrameworkMethod.invokeExplosively(FrameworkMethod.java:47)&#13;
	at org.junit.internal.runners.statements.RunBefores.evaluate(RunBefores.java:24)&#13;
	at org.junit.runners.ParentRunner.runLeaf(ParentRunner.java:325)&#13;
	at org.junit.runners.BlockJUnit4ClassRunner.runChild(BlockJUnit4ClassRunner.java:78)&#13;
	at org.junit.runners.BlockJUnit4ClassRunner.runChild(BlockJUnit4ClassRunner.java:57)&#13;
	at org.junit.runners.ParentRunner$3.run(ParentRunner.java:290)&#13;
	at org.junit.runners.ParentRunner$1.schedule(ParentRunner.java:71)&#13;
	at org.junit.runners.ParentRunner.runChildren(ParentRunner.java:288)&#13;
	at org.junit.runners.ParentRunner.access$000(ParentRunner.java:58)&#13;
	at org.junit.runners.ParentRunner$2.evaluate(ParentRunner.java:268)&#13;
	at org.junit.runners.ParentRunner.run(ParentRunner.java:363)&#13;
	at org.junit.runners.Suite.runChild(Suite.java:128)&#13;
	at org.junit.runners.Suite.runChild(Suite.java:27)&#13;
	at org.junit.runners.ParentRunner$3.run(ParentRunner.java:290)&#13;
	at org.junit.runners.ParentRunner$1.schedule(ParentRunner.java:71)&#13;
	at org.junit.runners.ParentRunner.runChildren(ParentRunner.java:288)&#13;
	at org.junit.runners.ParentRunner.access$000(ParentRunner.java:58)&#13;
	at org.junit.runners.ParentRunner$2.evaluate(ParentRunner.java:268)&#13;
	at org.junit.runners.ParentRunner.run(ParentRunner.java:363)&#13;
	at org.junit.runner.JUnitCore.run(JUnitCore.java:137)&#13;
	at com.intellij.junit4.JUnit4IdeaTestRunner.startRunnerWithArgs(JUnit4IdeaTestRunner.java:69)&#13;
	at com.intellij.rt.junit.IdeaTestRunner$Repeater.startRunnerWithArgs(IdeaTestRunner.java:33)&#13;
	at com.intellij.rt.junit.JUnitStarter.prepareStreamsAndStart(JUnitStarter.java:235)&#13;
	at com.intellij.rt.junit.JUnitStarter.main(JUnitStarter.java:54)&#13;
</output>
        </test>
        <test duration="1" locationUrl="java:test://com.sl.algorithms.core.utils.LinkedListOpsTest/testCreateLinkedList" name="LinkedListOpsTest.testCreateLinkedList" status="error">
            <output type="stderr">java.lang.ArrayIndexOutOfBoundsException: 5&#13;
	at com.sl.algorithms.core.list.ListNode.createLinkedList(ListNode.java:55)&#13;
	at com.sl.algorithms.core.utils.LinkedListOpsTest.createList(LinkedListOpsTest.java:19)&#13;
	at sun.reflect.NativeMethodAccessorImpl.invoke0(Native Method)&#13;
	at sun.reflect.NativeMethodAccessorImpl.invoke(NativeMethodAccessorImpl.java:62)&#13;
	at sun.reflect.DelegatingMethodAccessorImpl.invoke(DelegatingMethodAccessorImpl.java:43)&#13;
	at java.lang.reflect.Method.invoke(Method.java:498)&#13;
	at org.junit.runners.model.FrameworkMethod$1.runReflectiveCall(FrameworkMethod.java:50)&#13;
	at org.junit.internal.runners.model.ReflectiveCallable.run(ReflectiveCallable.java:12)&#13;
	at org.junit.runners.model.FrameworkMethod.invokeExplosively(FrameworkMethod.java:47)&#13;
	at org.junit.internal.runners.statements.RunBefores.evaluate(RunBefores.java:24)&#13;
	at org.junit.runners.ParentRunner.runLeaf(ParentRunner.java:325)&#13;
	at org.junit.runners.BlockJUnit4ClassRunner.runChild(BlockJUnit4ClassRunner.java:78)&#13;
	at org.junit.runners.BlockJUnit4ClassRunner.runChild(BlockJUnit4ClassRunner.java:57)&#13;
	at org.junit.runners.ParentRunner$3.run(ParentRunner.java:290)&#13;
	at org.junit.runners.ParentRunner$1.schedule(ParentRunner.java:71)&#13;
	at org.junit.runners.ParentRunner.runChildren(ParentRunner.java:288)&#13;
	at org.junit.runners.ParentRunner.access$000(ParentRunner.java:58)&#13;
	at org.junit.runners.ParentRunner$2.evaluate(ParentRunner.java:268)&#13;
	at org.junit.runners.ParentRunner.run(ParentRunner.java:363)&#13;
	at org.junit.runners.Suite.runChild(Suite.java:128)&#13;
	at org.junit.runners.Suite.runChild(Suite.java:27)&#13;
	at org.junit.runners.ParentRunner$3.run(ParentRunner.java:290)&#13;
	at org.junit.runners.ParentRunner$1.schedule(ParentRunner.java:71)&#13;
	at org.junit.runners.ParentRunner.runChildren(ParentRunner.java:288)&#13;
	at org.junit.runners.ParentRunner.access$000(ParentRunner.java:58)&#13;
	at org.junit.runners.ParentRunner$2.evaluate(ParentRunner.java:268)&#13;
	at org.junit.runners.ParentRunner.run(ParentRunner.java:363)&#13;
	at org.junit.runner.JUnitCore.run(JUnitCore.java:137)&#13;
	at com.intellij.junit4.JUnit4IdeaTestRunner.startRunnerWithArgs(JUnit4IdeaTestRunner.java:69)&#13;
	at com.intellij.rt.junit.IdeaTestRunner$Repeater.startRunnerWithArgs(IdeaTestRunner.java:33)&#13;
	at com.intellij.rt.junit.JUnitStarter.prepareStreamsAndStart(JUnitStarter.java:235)&#13;
	at com.intellij.rt.junit.JUnitStarter.main(JUnitStarter.java:54)&#13;
</output>
        </test>
    </suite>
    <suite duration="6" locationUrl="java:suite://com.sl.algorithms.core.utils.NumberOpsTest" name="NumberOpsTest" status="passed">
        <test duration="0" locationUrl="java:test://com.sl.algorithms.core.utils.NumberOpsTest/testPlusOne" name="NumberOpsTest.testPlusOne" status="passed"/>
        <test duration="0" locationUrl="java:test://com.sl.algorithms.core.utils.NumberOpsTest/assertReverse" name="NumberOpsTest.assertReverse" status="passed"/>
        <test duration="1" locationUrl="java:test://com.sl.algorithms.core.utils.NumberOpsTest/testConvertToBinary" name="NumberOpsTest.testConvertToBinary" status="passed"/>
        <test duration="0" locationUrl="java:test://com.sl.algorithms.core.utils.NumberOpsTest/testConvertToNumber" name="NumberOpsTest.testConvertToNumber" status="passed"/>
        <test duration="0" locationUrl="java:test://com.sl.algorithms.core.utils.NumberOpsTest/testConvertToArray" name="NumberOpsTest.testConvertToArray" status="passed"/>
        <test duration="0" locationUrl="java:test://com.sl.algorithms.core.utils.NumberOpsTest/testCountDigits" name="NumberOpsTest.testCountDigits" status="passed"/>
        <test duration="1" locationUrl="java:test://com.sl.algorithms.core.utils.NumberOpsTest/testConvertToNumberUsingPower" name="NumberOpsTest.testConvertToNumberUsingPower" status="passed"/>
        <test duration="4" locationUrl="java:test://com.sl.algorithms.core.utils.NumberOpsTest/testCountPrimes" name="NumberOpsTest.testCountPrimes" status="passed"/>
        <test duration="0" locationUrl="java:test://com.sl.algorithms.core.utils.NumberOpsTest/testConvertToDecimal" name="NumberOpsTest.testConvertToDecimal" status="passed"/>
    </suite>
    <suite duration="0" locationUrl="java:suite://com.sl.algorithms.core.utils.PairTest" name="PairTest" status="passed">
        <test duration="0" locationUrl="java:test://com.sl.algorithms.core.utils.PairTest/assertBaseMethods" name="PairTest.assertBaseMethods" status="passed"/>
    </suite>
    <suite duration="2" locationUrl="java:suite://com.sl.algorithms.core.utils.StringOpsTest" name="StringOpsTest" status="passed">
        <test duration="1" locationUrl="java:test://com.sl.algorithms.core.utils.StringOpsTest/assertFindPermutations" name="StringOpsTest.assertFindPermutations" status="passed"/>
        <test duration="1" locationUrl="java:test://com.sl.algorithms.core.utils.StringOpsTest/assertAtoi" name="StringOpsTest.assertAtoi" status="passed"/>
    </suite>
    <suite duration="26" locationUrl="java:suite://com.sl.algorithms.search.binarysearch.BinarySearchTest" name="BinarySearchTest" status="passed">
        <test duration="3" locationUrl="java:test://com.sl.algorithms.search.binarysearch.BinarySearchTest/testBinarySearchRecursive" name="BinarySearchTest.testBinarySearchRecursive" status="passed"/>
        <test duration="2" locationUrl="java:test://com.sl.algorithms.search.binarysearch.BinarySearchTest/testBinarySearchIterative" name="BinarySearchTest.testBinarySearchIterative" status="passed"/>
        <test duration="2" locationUrl="java:test://com.sl.algorithms.search.binarysearch.BinarySearchTest/testFindStartOfRotation" name="BinarySearchTest.testFindStartOfRotation" status="passed"/>
        <test duration="19" locationUrl="java:test://com.sl.algorithms.search.binarysearch.BinarySearchTest/testBinarySearchGeneric" name="BinarySearchTest.testBinarySearchGeneric" status="passed"/>
    </suite>
    <suite duration="4478" locationUrl="java:suite://com.sl.algorithms.search.binarysearch.LargeSizeBinarySearchTest" name="LargeSizeBinarySearchTest" status="passed">
        <test duration="4478" locationUrl="java:test://com.sl.algorithms.search.binarysearch.LargeSizeBinarySearchTest/largeSizeTest" name="LargeSizeBinarySearchTest.largeSizeTest" status="passed"/>
    </suite>
    <suite duration="5" locationUrl="java:suite://com.sl.algorithms.search.linearsearch.LinearSearchTest" name="LinearSearchTest" status="passed">
        <test duration="4" locationUrl="java:test://com.sl.algorithms.search.linearsearch.LinearSearchTest/testLinearSearch" name="LinearSearchTest.testLinearSearch" status="passed"/>
        <test duration="1" locationUrl="java:test://com.sl.algorithms.search.linearsearch.LinearSearchTest/testRotatedSparsedArray" name="LinearSearchTest.testRotatedSparsedArray" status="passed"/>
    </suite>
    <suite duration="1" locationUrl="java:suite://com.sl.algorithms.search.majorityelement.BoyerMooreVotingTest" name="BoyerMooreVotingTest" status="failed">
        <test duration="0" locationUrl="java:test://com.sl.algorithms.search.majorityelement.BoyerMooreVotingTest/testBoyerMooreVotingOutliers" name="BoyerMooreVotingTest.testBoyerMooreVotingOutliers" status="passed"/>
        <test duration="1" locationUrl="java:test://com.sl.algorithms.search.majorityelement.BoyerMooreVotingTest/testBoyerMooreVoting" name="BoyerMooreVotingTest.testBoyerMooreVoting" status="failed">
            <diff actual="1" expected="2"/>
            <output type="stderr">java.lang.AssertionError: &#13;
	at org.junit.Assert.fail(Assert.java:88)&#13;
	at org.junit.Assert.failNotEquals(Assert.java:834)&#13;
	at org.junit.Assert.assertEquals(Assert.java:118)&#13;
	at org.junit.Assert.assertEquals(Assert.java:144)&#13;
	at com.sl.algorithms.search.majorityelement.BoyerMooreVotingTest.testBoyerMooreVoting(BoyerMooreVotingTest.java:20)&#13;
	at sun.reflect.NativeMethodAccessorImpl.invoke0(Native Method)&#13;
	at sun.reflect.NativeMethodAccessorImpl.invoke(NativeMethodAccessorImpl.java:62)&#13;
	at sun.reflect.DelegatingMethodAccessorImpl.invoke(DelegatingMethodAccessorImpl.java:43)&#13;
	at java.lang.reflect.Method.invoke(Method.java:498)&#13;
	at org.junit.runners.model.FrameworkMethod$1.runReflectiveCall(FrameworkMethod.java:50)&#13;
	at org.junit.internal.runners.model.ReflectiveCallable.run(ReflectiveCallable.java:12)&#13;
	at org.junit.runners.model.FrameworkMethod.invokeExplosively(FrameworkMethod.java:47)&#13;
	at org.junit.internal.runners.statements.InvokeMethod.evaluate(InvokeMethod.java:17)&#13;
	at org.junit.runners.ParentRunner.runLeaf(ParentRunner.java:325)&#13;
	at org.junit.runners.BlockJUnit4ClassRunner.runChild(BlockJUnit4ClassRunner.java:78)&#13;
	at org.junit.runners.BlockJUnit4ClassRunner.runChild(BlockJUnit4ClassRunner.java:57)&#13;
	at org.junit.runners.ParentRunner$3.run(ParentRunner.java:290)&#13;
	at org.junit.runners.ParentRunner$1.schedule(ParentRunner.java:71)&#13;
	at org.junit.runners.ParentRunner.runChildren(ParentRunner.java:288)&#13;
	at org.junit.runners.ParentRunner.access$000(ParentRunner.java:58)&#13;
	at org.junit.runners.ParentRunner$2.evaluate(ParentRunner.java:268)&#13;
	at org.junit.runners.ParentRunner.run(ParentRunner.java:363)&#13;
	at org.junit.runners.Suite.runChild(Suite.java:128)&#13;
	at org.junit.runners.Suite.runChild(Suite.java:27)&#13;
	at org.junit.runners.ParentRunner$3.run(ParentRunner.java:290)&#13;
	at org.junit.runners.ParentRunner$1.schedule(ParentRunner.java:71)&#13;
	at org.junit.runners.ParentRunner.runChildren(ParentRunner.java:288)&#13;
	at org.junit.runners.ParentRunner.access$000(ParentRunner.java:58)&#13;
	at org.junit.runners.ParentRunner$2.evaluate(ParentRunner.java:268)&#13;
	at org.junit.runners.ParentRunner.run(ParentRunner.java:363)&#13;
	at org.junit.runner.JUnitCore.run(JUnitCore.java:137)&#13;
	at com.intellij.junit4.JUnit4IdeaTestRunner.startRunnerWithArgs(JUnit4IdeaTestRunner.java:69)&#13;
	at com.intellij.rt.junit.IdeaTestRunner$Repeater.startRunnerWithArgs(IdeaTestRunner.java:33)&#13;
	at com.intellij.rt.junit.JUnitStarter.prepareStreamsAndStart(JUnitStarter.java:235)&#13;
	at com.intellij.rt.junit.JUnitStarter.main(JUnitStarter.java:54)&#13;
</output>
        </test>
    </suite>
    <suite duration="13" locationUrl="java:suite://com.sl.algorithms.search.median.MedianFinderTest" name="MedianFinderTest" status="error">
        <test duration="4" locationUrl="java:test://com.sl.algorithms.search.median.MedianFinderTest/testBruteForceMethod" name="MedianFinderTest.testBruteForceMethod" status="error">
            <output type="stderr">java.lang.ArrayIndexOutOfBoundsException: 5&#13;
	at com.sl.algorithms.core.utils.ArrayOps.swap(ArrayOps.java:20)&#13;
	at com.sl.algorithms.shuffle.NaiveShuffle.shuffle(NaiveShuffle.java:23)&#13;
	at com.sl.algorithms.search.median.MedianFinderTest.testFindKthSmallest(MedianFinderTest.java:99)&#13;
	at com.sl.algorithms.search.median.MedianFinderTest.testBruteForceMethod(MedianFinderTest.java:25)&#13;
	at sun.reflect.NativeMethodAccessorImpl.invoke0(Native Method)&#13;
	at sun.reflect.NativeMethodAccessorImpl.invoke(NativeMethodAccessorImpl.java:62)&#13;
	at sun.reflect.DelegatingMethodAccessorImpl.invoke(DelegatingMethodAccessorImpl.java:43)&#13;
	at java.lang.reflect.Method.invoke(Method.java:498)&#13;
	at org.junit.runners.model.FrameworkMethod$1.runReflectiveCall(FrameworkMethod.java:50)&#13;
	at org.junit.internal.runners.model.ReflectiveCallable.run(ReflectiveCallable.java:12)&#13;
	at org.junit.runners.model.FrameworkMethod.invokeExplosively(FrameworkMethod.java:47)&#13;
	at org.junit.internal.runners.statements.InvokeMethod.evaluate(InvokeMethod.java:17)&#13;
	at org.junit.runners.ParentRunner.runLeaf(ParentRunner.java:325)&#13;
	at org.junit.runners.BlockJUnit4ClassRunner.runChild(BlockJUnit4ClassRunner.java:78)&#13;
	at org.junit.runners.BlockJUnit4ClassRunner.runChild(BlockJUnit4ClassRunner.java:57)&#13;
	at org.junit.runners.ParentRunner$3.run(ParentRunner.java:290)&#13;
	at org.junit.runners.ParentRunner$1.schedule(ParentRunner.java:71)&#13;
	at org.junit.runners.ParentRunner.runChildren(ParentRunner.java:288)&#13;
	at org.junit.runners.ParentRunner.access$000(ParentRunner.java:58)&#13;
	at org.junit.runners.ParentRunner$2.evaluate(ParentRunner.java:268)&#13;
	at org.junit.runners.ParentRunner.run(ParentRunner.java:363)&#13;
	at org.junit.runners.Suite.runChild(Suite.java:128)&#13;
	at org.junit.runners.Suite.runChild(Suite.java:27)&#13;
	at org.junit.runners.ParentRunner$3.run(ParentRunner.java:290)&#13;
	at org.junit.runners.ParentRunner$1.schedule(ParentRunner.java:71)&#13;
	at org.junit.runners.ParentRunner.runChildren(ParentRunner.java:288)&#13;
	at org.junit.runners.ParentRunner.access$000(ParentRunner.java:58)&#13;
	at org.junit.runners.ParentRunner$2.evaluate(ParentRunner.java:268)&#13;
	at org.junit.runners.ParentRunner.run(ParentRunner.java:363)&#13;
	at org.junit.runner.JUnitCore.run(JUnitCore.java:137)&#13;
	at com.intellij.junit4.JUnit4IdeaTestRunner.startRunnerWithArgs(JUnit4IdeaTestRunner.java:69)&#13;
	at com.intellij.rt.junit.IdeaTestRunner$Repeater.startRunnerWithArgs(IdeaTestRunner.java:33)&#13;
	at com.intellij.rt.junit.JUnitStarter.prepareStreamsAndStart(JUnitStarter.java:235)&#13;
	at com.intellij.rt.junit.JUnitStarter.main(JUnitStarter.java:54)&#13;
</output>
        </test>
        <test duration="4" locationUrl="java:test://com.sl.algorithms.search.median.MedianFinderTest/testPQApproach" name="MedianFinderTest.testPQApproach" status="error">
            <output type="stderr">java.lang.ArrayIndexOutOfBoundsException: 5&#13;
	at com.sl.algorithms.core.utils.ArrayOps.swap(ArrayOps.java:20)&#13;
	at com.sl.algorithms.shuffle.NaiveShuffle.shuffle(NaiveShuffle.java:23)&#13;
	at com.sl.algorithms.search.median.MedianFinderTest.testFindKthSmallest(MedianFinderTest.java:99)&#13;
	at com.sl.algorithms.search.median.MedianFinderTest.testPQApproach(MedianFinderTest.java:36)&#13;
	at sun.reflect.NativeMethodAccessorImpl.invoke0(Native Method)&#13;
	at sun.reflect.NativeMethodAccessorImpl.invoke(NativeMethodAccessorImpl.java:62)&#13;
	at sun.reflect.DelegatingMethodAccessorImpl.invoke(DelegatingMethodAccessorImpl.java:43)&#13;
	at java.lang.reflect.Method.invoke(Method.java:498)&#13;
	at org.junit.runners.model.FrameworkMethod$1.runReflectiveCall(FrameworkMethod.java:50)&#13;
	at org.junit.internal.runners.model.ReflectiveCallable.run(ReflectiveCallable.java:12)&#13;
	at org.junit.runners.model.FrameworkMethod.invokeExplosively(FrameworkMethod.java:47)&#13;
	at org.junit.internal.runners.statements.InvokeMethod.evaluate(InvokeMethod.java:17)&#13;
	at org.junit.runners.ParentRunner.runLeaf(ParentRunner.java:325)&#13;
	at org.junit.runners.BlockJUnit4ClassRunner.runChild(BlockJUnit4ClassRunner.java:78)&#13;
	at org.junit.runners.BlockJUnit4ClassRunner.runChild(BlockJUnit4ClassRunner.java:57)&#13;
	at org.junit.runners.ParentRunner$3.run(ParentRunner.java:290)&#13;
	at org.junit.runners.ParentRunner$1.schedule(ParentRunner.java:71)&#13;
	at org.junit.runners.ParentRunner.runChildren(ParentRunner.java:288)&#13;
	at org.junit.runners.ParentRunner.access$000(ParentRunner.java:58)&#13;
	at org.junit.runners.ParentRunner$2.evaluate(ParentRunner.java:268)&#13;
	at org.junit.runners.ParentRunner.run(ParentRunner.java:363)&#13;
	at org.junit.runners.Suite.runChild(Suite.java:128)&#13;
	at org.junit.runners.Suite.runChild(Suite.java:27)&#13;
	at org.junit.runners.ParentRunner$3.run(ParentRunner.java:290)&#13;
	at org.junit.runners.ParentRunner$1.schedule(ParentRunner.java:71)&#13;
	at org.junit.runners.ParentRunner.runChildren(ParentRunner.java:288)&#13;
	at org.junit.runners.ParentRunner.access$000(ParentRunner.java:58)&#13;
	at org.junit.runners.ParentRunner$2.evaluate(ParentRunner.java:268)&#13;
	at org.junit.runners.ParentRunner.run(ParentRunner.java:363)&#13;
	at org.junit.runner.JUnitCore.run(JUnitCore.java:137)&#13;
	at com.intellij.junit4.JUnit4IdeaTestRunner.startRunnerWithArgs(JUnit4IdeaTestRunner.java:69)&#13;
	at com.intellij.rt.junit.IdeaTestRunner$Repeater.startRunnerWithArgs(IdeaTestRunner.java:33)&#13;
	at com.intellij.rt.junit.JUnitStarter.prepareStreamsAndStart(JUnitStarter.java:235)&#13;
	at com.intellij.rt.junit.JUnitStarter.main(JUnitStarter.java:54)&#13;
</output>
        </test>
        <test duration="5" locationUrl="java:test://com.sl.algorithms.search.median.MedianFinderTest/testQuickSelectApproach" name="MedianFinderTest.testQuickSelectApproach" status="error">
            <output type="stderr">java.lang.ArrayIndexOutOfBoundsException: 5&#13;
	at com.sl.algorithms.core.utils.ArrayOps.swap(ArrayOps.java:20)&#13;
	at com.sl.algorithms.shuffle.NaiveShuffle.shuffle(NaiveShuffle.java:23)&#13;
	at com.sl.algorithms.search.median.MedianFinderTest.testFindKthSmallest(MedianFinderTest.java:99)&#13;
	at com.sl.algorithms.search.median.MedianFinderTest.testQuickSelectApproach(MedianFinderTest.java:47)&#13;
	at sun.reflect.NativeMethodAccessorImpl.invoke0(Native Method)&#13;
	at sun.reflect.NativeMethodAccessorImpl.invoke(NativeMethodAccessorImpl.java:62)&#13;
	at sun.reflect.DelegatingMethodAccessorImpl.invoke(DelegatingMethodAccessorImpl.java:43)&#13;
	at java.lang.reflect.Method.invoke(Method.java:498)&#13;
	at org.junit.runners.model.FrameworkMethod$1.runReflectiveCall(FrameworkMethod.java:50)&#13;
	at org.junit.internal.runners.model.ReflectiveCallable.run(ReflectiveCallable.java:12)&#13;
	at org.junit.runners.model.FrameworkMethod.invokeExplosively(FrameworkMethod.java:47)&#13;
	at org.junit.internal.runners.statements.InvokeMethod.evaluate(InvokeMethod.java:17)&#13;
	at org.junit.runners.ParentRunner.runLeaf(ParentRunner.java:325)&#13;
	at org.junit.runners.BlockJUnit4ClassRunner.runChild(BlockJUnit4ClassRunner.java:78)&#13;
	at org.junit.runners.BlockJUnit4ClassRunner.runChild(BlockJUnit4ClassRunner.java:57)&#13;
	at org.junit.runners.ParentRunner$3.run(ParentRunner.java:290)&#13;
	at org.junit.runners.ParentRunner$1.schedule(ParentRunner.java:71)&#13;
	at org.junit.runners.ParentRunner.runChildren(ParentRunner.java:288)&#13;
	at org.junit.runners.ParentRunner.access$000(ParentRunner.java:58)&#13;
	at org.junit.runners.ParentRunner$2.evaluate(ParentRunner.java:268)&#13;
	at org.junit.runners.ParentRunner.run(ParentRunner.java:363)&#13;
	at org.junit.runners.Suite.runChild(Suite.java:128)&#13;
	at org.junit.runners.Suite.runChild(Suite.java:27)&#13;
	at org.junit.runners.ParentRunner$3.run(ParentRunner.java:290)&#13;
	at org.junit.runners.ParentRunner$1.schedule(ParentRunner.java:71)&#13;
	at org.junit.runners.ParentRunner.runChildren(ParentRunner.java:288)&#13;
	at org.junit.runners.ParentRunner.access$000(ParentRunner.java:58)&#13;
	at org.junit.runners.ParentRunner$2.evaluate(ParentRunner.java:268)&#13;
	at org.junit.runners.ParentRunner.run(ParentRunner.java:363)&#13;
	at org.junit.runner.JUnitCore.run(JUnitCore.java:137)&#13;
	at com.intellij.junit4.JUnit4IdeaTestRunner.startRunnerWithArgs(JUnit4IdeaTestRunner.java:69)&#13;
	at com.intellij.rt.junit.IdeaTestRunner$Repeater.startRunnerWithArgs(IdeaTestRunner.java:33)&#13;
	at com.intellij.rt.junit.JUnitStarter.prepareStreamsAndStart(JUnitStarter.java:235)&#13;
	at com.intellij.rt.junit.JUnitStarter.main(JUnitStarter.java:54)&#13;
</output>
        </test>
    </suite>
    <suite duration="1" locationUrl="java:suite://com.sl.algorithms.search.nge.NGECircularArrayTest" name="NGECircularArrayTest" status="passed">
        <test duration="1" locationUrl="java:test://com.sl.algorithms.search.nge.NGECircularArrayTest/testFindNGEInCircularArray" name="NGECircularArrayTest.testFindNGEInCircularArray" status="passed"/>
    </suite>
    <suite duration="0" locationUrl="java:suite://com.sl.algorithms.search.nge.NGERegularArrayTest" name="NGERegularArrayTest" status="passed">
        <test duration="0" locationUrl="java:test://com.sl.algorithms.search.nge.NGERegularArrayTest/testFindDaysToWarmthBruteForce" name="NGERegularArrayTest.testFindDaysToWarmthBruteForce" status="passed"/>
        <test duration="0" locationUrl="java:test://com.sl.algorithms.search.nge.NGERegularArrayTest/testFindDaysToWarmth" name="NGERegularArrayTest.testFindDaysToWarmth" status="passed"/>
    </suite>
    <suite duration="7703" locationUrl="java:suite://com.sl.algorithms.search.nge.NarayanPanditPermutationAlgorithmTest" name="NarayanPanditPermutationAlgorithmTest" status="passed">
        <test duration="0" locationUrl="java:test://com.sl.algorithms.search.nge.NarayanPanditPermutationAlgorithmTest/testNGNSameDigits" name="NarayanPanditPermutationAlgorithmTest.testNGNSameDigits" status="passed"/>
        <test duration="7703" locationUrl="java:test://com.sl.algorithms.search.nge.NarayanPanditPermutationAlgorithmTest/testNGNSameDigits10s" name="NarayanPanditPermutationAlgorithmTest.testNGNSameDigits10s" status="passed"/>
    </suite>
    <suite duration="4" locationUrl="java:suite://com.sl.algorithms.search.peakelement.PeakElementFinderTest" name="PeakElementFinderTest" status="passed">
        <test duration="2" locationUrl="java:test://com.sl.algorithms.search.peakelement.PeakElementFinderTest/testLogTimePEFinder" name="PeakElementFinderTest.testLogTimePEFinder" status="passed"/>
        <test duration="2" locationUrl="java:test://com.sl.algorithms.search.peakelement.PeakElementFinderTest/testLinearTimePEFinder" name="PeakElementFinderTest.testLinearTimePEFinder" status="passed"/>
    </suite>
    <suite duration="2" locationUrl="java:suite://com.sl.algorithms.search.pigeonhole.DuplicateFinderTest" name="DuplicateFinderTest" status="passed">
        <test duration="1" locationUrl="java:test://com.sl.algorithms.search.pigeonhole.DuplicateFinderTest/testNaiveDuplicateFinder" name="DuplicateFinderTest.testNaiveDuplicateFinder" status="passed"/>
        <test duration="1" locationUrl="java:test://com.sl.algorithms.search.pigeonhole.DuplicateFinderTest/testEfficientDuplicateFinder" name="DuplicateFinderTest.testEfficientDuplicateFinder" status="passed"/>
    </suite>
    <suite duration="1" locationUrl="java:suite://com.sl.algorithms.search.pigeonhole.MNFinderTest" name="MNFinderTest" status="passed">
        <test duration="1" locationUrl="java:test://com.sl.algorithms.search.pigeonhole.MNFinderTest/testFindMissingNumber" name="MNFinderTest.testFindMissingNumber" status="passed"/>
        <test duration="0" locationUrl="java:test://com.sl.algorithms.search.pigeonhole.MNFinderTest/testFindFirstMissingPositive" name="MNFinderTest.testFindFirstMissingPositive" status="passed"/>
    </suite>
    <suite duration="1" locationUrl="java:suite://com.sl.algorithms.search.select.QuickSelectTest" name="QuickSelectTest" status="error">
        <test duration="0" locationUrl="java:test://com.sl.algorithms.search.select.QuickSelectTest/testKthLargest" name="QuickSelectTest.testKthLargest" status="error">
            <output type="stderr">java.lang.ArrayIndexOutOfBoundsException: 7&#13;
	at com.sl.algorithms.core.utils.ArrayOps.swap(ArrayOps.java:20)&#13;
	at com.sl.algorithms.shuffle.NaiveShuffle.shuffle(NaiveShuffle.java:23)&#13;
	at com.sl.algorithms.search.select.QuickSelectTest.testKthLargest(QuickSelectTest.java:53)&#13;
	at sun.reflect.NativeMethodAccessorImpl.invoke0(Native Method)&#13;
	at sun.reflect.NativeMethodAccessorImpl.invoke(NativeMethodAccessorImpl.java:62)&#13;
	at sun.reflect.DelegatingMethodAccessorImpl.invoke(DelegatingMethodAccessorImpl.java:43)&#13;
	at java.lang.reflect.Method.invoke(Method.java:498)&#13;
	at org.junit.runners.model.FrameworkMethod$1.runReflectiveCall(FrameworkMethod.java:50)&#13;
	at org.junit.internal.runners.model.ReflectiveCallable.run(ReflectiveCallable.java:12)&#13;
	at org.junit.runners.model.FrameworkMethod.invokeExplosively(FrameworkMethod.java:47)&#13;
	at org.junit.internal.runners.statements.InvokeMethod.evaluate(InvokeMethod.java:17)&#13;
	at org.junit.internal.runners.statements.RunBefores.evaluate(RunBefores.java:26)&#13;
	at org.junit.runners.ParentRunner.runLeaf(ParentRunner.java:325)&#13;
	at org.junit.runners.BlockJUnit4ClassRunner.runChild(BlockJUnit4ClassRunner.java:78)&#13;
	at org.junit.runners.BlockJUnit4ClassRunner.runChild(BlockJUnit4ClassRunner.java:57)&#13;
	at org.junit.runners.ParentRunner$3.run(ParentRunner.java:290)&#13;
	at org.junit.runners.ParentRunner$1.schedule(ParentRunner.java:71)&#13;
	at org.junit.runners.ParentRunner.runChildren(ParentRunner.java:288)&#13;
	at org.junit.runners.ParentRunner.access$000(ParentRunner.java:58)&#13;
	at org.junit.runners.ParentRunner$2.evaluate(ParentRunner.java:268)&#13;
	at org.junit.runners.ParentRunner.run(ParentRunner.java:363)&#13;
	at org.junit.runners.Suite.runChild(Suite.java:128)&#13;
	at org.junit.runners.Suite.runChild(Suite.java:27)&#13;
	at org.junit.runners.ParentRunner$3.run(ParentRunner.java:290)&#13;
	at org.junit.runners.ParentRunner$1.schedule(ParentRunner.java:71)&#13;
	at org.junit.runners.ParentRunner.runChildren(ParentRunner.java:288)&#13;
	at org.junit.runners.ParentRunner.access$000(ParentRunner.java:58)&#13;
	at org.junit.runners.ParentRunner$2.evaluate(ParentRunner.java:268)&#13;
	at org.junit.runners.ParentRunner.run(ParentRunner.java:363)&#13;
	at org.junit.runner.JUnitCore.run(JUnitCore.java:137)&#13;
	at com.intellij.junit4.JUnit4IdeaTestRunner.startRunnerWithArgs(JUnit4IdeaTestRunner.java:69)&#13;
	at com.intellij.rt.junit.IdeaTestRunner$Repeater.startRunnerWithArgs(IdeaTestRunner.java:33)&#13;
	at com.intellij.rt.junit.JUnitStarter.prepareStreamsAndStart(JUnitStarter.java:235)&#13;
	at com.intellij.rt.junit.JUnitStarter.main(JUnitStarter.java:54)&#13;
</output>
        </test>
        <test duration="1" locationUrl="java:test://com.sl.algorithms.search.select.QuickSelectTest/testKthSmallest" name="QuickSelectTest.testKthSmallest" status="error">
            <output type="stderr">java.lang.ArrayIndexOutOfBoundsException: 7&#13;
	at com.sl.algorithms.core.utils.ArrayOps.swap(ArrayOps.java:20)&#13;
	at com.sl.algorithms.shuffle.NaiveShuffle.shuffle(NaiveShuffle.java:23)&#13;
	at com.sl.algorithms.search.select.QuickSelectTest.testKthSmallest(QuickSelectTest.java:35)&#13;
	at sun.reflect.NativeMethodAccessorImpl.invoke0(Native Method)&#13;
	at sun.reflect.NativeMethodAccessorImpl.invoke(NativeMethodAccessorImpl.java:62)&#13;
	at sun.reflect.DelegatingMethodAccessorImpl.invoke(DelegatingMethodAccessorImpl.java:43)&#13;
	at java.lang.reflect.Method.invoke(Method.java:498)&#13;
	at org.junit.runners.model.FrameworkMethod$1.runReflectiveCall(FrameworkMethod.java:50)&#13;
	at org.junit.internal.runners.model.ReflectiveCallable.run(ReflectiveCallable.java:12)&#13;
	at org.junit.runners.model.FrameworkMethod.invokeExplosively(FrameworkMethod.java:47)&#13;
	at org.junit.internal.runners.statements.InvokeMethod.evaluate(InvokeMethod.java:17)&#13;
	at org.junit.internal.runners.statements.RunBefores.evaluate(RunBefores.java:26)&#13;
	at org.junit.runners.ParentRunner.runLeaf(ParentRunner.java:325)&#13;
	at org.junit.runners.BlockJUnit4ClassRunner.runChild(BlockJUnit4ClassRunner.java:78)&#13;
	at org.junit.runners.BlockJUnit4ClassRunner.runChild(BlockJUnit4ClassRunner.java:57)&#13;
	at org.junit.runners.ParentRunner$3.run(ParentRunner.java:290)&#13;
	at org.junit.runners.ParentRunner$1.schedule(ParentRunner.java:71)&#13;
	at org.junit.runners.ParentRunner.runChildren(ParentRunner.java:288)&#13;
	at org.junit.runners.ParentRunner.access$000(ParentRunner.java:58)&#13;
	at org.junit.runners.ParentRunner$2.evaluate(ParentRunner.java:268)&#13;
	at org.junit.runners.ParentRunner.run(ParentRunner.java:363)&#13;
	at org.junit.runners.Suite.runChild(Suite.java:128)&#13;
	at org.junit.runners.Suite.runChild(Suite.java:27)&#13;
	at org.junit.runners.ParentRunner$3.run(ParentRunner.java:290)&#13;
	at org.junit.runners.ParentRunner$1.schedule(ParentRunner.java:71)&#13;
	at org.junit.runners.ParentRunner.runChildren(ParentRunner.java:288)&#13;
	at org.junit.runners.ParentRunner.access$000(ParentRunner.java:58)&#13;
	at org.junit.runners.ParentRunner$2.evaluate(ParentRunner.java:268)&#13;
	at org.junit.runners.ParentRunner.run(ParentRunner.java:363)&#13;
	at org.junit.runner.JUnitCore.run(JUnitCore.java:137)&#13;
	at com.intellij.junit4.JUnit4IdeaTestRunner.startRunnerWithArgs(JUnit4IdeaTestRunner.java:69)&#13;
	at com.intellij.rt.junit.IdeaTestRunner$Repeater.startRunnerWithArgs(IdeaTestRunner.java:33)&#13;
	at com.intellij.rt.junit.JUnitStarter.prepareStreamsAndStart(JUnitStarter.java:235)&#13;
	at com.intellij.rt.junit.JUnitStarter.main(JUnitStarter.java:54)&#13;
</output>
        </test>
    </suite>
    <suite duration="2" locationUrl="java:suite://com.sl.algorithms.shuffle.ShufflingTest" name="ShufflingTest" status="error">
        <test duration="0" locationUrl="java:test://com.sl.algorithms.shuffle.ShufflingTest/assertFisherYatesKnuthShuffling" name="ShufflingTest.assertFisherYatesKnuthShuffling" status="passed"/>
        <test duration="2" locationUrl="java:test://com.sl.algorithms.shuffle.ShufflingTest/assertSattoloShuffling" name="ShufflingTest.assertSattoloShuffling" status="passed"/>
        <test duration="0" locationUrl="java:test://com.sl.algorithms.shuffle.ShufflingTest/assertNaiveShuffling" name="ShufflingTest.assertNaiveShuffling" status="error">
            <output type="stderr">java.lang.ArrayIndexOutOfBoundsException: 3&#13;
	at com.sl.algorithms.core.utils.ArrayOps.swap(ArrayOps.java:20)&#13;
	at com.sl.algorithms.shuffle.NaiveShuffle.shuffle(NaiveShuffle.java:23)&#13;
	at com.sl.algorithms.shuffle.ShufflingTest.testShuffling(ShufflingTest.java:58)&#13;
	at com.sl.algorithms.shuffle.ShufflingTest.assertNaiveShuffling(ShufflingTest.java:18)&#13;
	at sun.reflect.NativeMethodAccessorImpl.invoke0(Native Method)&#13;
	at sun.reflect.NativeMethodAccessorImpl.invoke(NativeMethodAccessorImpl.java:62)&#13;
	at sun.reflect.DelegatingMethodAccessorImpl.invoke(DelegatingMethodAccessorImpl.java:43)&#13;
	at java.lang.reflect.Method.invoke(Method.java:498)&#13;
	at org.junit.runners.model.FrameworkMethod$1.runReflectiveCall(FrameworkMethod.java:50)&#13;
	at org.junit.internal.runners.model.ReflectiveCallable.run(ReflectiveCallable.java:12)&#13;
	at org.junit.runners.model.FrameworkMethod.invokeExplosively(FrameworkMethod.java:47)&#13;
	at org.junit.internal.runners.statements.InvokeMethod.evaluate(InvokeMethod.java:17)&#13;
	at org.junit.runners.ParentRunner.runLeaf(ParentRunner.java:325)&#13;
	at org.junit.runners.BlockJUnit4ClassRunner.runChild(BlockJUnit4ClassRunner.java:78)&#13;
	at org.junit.runners.BlockJUnit4ClassRunner.runChild(BlockJUnit4ClassRunner.java:57)&#13;
	at org.junit.runners.ParentRunner$3.run(ParentRunner.java:290)&#13;
	at org.junit.runners.ParentRunner$1.schedule(ParentRunner.java:71)&#13;
	at org.junit.runners.ParentRunner.runChildren(ParentRunner.java:288)&#13;
	at org.junit.runners.ParentRunner.access$000(ParentRunner.java:58)&#13;
	at org.junit.runners.ParentRunner$2.evaluate(ParentRunner.java:268)&#13;
	at org.junit.runners.ParentRunner.run(ParentRunner.java:363)&#13;
	at org.junit.runners.Suite.runChild(Suite.java:128)&#13;
	at org.junit.runners.Suite.runChild(Suite.java:27)&#13;
	at org.junit.runners.ParentRunner$3.run(ParentRunner.java:290)&#13;
	at org.junit.runners.ParentRunner$1.schedule(ParentRunner.java:71)&#13;
	at org.junit.runners.ParentRunner.runChildren(ParentRunner.java:288)&#13;
	at org.junit.runners.ParentRunner.access$000(ParentRunner.java:58)&#13;
	at org.junit.runners.ParentRunner$2.evaluate(ParentRunner.java:268)&#13;
	at org.junit.runners.ParentRunner.run(ParentRunner.java:363)&#13;
	at org.junit.runner.JUnitCore.run(JUnitCore.java:137)&#13;
	at com.intellij.junit4.JUnit4IdeaTestRunner.startRunnerWithArgs(JUnit4IdeaTestRunner.java:69)&#13;
	at com.intellij.rt.junit.IdeaTestRunner$Repeater.startRunnerWithArgs(IdeaTestRunner.java:33)&#13;
	at com.intellij.rt.junit.JUnitStarter.prepareStreamsAndStart(JUnitStarter.java:235)&#13;
	at com.intellij.rt.junit.JUnitStarter.main(JUnitStarter.java:54)&#13;
</output>
        </test>
    </suite>
    <suite duration="6" locationUrl="java:suite://com.sl.algorithms.sort.advanced.wave.WiggleSortIITest" name="WiggleSortIITest" status="passed">
        <test duration="2" locationUrl="java:test://com.sl.algorithms.sort.advanced.wave.WiggleSortIITest/assertWaveForListWithDupes" name="WiggleSortIITest.assertWaveForListWithDupes" status="passed"/>
        <test duration="0" locationUrl="java:test://com.sl.algorithms.sort.advanced.wave.WiggleSortIITest/assertSmallSets" name="WiggleSortIITest.assertSmallSets" status="passed"/>
        <test duration="4" locationUrl="java:test://com.sl.algorithms.sort.advanced.wave.WiggleSortIITest/assertWaveForSortedList" name="WiggleSortIITest.assertWaveForSortedList" status="passed"/>
        <test duration="0" locationUrl="java:test://com.sl.algorithms.sort.advanced.wave.WiggleSortIITest/assertWaveForUnsortedList" name="WiggleSortIITest.assertWaveForUnsortedList" status="passed"/>
    </suite>
    <suite duration="2" locationUrl="java:suite://com.sl.algorithms.sort.advanced.wave.WiggleSortTest" name="WiggleSortTest" status="passed">
        <test duration="2" locationUrl="java:test://com.sl.algorithms.sort.advanced.wave.WiggleSortTest/testWiggleSort" name="WiggleSortTest.testWiggleSort" status="passed"/>
    </suite>
    <suite duration="1" locationUrl="java:suite://com.sl.algorithms.sort.finitegroups.DutchNationalFlagSortTest" name="DutchNationalFlagSortTest" status="passed">
        <test duration="1" locationUrl="java:test://com.sl.algorithms.sort.finitegroups.DutchNationalFlagSortTest/testDNFSortStrings2c" name="DutchNationalFlagSortTest.testDNFSortStrings2c" status="passed"/>
        <test duration="0" locationUrl="java:test://com.sl.algorithms.sort.finitegroups.DutchNationalFlagSortTest/testDNFSortStrings3c" name="DutchNationalFlagSortTest.testDNFSortStrings3c" status="passed"/>
        <test duration="0" locationUrl="java:test://com.sl.algorithms.sort.finitegroups.DutchNationalFlagSortTest/testDNFSortIntegers" name="DutchNationalFlagSortTest.testDNFSortIntegers" status="passed"/>
    </suite>
    <suite duration="3" locationUrl="java:suite://com.sl.algorithms.sort.finitegroups.ElementMoverTest" name="ElementMoverTest" status="passed">
        <test duration="3" locationUrl="java:test://com.sl.algorithms.sort.finitegroups.ElementMoverTest/testMoveZeroesRight" name="ElementMoverTest.testMoveZeroesRight" status="passed"/>
        <test duration="0" locationUrl="java:test://com.sl.algorithms.sort.finitegroups.ElementMoverTest/testMoveZeroesLeft" name="ElementMoverTest.testMoveZeroesLeft" status="passed"/>
    </suite>
    <suite duration="1" locationUrl="java:suite://com.sl.algorithms.sort.finitegroups.PolishNationalFlagsSortTest" name="PolishNationalFlagsSortTest" status="passed">
        <test duration="1" locationUrl="java:test://com.sl.algorithms.sort.finitegroups.PolishNationalFlagsSortTest/testPNFSort1c" name="PolishNationalFlagsSortTest.testPNFSort1c" status="passed"/>
        <test duration="0" locationUrl="java:test://com.sl.algorithms.sort.finitegroups.PolishNationalFlagsSortTest/testPNFSort2c" name="PolishNationalFlagsSortTest.testPNFSort2c" status="passed"/>
    </suite>
    <suite duration="2" locationUrl="java:suite://com.sl.algorithms.sort.finitegroups.bucketsort.BucketSortTest" name="BucketSortTest" status="ignored">
        <test duration="2" locationUrl="java:test://com.sl.algorithms.sort.finitegroups.bucketsort.BucketSortTest/testFPBucketSort" name="BucketSortTest.testFPBucketSort" status="passed"/>
        <test duration="0" locationUrl="java:test://com.sl.algorithms.sort.finitegroups.bucketsort.BucketSortTest/testFPBucketSortNegativeNumbers" name="BucketSortTest.testFPBucketSortNegativeNumbers" status="ignored"/>
    </suite>
    <suite duration="8" locationUrl="java:suite://com.sl.algorithms.sort.finitegroups.integersorting.IntegerSortingTest" name="IntegerSortingTest" status="passed">
        <test duration="4" locationUrl="java:test://com.sl.algorithms.sort.finitegroups.integersorting.IntegerSortingTest/testCountingSort" name="IntegerSortingTest.testCountingSort" status="passed"/>
        <test duration="4" locationUrl="java:test://com.sl.algorithms.sort.finitegroups.integersorting.IntegerSortingTest/testRadixSort" name="IntegerSortingTest.testRadixSort" status="passed"/>
    </suite>
    <suite duration="22" locationUrl="java:suite://com.sl.algorithms.sort.generalpurpose.SortingTest" name="SortingTest" status="error">
        <test duration="2" locationUrl="java:test://com.sl.algorithms.sort.generalpurpose.SortingTest/testSelectionSort" name="SortingTest.testSelectionSort" status="passed"/>
        <test duration="3" locationUrl="java:test://com.sl.algorithms.sort.generalpurpose.SortingTest/testBubbleSort" name="SortingTest.testBubbleSort" status="passed"/>
        <test duration="6" locationUrl="java:test://com.sl.algorithms.sort.generalpurpose.SortingTest/testMinHeapSort" name="SortingTest.testMinHeapSort" status="passed"/>
        <test duration="1" locationUrl="java:test://com.sl.algorithms.sort.generalpurpose.SortingTest/testMaxHeapSort" name="SortingTest.testMaxHeapSort" status="passed"/>
        <test duration="5" locationUrl="java:test://com.sl.algorithms.sort.generalpurpose.SortingTest/testBottomUpMergeSort" name="SortingTest.testBottomUpMergeSort" status="error">
            <output type="stderr">java.lang.ArrayIndexOutOfBoundsException: 1&#13;
	at com.sl.algorithms.core.list.ListNode.createLinkedList(ListNode.java:55)&#13;
	at com.sl.algorithms.sort.generalpurpose.SortingTest.assertListSort(SortingTest.java:155)&#13;
	at com.sl.algorithms.sort.generalpurpose.SortingTest.testBottomUpMergeSort(SortingTest.java:66)&#13;
	at sun.reflect.NativeMethodAccessorImpl.invoke0(Native Method)&#13;
	at sun.reflect.NativeMethodAccessorImpl.invoke(NativeMethodAccessorImpl.java:62)&#13;
	at sun.reflect.DelegatingMethodAccessorImpl.invoke(DelegatingMethodAccessorImpl.java:43)&#13;
	at java.lang.reflect.Method.invoke(Method.java:498)&#13;
	at org.junit.runners.model.FrameworkMethod$1.runReflectiveCall(FrameworkMethod.java:50)&#13;
	at org.junit.internal.runners.model.ReflectiveCallable.run(ReflectiveCallable.java:12)&#13;
	at org.junit.runners.model.FrameworkMethod.invokeExplosively(FrameworkMethod.java:47)&#13;
	at org.junit.internal.runners.statements.InvokeMethod.evaluate(InvokeMethod.java:17)&#13;
	at org.junit.runners.ParentRunner.runLeaf(ParentRunner.java:325)&#13;
	at org.junit.runners.BlockJUnit4ClassRunner.runChild(BlockJUnit4ClassRunner.java:78)&#13;
	at org.junit.runners.BlockJUnit4ClassRunner.runChild(BlockJUnit4ClassRunner.java:57)&#13;
	at org.junit.runners.ParentRunner$3.run(ParentRunner.java:290)&#13;
	at org.junit.runners.ParentRunner$1.schedule(ParentRunner.java:71)&#13;
	at org.junit.runners.ParentRunner.runChildren(ParentRunner.java:288)&#13;
	at org.junit.runners.ParentRunner.access$000(ParentRunner.java:58)&#13;
	at org.junit.runners.ParentRunner$2.evaluate(ParentRunner.java:268)&#13;
	at org.junit.runners.ParentRunner.run(ParentRunner.java:363)&#13;
	at org.junit.runners.Suite.runChild(Suite.java:128)&#13;
	at org.junit.runners.Suite.runChild(Suite.java:27)&#13;
	at org.junit.runners.ParentRunner$3.run(ParentRunner.java:290)&#13;
	at org.junit.runners.ParentRunner$1.schedule(ParentRunner.java:71)&#13;
	at org.junit.runners.ParentRunner.runChildren(ParentRunner.java:288)&#13;
	at org.junit.runners.ParentRunner.access$000(ParentRunner.java:58)&#13;
	at org.junit.runners.ParentRunner$2.evaluate(ParentRunner.java:268)&#13;
	at org.junit.runners.ParentRunner.run(ParentRunner.java:363)&#13;
	at org.junit.runner.JUnitCore.run(JUnitCore.java:137)&#13;
	at com.intellij.junit4.JUnit4IdeaTestRunner.startRunnerWithArgs(JUnit4IdeaTestRunner.java:69)&#13;
	at com.intellij.rt.junit.IdeaTestRunner$Repeater.startRunnerWithArgs(IdeaTestRunner.java:33)&#13;
	at com.intellij.rt.junit.JUnitStarter.prepareStreamsAndStart(JUnitStarter.java:235)&#13;
	at com.intellij.rt.junit.JUnitStarter.main(JUnitStarter.java:54)&#13;
</output>
        </test>
        <test duration="0" locationUrl="java:test://com.sl.algorithms.sort.generalpurpose.SortingTest/testInsertionSort" name="SortingTest.testInsertionSort" status="error">
            <output type="stderr">java.lang.ArrayIndexOutOfBoundsException: 1&#13;
	at com.sl.algorithms.core.list.ListNode.createLinkedList(ListNode.java:55)&#13;
	at com.sl.algorithms.sort.generalpurpose.SortingTest.assertListSort(SortingTest.java:155)&#13;
	at com.sl.algorithms.sort.generalpurpose.SortingTest.testInsertionSort(SortingTest.java:48)&#13;
	at sun.reflect.NativeMethodAccessorImpl.invoke0(Native Method)&#13;
	at sun.reflect.NativeMethodAccessorImpl.invoke(NativeMethodAccessorImpl.java:62)&#13;
	at sun.reflect.DelegatingMethodAccessorImpl.invoke(DelegatingMethodAccessorImpl.java:43)&#13;
	at java.lang.reflect.Method.invoke(Method.java:498)&#13;
	at org.junit.runners.model.FrameworkMethod$1.runReflectiveCall(FrameworkMethod.java:50)&#13;
	at org.junit.internal.runners.model.ReflectiveCallable.run(ReflectiveCallable.java:12)&#13;
	at org.junit.runners.model.FrameworkMethod.invokeExplosively(FrameworkMethod.java:47)&#13;
	at org.junit.internal.runners.statements.InvokeMethod.evaluate(InvokeMethod.java:17)&#13;
	at org.junit.runners.ParentRunner.runLeaf(ParentRunner.java:325)&#13;
	at org.junit.runners.BlockJUnit4ClassRunner.runChild(BlockJUnit4ClassRunner.java:78)&#13;
	at org.junit.runners.BlockJUnit4ClassRunner.runChild(BlockJUnit4ClassRunner.java:57)&#13;
	at org.junit.runners.ParentRunner$3.run(ParentRunner.java:290)&#13;
	at org.junit.runners.ParentRunner$1.schedule(ParentRunner.java:71)&#13;
	at org.junit.runners.ParentRunner.runChildren(ParentRunner.java:288)&#13;
	at org.junit.runners.ParentRunner.access$000(ParentRunner.java:58)&#13;
	at org.junit.runners.ParentRunner$2.evaluate(ParentRunner.java:268)&#13;
	at org.junit.runners.ParentRunner.run(ParentRunner.java:363)&#13;
	at org.junit.runners.Suite.runChild(Suite.java:128)&#13;
	at org.junit.runners.Suite.runChild(Suite.java:27)&#13;
	at org.junit.runners.ParentRunner$3.run(ParentRunner.java:290)&#13;
	at org.junit.runners.ParentRunner$1.schedule(ParentRunner.java:71)&#13;
	at org.junit.runners.ParentRunner.runChildren(ParentRunner.java:288)&#13;
	at org.junit.runners.ParentRunner.access$000(ParentRunner.java:58)&#13;
	at org.junit.runners.ParentRunner$2.evaluate(ParentRunner.java:268)&#13;
	at org.junit.runners.ParentRunner.run(ParentRunner.java:363)&#13;
	at org.junit.runner.JUnitCore.run(JUnitCore.java:137)&#13;
	at com.intellij.junit4.JUnit4IdeaTestRunner.startRunnerWithArgs(JUnit4IdeaTestRunner.java:69)&#13;
	at com.intellij.rt.junit.IdeaTestRunner$Repeater.startRunnerWithArgs(IdeaTestRunner.java:33)&#13;
	at com.intellij.rt.junit.JUnitStarter.prepareStreamsAndStart(JUnitStarter.java:235)&#13;
	at com.intellij.rt.junit.JUnitStarter.main(JUnitStarter.java:54)&#13;
</output>
        </test>
        <test duration="3" locationUrl="java:test://com.sl.algorithms.sort.generalpurpose.SortingTest/testQuickSort" name="SortingTest.testQuickSort" status="failed">
            <diff actual="[X,A,C,Y,B,Z]" expected="[A,B,C,X,Y,Z]"/>
            <output type="stderr">org.junit.ComparisonFailure: &#13;
	at org.junit.Assert.assertEquals(Assert.java:115)&#13;
	at org.junit.Assert.assertEquals(Assert.java:144)&#13;
	at com.sl.algorithms.sort.generalpurpose.SortingTest.assertSort(SortingTest.java:99)&#13;
	at com.sl.algorithms.sort.generalpurpose.SortingTest.testQuickSort(SortingTest.java:74)&#13;
	at sun.reflect.NativeMethodAccessorImpl.invoke0(Native Method)&#13;
	at sun.reflect.NativeMethodAccessorImpl.invoke(NativeMethodAccessorImpl.java:62)&#13;
	at sun.reflect.DelegatingMethodAccessorImpl.invoke(DelegatingMethodAccessorImpl.java:43)&#13;
	at java.lang.reflect.Method.invoke(Method.java:498)&#13;
	at org.junit.runners.model.FrameworkMethod$1.runReflectiveCall(FrameworkMethod.java:50)&#13;
	at org.junit.internal.runners.model.ReflectiveCallable.run(ReflectiveCallable.java:12)&#13;
	at org.junit.runners.model.FrameworkMethod.invokeExplosively(FrameworkMethod.java:47)&#13;
	at org.junit.internal.runners.statements.InvokeMethod.evaluate(InvokeMethod.java:17)&#13;
	at org.junit.runners.ParentRunner.runLeaf(ParentRunner.java:325)&#13;
	at org.junit.runners.BlockJUnit4ClassRunner.runChild(BlockJUnit4ClassRunner.java:78)&#13;
	at org.junit.runners.BlockJUnit4ClassRunner.runChild(BlockJUnit4ClassRunner.java:57)&#13;
	at org.junit.runners.ParentRunner$3.run(ParentRunner.java:290)&#13;
	at org.junit.runners.ParentRunner$1.schedule(ParentRunner.java:71)&#13;
	at org.junit.runners.ParentRunner.runChildren(ParentRunner.java:288)&#13;
	at org.junit.runners.ParentRunner.access$000(ParentRunner.java:58)&#13;
	at org.junit.runners.ParentRunner$2.evaluate(ParentRunner.java:268)&#13;
	at org.junit.runners.ParentRunner.run(ParentRunner.java:363)&#13;
	at org.junit.runners.Suite.runChild(Suite.java:128)&#13;
	at org.junit.runners.Suite.runChild(Suite.java:27)&#13;
	at org.junit.runners.ParentRunner$3.run(ParentRunner.java:290)&#13;
	at org.junit.runners.ParentRunner$1.schedule(ParentRunner.java:71)&#13;
	at org.junit.runners.ParentRunner.runChildren(ParentRunner.java:288)&#13;
	at org.junit.runners.ParentRunner.access$000(ParentRunner.java:58)&#13;
	at org.junit.runners.ParentRunner$2.evaluate(ParentRunner.java:268)&#13;
	at org.junit.runners.ParentRunner.run(ParentRunner.java:363)&#13;
	at org.junit.runner.JUnitCore.run(JUnitCore.java:137)&#13;
	at com.intellij.junit4.JUnit4IdeaTestRunner.startRunnerWithArgs(JUnit4IdeaTestRunner.java:69)&#13;
	at com.intellij.rt.junit.IdeaTestRunner$Repeater.startRunnerWithArgs(IdeaTestRunner.java:33)&#13;
	at com.intellij.rt.junit.JUnitStarter.prepareStreamsAndStart(JUnitStarter.java:235)&#13;
	at com.intellij.rt.junit.JUnitStarter.main(JUnitStarter.java:54)&#13;
</output>
        </test>
        <test duration="2" locationUrl="java:test://com.sl.algorithms.sort.generalpurpose.SortingTest/testTopDownMergeSort" name="SortingTest.testTopDownMergeSort" status="error">
            <output type="stderr">java.lang.ArrayIndexOutOfBoundsException: 1&#13;
	at com.sl.algorithms.core.list.ListNode.createLinkedList(ListNode.java:55)&#13;
	at com.sl.algorithms.sort.generalpurpose.SortingTest.assertListSort(SortingTest.java:155)&#13;
	at com.sl.algorithms.sort.generalpurpose.SortingTest.testTopDownMergeSort(SortingTest.java:57)&#13;
	at sun.reflect.NativeMethodAccessorImpl.invoke0(Native Method)&#13;
	at sun.reflect.NativeMethodAccessorImpl.invoke(NativeMethodAccessorImpl.java:62)&#13;
	at sun.reflect.DelegatingMethodAccessorImpl.invoke(DelegatingMethodAccessorImpl.java:43)&#13;
	at java.lang.reflect.Method.invoke(Method.java:498)&#13;
	at org.junit.runners.model.FrameworkMethod$1.runReflectiveCall(FrameworkMethod.java:50)&#13;
	at org.junit.internal.runners.model.ReflectiveCallable.run(ReflectiveCallable.java:12)&#13;
	at org.junit.runners.model.FrameworkMethod.invokeExplosively(FrameworkMethod.java:47)&#13;
	at org.junit.internal.runners.statements.InvokeMethod.evaluate(InvokeMethod.java:17)&#13;
	at org.junit.runners.ParentRunner.runLeaf(ParentRunner.java:325)&#13;
	at org.junit.runners.BlockJUnit4ClassRunner.runChild(BlockJUnit4ClassRunner.java:78)&#13;
	at org.junit.runners.BlockJUnit4ClassRunner.runChild(BlockJUnit4ClassRunner.java:57)&#13;
	at org.junit.runners.ParentRunner$3.run(ParentRunner.java:290)&#13;
	at org.junit.runners.ParentRunner$1.schedule(ParentRunner.java:71)&#13;
	at org.junit.runners.ParentRunner.runChildren(ParentRunner.java:288)&#13;
	at org.junit.runners.ParentRunner.access$000(ParentRunner.java:58)&#13;
	at org.junit.runners.ParentRunner$2.evaluate(ParentRunner.java:268)&#13;
	at org.junit.runners.ParentRunner.run(ParentRunner.java:363)&#13;
	at org.junit.runners.Suite.runChild(Suite.java:128)&#13;
	at org.junit.runners.Suite.runChild(Suite.java:27)&#13;
	at org.junit.runners.ParentRunner$3.run(ParentRunner.java:290)&#13;
	at org.junit.runners.ParentRunner$1.schedule(ParentRunner.java:71)&#13;
	at org.junit.runners.ParentRunner.runChildren(ParentRunner.java:288)&#13;
	at org.junit.runners.ParentRunner.access$000(ParentRunner.java:58)&#13;
	at org.junit.runners.ParentRunner$2.evaluate(ParentRunner.java:268)&#13;
	at org.junit.runners.ParentRunner.run(ParentRunner.java:363)&#13;
	at org.junit.runner.JUnitCore.run(JUnitCore.java:137)&#13;
	at com.intellij.junit4.JUnit4IdeaTestRunner.startRunnerWithArgs(JUnit4IdeaTestRunner.java:69)&#13;
	at com.intellij.rt.junit.IdeaTestRunner$Repeater.startRunnerWithArgs(IdeaTestRunner.java:33)&#13;
	at com.intellij.rt.junit.JUnitStarter.prepareStreamsAndStart(JUnitStarter.java:235)&#13;
	at com.intellij.rt.junit.JUnitStarter.main(JUnitStarter.java:54)&#13;
</output>
        </test>
    </suite>
</testrun>
